<?xml version="1.0" encoding="UTF-8"?>
<coverage generated="1726126459734" clover="3.2.0">
  <project timestamp="1726126459735" name="All files">
    <metrics statements="816" coveredstatements="655" conditionals="271" coveredconditionals="174" methods="80" coveredmethods="68" elements="1167" coveredelements="897" complexity="0" loc="816" ncloc="816" packages="24" files="89" classes="89"/>
    <package name="src">
      <metrics statements="18" coveredstatements="18" conditionals="0" coveredconditionals="0" methods="2" coveredmethods="2"/>
      <file name="app.js" path="D:\FSD Projects\chat-application\src\app.js">
        <metrics statements="18" coveredstatements="18" conditionals="0" coveredconditionals="0" methods="2" coveredmethods="2"/>
        <line num="1" count="13" type="stmt"/>
        <line num="2" count="13" type="stmt"/>
        <line num="3" count="13" type="stmt"/>
        <line num="4" count="13" type="stmt"/>
        <line num="5" count="13" type="stmt"/>
        <line num="7" count="13" type="stmt"/>
        <line num="9" count="13" type="stmt"/>
        <line num="11" count="13" type="stmt"/>
        <line num="13" count="13" type="stmt"/>
        <line num="15" count="13" type="stmt"/>
        <line num="16" count="80" type="stmt"/>
        <line num="17" count="80" type="stmt"/>
        <line num="18" count="80" type="stmt"/>
        <line num="19" count="80" type="stmt"/>
        <line num="27" count="80" type="stmt"/>
        <line num="30" count="13" type="stmt"/>
        <line num="32" count="13" type="stmt"/>
        <line num="34" count="13" type="stmt"/>
      </file>
    </package>
    <package name="src.api">
      <metrics statements="11" coveredstatements="11" conditionals="0" coveredconditionals="0" methods="0" coveredmethods="0"/>
      <file name="index.js" path="D:\FSD Projects\chat-application\src\api\index.js">
        <metrics statements="11" coveredstatements="11" conditionals="0" coveredconditionals="0" methods="0" coveredmethods="0"/>
        <line num="1" count="13" type="stmt"/>
        <line num="3" count="13" type="stmt"/>
        <line num="5" count="13" type="stmt"/>
        <line num="6" count="13" type="stmt"/>
        <line num="7" count="13" type="stmt"/>
        <line num="8" count="13" type="stmt"/>
        <line num="10" count="13" type="stmt"/>
        <line num="11" count="13" type="stmt"/>
        <line num="12" count="13" type="stmt"/>
        <line num="13" count="13" type="stmt"/>
        <line num="15" count="13" type="stmt"/>
      </file>
    </package>
    <package name="src.api.middlewares">
      <metrics statements="1" coveredstatements="1" conditionals="0" coveredconditionals="0" methods="0" coveredmethods="0"/>
      <file name="index.js" path="D:\FSD Projects\chat-application\src\api\middlewares\index.js">
        <metrics statements="1" coveredstatements="1" conditionals="0" coveredconditionals="0" methods="0" coveredmethods="0"/>
        <line num="1" count="13" type="stmt"/>
      </file>
    </package>
    <package name="src.api.middlewares.auth">
      <metrics statements="34" coveredstatements="29" conditionals="25" coveredconditionals="19" methods="5" coveredmethods="5"/>
      <file name="index.js" path="D:\FSD Projects\chat-application\src\api\middlewares\auth\index.js">
        <metrics statements="24" coveredstatements="20" conditionals="17" coveredconditionals="15" methods="3" coveredmethods="3"/>
        <line num="1" count="13" type="stmt"/>
        <line num="2" count="13" type="stmt"/>
        <line num="3" count="13" type="stmt"/>
        <line num="6" count="13" type="stmt"/>
        <line num="9" count="69" type="cond" truecount="2" falsecount="0"/>
        <line num="10" count="69" type="cond" truecount="4" falsecount="0"/>
        <line num="11" count="12" type="stmt"/>
        <line num="16" count="57" type="cond" truecount="2" falsecount="0"/>
        <line num="17" count="57" type="cond" truecount="1" falsecount="1"/>
        <line num="18" count="0" type="stmt"/>
        <line num="22" count="57" type="stmt"/>
        <line num="23" count="57" type="stmt"/>
        <line num="24" count="57" type="cond" truecount="4" falsecount="1"/>
        <line num="25" count="0" type="stmt"/>
        <line num="29" count="57" type="stmt"/>
        <line num="30" count="57" type="stmt"/>
        <line num="32" count="0" type="stmt"/>
        <line num="33" count="0" type="stmt"/>
        <line num="40" count="13" type="stmt"/>
        <line num="41" count="13" type="stmt"/>
        <line num="42" count="13" type="cond" truecount="2" falsecount="0"/>
        <line num="43" count="3" type="stmt"/>
        <line num="48" count="10" type="stmt"/>
        <line num="52" count="13" type="stmt"/>
      </file>
      <file name="services.js" path="D:\FSD Projects\chat-application\src\api\middlewares\auth\services.js">
        <metrics statements="10" coveredstatements="9" conditionals="8" coveredconditionals="4" methods="2" coveredmethods="2"/>
        <line num="1" count="13" type="stmt"/>
        <line num="3" count="13" type="stmt"/>
        <line num="6" count="13" type="stmt"/>
        <line num="7" count="22" type="stmt"/>
        <line num="16" count="13" type="stmt"/>
        <line num="17" count="57" type="stmt"/>
        <line num="18" count="57" type="stmt"/>
        <line num="23" count="57" type="stmt"/>
        <line num="25" count="0" type="stmt"/>
        <line num="29" count="13" type="stmt"/>
      </file>
    </package>
    <package name="src.api.routes.admin">
      <metrics statements="8" coveredstatements="8" conditionals="0" coveredconditionals="0" methods="0" coveredmethods="0"/>
      <file name="index.js" path="D:\FSD Projects\chat-application\src\api\routes\admin\index.js">
        <metrics statements="8" coveredstatements="8" conditionals="0" coveredconditionals="0" methods="0" coveredmethods="0"/>
        <line num="1" count="13" type="stmt"/>
        <line num="3" count="13" type="stmt"/>
        <line num="5" count="13" type="stmt"/>
        <line num="7" count="13" type="stmt"/>
        <line num="9" count="13" type="stmt"/>
        <line num="16" count="13" type="stmt"/>
        <line num="23" count="13" type="stmt"/>
        <line num="30" count="13" type="stmt"/>
      </file>
    </package>
    <package name="src.api.routes.admin.controllers">
      <metrics statements="25" coveredstatements="19" conditionals="0" coveredconditionals="0" methods="3" coveredmethods="3"/>
      <file name="editUserDetails.js" path="D:\FSD Projects\chat-application\src\api\routes\admin\controllers\editUserDetails.js">
        <metrics statements="8" coveredstatements="6" conditionals="0" coveredconditionals="0" methods="1" coveredmethods="1"/>
        <line num="1" count="13" type="stmt"/>
        <line num="2" count="13" type="stmt"/>
        <line num="4" count="13" type="stmt"/>
        <line num="5" count="4" type="stmt"/>
        <line num="6" count="4" type="stmt"/>
        <line num="8" count="0" type="stmt"/>
        <line num="9" count="0" type="stmt"/>
        <line num="16" count="13" type="stmt"/>
      </file>
      <file name="index.js" path="D:\FSD Projects\chat-application\src\api\routes\admin\controllers\index.js">
        <metrics statements="1" coveredstatements="1" conditionals="0" coveredconditionals="0" methods="0" coveredmethods="0"/>
        <line num="1" count="13" type="stmt"/>
      </file>
      <file name="registerUser.js" path="D:\FSD Projects\chat-application\src\api\routes\admin\controllers\registerUser.js">
        <metrics statements="8" coveredstatements="6" conditionals="0" coveredconditionals="0" methods="1" coveredmethods="1"/>
        <line num="1" count="13" type="stmt"/>
        <line num="2" count="13" type="stmt"/>
        <line num="4" count="13" type="stmt"/>
        <line num="5" count="3" type="stmt"/>
        <line num="6" count="3" type="stmt"/>
        <line num="8" count="0" type="stmt"/>
        <line num="9" count="0" type="stmt"/>
        <line num="16" count="13" type="stmt"/>
      </file>
      <file name="revokeUserAccess.js" path="D:\FSD Projects\chat-application\src\api\routes\admin\controllers\revokeUserAccess.js">
        <metrics statements="8" coveredstatements="6" conditionals="0" coveredconditionals="0" methods="1" coveredmethods="1"/>
        <line num="1" count="13" type="stmt"/>
        <line num="2" count="13" type="stmt"/>
        <line num="4" count="13" type="stmt"/>
        <line num="5" count="3" type="stmt"/>
        <line num="6" count="3" type="stmt"/>
        <line num="8" count="0" type="stmt"/>
        <line num="9" count="0" type="stmt"/>
        <line num="16" count="13" type="stmt"/>
      </file>
    </package>
    <package name="src.api.routes.admin.services">
      <metrics statements="101" coveredstatements="72" conditionals="46" coveredconditionals="32" methods="3" coveredmethods="3"/>
      <file name="editUserDetails.js" path="D:\FSD Projects\chat-application\src\api\routes\admin\services\editUserDetails.js">
        <metrics statements="38" coveredstatements="34" conditionals="20" coveredconditionals="17" methods="1" coveredmethods="1"/>
        <line num="1" count="13" type="stmt"/>
        <line num="2" count="13" type="stmt"/>
        <line num="3" count="13" type="stmt"/>
        <line num="4" count="13" type="stmt"/>
        <line num="5" count="13" type="stmt"/>
        <line num="8" count="13" type="stmt"/>
        <line num="11" count="13" type="stmt"/>
        <line num="13" count="13" type="stmt"/>
        <line num="14" count="4" type="stmt"/>
        <line num="15" count="4" type="stmt"/>
        <line num="16" count="4" type="cond" truecount="4" falsecount="0"/>
        <line num="17" count="1" type="stmt"/>
        <line num="22" count="3" type="stmt"/>
        <line num="23" count="3" type="stmt"/>
        <line num="24" count="3" type="cond" truecount="2" falsecount="0"/>
        <line num="25" count="1" type="stmt"/>
        <line num="30" count="2" type="stmt"/>
        <line num="31" count="2" type="stmt"/>
        <line num="32" count="4" type="cond" truecount="1" falsecount="1"/>
        <line num="33" count="0" type="stmt"/>
        <line num="38" count="4" type="cond" truecount="2" falsecount="0"/>
        <line num="39" count="1" type="stmt"/>
        <line num="40" count="1" type="stmt"/>
        <line num="41" count="1" type="cond" truecount="3" falsecount="1"/>
        <line num="42" count="1" type="stmt"/>
        <line num="48" count="3" type="cond" truecount="2" falsecount="0"/>
        <line num="49" count="1" type="stmt"/>
        <line num="50" count="1" type="stmt"/>
        <line num="52" count="2" type="stmt"/>
        <line num="55" count="1" type="stmt"/>
        <line num="56" count="1" type="stmt"/>
        <line num="57" count="1" type="stmt"/>
        <line num="58" count="1" type="cond" truecount="3" falsecount="1"/>
        <line num="59" count="0" type="stmt"/>
        <line num="61" count="1" type="stmt"/>
        <line num="66" count="0" type="stmt"/>
        <line num="67" count="0" type="stmt"/>
        <line num="74" count="13" type="stmt"/>
      </file>
      <file name="index.js" path="D:\FSD Projects\chat-application\src\api\routes\admin\services\index.js">
        <metrics statements="1" coveredstatements="1" conditionals="0" coveredconditionals="0" methods="0" coveredmethods="0"/>
        <line num="1" count="13" type="stmt"/>
      </file>
      <file name="registerUser.js" path="D:\FSD Projects\chat-application\src\api\routes\admin\services\registerUser.js">
        <metrics statements="38" coveredstatements="23" conditionals="18" coveredconditionals="12" methods="1" coveredmethods="1"/>
        <line num="1" count="13" type="stmt"/>
        <line num="2" count="13" type="stmt"/>
        <line num="3" count="13" type="stmt"/>
        <line num="4" count="13" type="stmt"/>
        <line num="5" count="13" type="stmt"/>
        <line num="8" count="13" type="stmt"/>
        <line num="11" count="13" type="stmt"/>
        <line num="13" count="13" type="stmt"/>
        <line num="14" count="3" type="stmt"/>
        <line num="15" count="3" type="stmt"/>
        <line num="16" count="3" type="cond" truecount="6" falsecount="0"/>
        <line num="17" count="1" type="stmt"/>
        <line num="22" count="2" type="stmt"/>
        <line num="24" count="2" type="stmt"/>
        <line num="26" count="2" type="cond" truecount="4" falsecount="0"/>
        <line num="27" count="1" type="stmt"/>
        <line num="33" count="1" type="cond" truecount="1" falsecount="1"/>
        <line num="34" count="1" type="stmt"/>
        <line num="39" count="0" type="stmt"/>
        <line num="40" count="0" type="stmt"/>
        <line num="41" count="0" type="stmt"/>
        <line num="42" count="0" type="stmt"/>
        <line num="43" count="0" type="stmt"/>
        <line num="44" count="0" type="stmt"/>
        <line num="45" count="0" type="stmt"/>
        <line num="46" count="0" type="stmt"/>
        <line num="47" count="0" type="stmt"/>
        <line num="48" count="0" type="cond" truecount="0" falsecount="4"/>
        <line num="49" count="0" type="stmt"/>
        <line num="51" count="0" type="stmt"/>
        <line num="59" count="1" type="stmt"/>
        <line num="60" count="1" type="stmt"/>
        <line num="67" count="1" type="cond" truecount="1" falsecount="1"/>
        <line num="68" count="0" type="stmt"/>
        <line num="70" count="1" type="stmt"/>
        <line num="75" count="0" type="stmt"/>
        <line num="76" count="0" type="stmt"/>
        <line num="83" count="13" type="stmt"/>
      </file>
      <file name="revokeUserAccess.js" path="D:\FSD Projects\chat-application\src\api\routes\admin\services\revokeUserAccess.js">
        <metrics statements="24" coveredstatements="14" conditionals="8" coveredconditionals="3" methods="1" coveredmethods="1"/>
        <line num="1" count="13" type="stmt"/>
        <line num="2" count="13" type="stmt"/>
        <line num="3" count="13" type="stmt"/>
        <line num="4" count="13" type="stmt"/>
        <line num="6" count="13" type="stmt"/>
        <line num="7" count="3" type="stmt"/>
        <line num="8" count="3" type="stmt"/>
        <line num="9" count="3" type="cond" truecount="2" falsecount="0"/>
        <line num="10" count="1" type="stmt"/>
        <line num="15" count="2" type="stmt"/>
        <line num="16" count="2" type="stmt"/>
        <line num="17" count="2" type="cond" truecount="1" falsecount="1"/>
        <line num="18" count="2" type="stmt"/>
        <line num="23" count="0" type="stmt"/>
        <line num="24" count="0" type="stmt"/>
        <line num="25" count="0" type="stmt"/>
        <line num="26" count="0" type="stmt"/>
        <line num="27" count="0" type="stmt"/>
        <line num="28" count="0" type="cond" truecount="0" falsecount="4"/>
        <line num="29" count="0" type="stmt"/>
        <line num="31" count="0" type="stmt"/>
        <line num="36" count="0" type="stmt"/>
        <line num="37" count="0" type="stmt"/>
        <line num="44" count="13" type="stmt"/>
      </file>
    </package>
    <package name="src.api.routes.admin.tests">
      <metrics statements="3" coveredstatements="3" conditionals="0" coveredconditionals="0" methods="0" coveredmethods="0"/>
      <file name="editUserDetails.test.constants.js" path="D:\FSD Projects\chat-application\src\api\routes\admin\tests\editUserDetails.test.constants.js">
        <metrics statements="1" coveredstatements="1" conditionals="0" coveredconditionals="0" methods="0" coveredmethods="0"/>
        <line num="1" count="1" type="stmt"/>
      </file>
      <file name="registerUser.test.constants.js" path="D:\FSD Projects\chat-application\src\api\routes\admin\tests\registerUser.test.constants.js">
        <metrics statements="1" coveredstatements="1" conditionals="0" coveredconditionals="0" methods="0" coveredmethods="0"/>
        <line num="1" count="1" type="stmt"/>
      </file>
      <file name="revokeUserAccess.test.constants.js" path="D:\FSD Projects\chat-application\src\api\routes\admin\tests\revokeUserAccess.test.constants.js">
        <metrics statements="1" coveredstatements="1" conditionals="0" coveredconditionals="0" methods="0" coveredmethods="0"/>
        <line num="1" count="1" type="stmt"/>
      </file>
    </package>
    <package name="src.api.routes.auth">
      <metrics statements="5" coveredstatements="5" conditionals="0" coveredconditionals="0" methods="0" coveredmethods="0"/>
      <file name="index.js" path="D:\FSD Projects\chat-application\src\api\routes\auth\index.js">
        <metrics statements="5" coveredstatements="5" conditionals="0" coveredconditionals="0" methods="0" coveredmethods="0"/>
        <line num="1" count="13" type="stmt"/>
        <line num="3" count="13" type="stmt"/>
        <line num="5" count="13" type="stmt"/>
        <line num="7" count="13" type="stmt"/>
        <line num="9" count="13" type="stmt"/>
      </file>
    </package>
    <package name="src.api.routes.auth.controllers">
      <metrics statements="9" coveredstatements="7" conditionals="0" coveredconditionals="0" methods="1" coveredmethods="1"/>
      <file name="index.js" path="D:\FSD Projects\chat-application\src\api\routes\auth\controllers\index.js">
        <metrics statements="1" coveredstatements="1" conditionals="0" coveredconditionals="0" methods="0" coveredmethods="0"/>
        <line num="1" count="13" type="stmt"/>
      </file>
      <file name="loginUser.js" path="D:\FSD Projects\chat-application\src\api\routes\auth\controllers\loginUser.js">
        <metrics statements="8" coveredstatements="6" conditionals="0" coveredconditionals="0" methods="1" coveredmethods="1"/>
        <line num="1" count="13" type="stmt"/>
        <line num="2" count="13" type="stmt"/>
        <line num="4" count="13" type="stmt"/>
        <line num="5" count="24" type="stmt"/>
        <line num="6" count="24" type="stmt"/>
        <line num="8" count="0" type="stmt"/>
        <line num="9" count="0" type="stmt"/>
        <line num="16" count="13" type="stmt"/>
      </file>
    </package>
    <package name="src.api.routes.auth.services">
      <metrics statements="23" coveredstatements="20" conditionals="8" coveredconditionals="6" methods="1" coveredmethods="1"/>
      <file name="index.js" path="D:\FSD Projects\chat-application\src\api\routes\auth\services\index.js">
        <metrics statements="1" coveredstatements="1" conditionals="0" coveredconditionals="0" methods="0" coveredmethods="0"/>
        <line num="1" count="13" type="stmt"/>
      </file>
      <file name="loginUser.js" path="D:\FSD Projects\chat-application\src\api\routes\auth\services\loginUser.js">
        <metrics statements="22" coveredstatements="19" conditionals="8" coveredconditionals="6" methods="1" coveredmethods="1"/>
        <line num="1" count="13" type="stmt"/>
        <line num="5" count="13" type="stmt"/>
        <line num="6" count="13" type="stmt"/>
        <line num="7" count="13" type="stmt"/>
        <line num="9" count="13" type="stmt"/>
        <line num="10" count="24" type="stmt"/>
        <line num="11" count="24" type="stmt"/>
        <line num="12" count="24" type="stmt"/>
        <line num="13" count="24" type="cond" truecount="2" falsecount="0"/>
        <line num="14" count="1" type="stmt"/>
        <line num="15" count="1" type="stmt"/>
        <line num="21" count="23" type="stmt"/>
        <line num="25" count="23" type="cond" truecount="2" falsecount="0"/>
        <line num="26" count="1" type="stmt"/>
        <line num="33" count="22" type="stmt"/>
        <line num="37" count="22" type="stmt"/>
        <line num="38" count="22" type="cond" truecount="1" falsecount="1"/>
        <line num="39" count="0" type="stmt"/>
        <line num="41" count="22" type="stmt"/>
        <line num="47" count="0" type="stmt"/>
        <line num="48" count="0" type="stmt"/>
        <line num="55" count="13" type="stmt"/>
      </file>
    </package>
    <package name="src.api.routes.auth.tests">
      <metrics statements="1" coveredstatements="1" conditionals="0" coveredconditionals="0" methods="0" coveredmethods="0"/>
      <file name="login.test.constants.js" path="D:\FSD Projects\chat-application\src\api\routes\auth\tests\login.test.constants.js">
        <metrics statements="1" coveredstatements="1" conditionals="0" coveredconditionals="0" methods="0" coveredmethods="0"/>
        <line num="1" count="1" type="stmt"/>
      </file>
    </package>
    <package name="src.api.routes.groups">
      <metrics statements="11" coveredstatements="11" conditionals="0" coveredconditionals="0" methods="0" coveredmethods="0"/>
      <file name="index.js" path="D:\FSD Projects\chat-application\src\api\routes\groups\index.js">
        <metrics statements="11" coveredstatements="11" conditionals="0" coveredconditionals="0" methods="0" coveredmethods="0"/>
        <line num="1" count="13" type="stmt"/>
        <line num="10" count="13" type="stmt"/>
        <line num="12" count="13" type="stmt"/>
        <line num="14" count="13" type="stmt"/>
        <line num="16" count="13" type="stmt"/>
        <line num="18" count="13" type="stmt"/>
        <line num="20" count="13" type="stmt"/>
        <line num="22" count="13" type="stmt"/>
        <line num="24" count="13" type="stmt"/>
        <line num="26" count="13" type="stmt"/>
        <line num="28" count="13" type="stmt"/>
      </file>
    </package>
    <package name="src.api.routes.groups.controllers">
      <metrics statements="49" coveredstatements="37" conditionals="0" coveredconditionals="0" methods="6" coveredmethods="6"/>
      <file name="addMembersToGroup.js" path="D:\FSD Projects\chat-application\src\api\routes\groups\controllers\addMembersToGroup.js">
        <metrics statements="8" coveredstatements="6" conditionals="0" coveredconditionals="0" methods="1" coveredmethods="1"/>
        <line num="1" count="13" type="stmt"/>
        <line num="2" count="13" type="stmt"/>
        <line num="4" count="13" type="stmt"/>
        <line num="5" count="5" type="stmt"/>
        <line num="6" count="5" type="stmt"/>
        <line num="8" count="0" type="stmt"/>
        <line num="9" count="0" type="stmt"/>
        <line num="16" count="13" type="stmt"/>
      </file>
      <file name="createGroup.js" path="D:\FSD Projects\chat-application\src\api\routes\groups\controllers\createGroup.js">
        <metrics statements="8" coveredstatements="6" conditionals="0" coveredconditionals="0" methods="1" coveredmethods="1"/>
        <line num="1" count="13" type="stmt"/>
        <line num="2" count="13" type="stmt"/>
        <line num="4" count="13" type="stmt"/>
        <line num="5" count="2" type="stmt"/>
        <line num="6" count="2" type="stmt"/>
        <line num="8" count="0" type="stmt"/>
        <line num="9" count="0" type="stmt"/>
        <line num="16" count="13" type="stmt"/>
      </file>
      <file name="deleteGroup.js" path="D:\FSD Projects\chat-application\src\api\routes\groups\controllers\deleteGroup.js">
        <metrics statements="8" coveredstatements="6" conditionals="0" coveredconditionals="0" methods="1" coveredmethods="1"/>
        <line num="1" count="13" type="stmt"/>
        <line num="2" count="13" type="stmt"/>
        <line num="4" count="13" type="stmt"/>
        <line num="5" count="4" type="stmt"/>
        <line num="6" count="4" type="stmt"/>
        <line num="8" count="0" type="stmt"/>
        <line num="9" count="0" type="stmt"/>
        <line num="16" count="13" type="stmt"/>
      </file>
      <file name="index.js" path="D:\FSD Projects\chat-application\src\api\routes\groups\controllers\index.js">
        <metrics statements="1" coveredstatements="1" conditionals="0" coveredconditionals="0" methods="0" coveredmethods="0"/>
        <line num="1" count="13" type="stmt"/>
      </file>
      <file name="listAllGroups.js" path="D:\FSD Projects\chat-application\src\api\routes\groups\controllers\listAllGroups.js">
        <metrics statements="8" coveredstatements="6" conditionals="0" coveredconditionals="0" methods="1" coveredmethods="1"/>
        <line num="1" count="13" type="stmt"/>
        <line num="2" count="13" type="stmt"/>
        <line num="4" count="13" type="stmt"/>
        <line num="5" count="1" type="stmt"/>
        <line num="6" count="1" type="stmt"/>
        <line num="8" count="0" type="stmt"/>
        <line num="9" count="0" type="stmt"/>
        <line num="16" count="13" type="stmt"/>
      </file>
      <file name="removeMemberFromGroup.js" path="D:\FSD Projects\chat-application\src\api\routes\groups\controllers\removeMemberFromGroup.js">
        <metrics statements="8" coveredstatements="6" conditionals="0" coveredconditionals="0" methods="1" coveredmethods="1"/>
        <line num="1" count="13" type="stmt"/>
        <line num="2" count="13" type="stmt"/>
        <line num="4" count="13" type="stmt"/>
        <line num="5" count="5" type="stmt"/>
        <line num="6" count="5" type="stmt"/>
        <line num="8" count="0" type="stmt"/>
        <line num="9" count="0" type="stmt"/>
        <line num="16" count="13" type="stmt"/>
      </file>
      <file name="searchGroupByName.js" path="D:\FSD Projects\chat-application\src\api\routes\groups\controllers\searchGroupByName.js">
        <metrics statements="8" coveredstatements="6" conditionals="0" coveredconditionals="0" methods="1" coveredmethods="1"/>
        <line num="1" count="13" type="stmt"/>
        <line num="2" count="13" type="stmt"/>
        <line num="4" count="13" type="stmt"/>
        <line num="5" count="4" type="stmt"/>
        <line num="6" count="4" type="stmt"/>
        <line num="8" count="0" type="stmt"/>
        <line num="9" count="0" type="stmt"/>
        <line num="16" count="13" type="stmt"/>
      </file>
    </package>
    <package name="src.api.routes.groups.services">
      <metrics statements="164" coveredstatements="129" conditionals="73" coveredconditionals="52" methods="10" coveredmethods="10"/>
      <file name="addMembersToGroup.js" path="D:\FSD Projects\chat-application\src\api\routes\groups\services\addMembersToGroup.js">
        <metrics statements="48" coveredstatements="38" conditionals="23" coveredconditionals="20" methods="3" coveredmethods="3"/>
        <line num="1" count="13" type="stmt"/>
        <line num="4" count="13" type="stmt"/>
        <line num="7" count="13" type="stmt"/>
        <line num="10" count="13" type="stmt"/>
        <line num="13" count="13" type="stmt"/>
        <line num="15" count="13" type="stmt"/>
        <line num="16" count="16" type="stmt"/>
        <line num="17" count="16" type="cond" truecount="4" falsecount="0"/>
        <line num="18" count="10" type="stmt"/>
        <line num="21" count="13" type="stmt"/>
        <line num="22" count="5" type="stmt"/>
        <line num="23" count="5" type="stmt"/>
        <line num="24" count="5" type="stmt"/>
        <line num="25" count="5" type="cond" truecount="1" falsecount="1"/>
        <line num="26" count="0" type="stmt"/>
        <line num="31" count="5" type="cond" truecount="4" falsecount="0"/>
        <line num="32" count="1" type="stmt"/>
        <line num="37" count="4" type="stmt"/>
        <line num="38" count="4" type="stmt"/>
        <line num="40" count="4" type="cond" truecount="2" falsecount="0"/>
        <line num="41" count="1" type="stmt"/>
        <line num="48" count="3" type="stmt"/>
        <line num="49" count="3" type="cond" truecount="2" falsecount="0"/>
        <line num="54" count="1" type="stmt"/>
        <line num="60" count="2" type="stmt"/>
        <line num="61" count="2" type="stmt"/>
        <line num="62" count="2" type="stmt"/>
        <line num="63" count="18" type="stmt"/>
        <line num="65" count="2" type="stmt"/>
        <line num="66" count="2" type="stmt"/>
        <line num="67" count="5" type="cond" truecount="2" falsecount="0"/>
        <line num="68" count="1" type="stmt"/>
        <line num="74" count="4" type="stmt"/>
        <line num="75" count="4" type="cond" truecount="1" falsecount="1"/>
        <line num="76" count="4" type="stmt"/>
        <line num="78" count="0" type="stmt"/>
        <line num="79" count="0" type="stmt"/>
        <line num="80" count="0" type="stmt"/>
        <line num="81" count="0" type="stmt"/>
        <line num="82" count="0" type="stmt"/>
        <line num="83" count="0" type="stmt"/>
        <line num="85" count="1" type="stmt"/>
        <line num="86" count="1" type="cond" truecount="1" falsecount="1"/>
        <line num="87" count="0" type="stmt"/>
        <line num="89" count="1" type="stmt"/>
        <line num="94" count="0" type="stmt"/>
        <line num="95" count="0" type="stmt"/>
        <line num="102" count="13" type="stmt"/>
      </file>
      <file name="createGroup.js" path="D:\FSD Projects\chat-application\src\api\routes\groups\services\createGroup.js">
        <metrics statements="21" coveredstatements="17" conditionals="6" coveredconditionals="4" methods="1" coveredmethods="1"/>
        <line num="1" count="13" type="stmt"/>
        <line num="4" count="13" type="stmt"/>
        <line num="7" count="13" type="stmt"/>
        <line num="8" count="13" type="stmt"/>
        <line num="10" count="13" type="stmt"/>
        <line num="11" count="2" type="stmt"/>
        <line num="12" count="2" type="stmt"/>
        <line num="13" count="2" type="cond" truecount="2" falsecount="0"/>
        <line num="14" count="1" type="stmt"/>
        <line num="19" count="1" type="stmt"/>
        <line num="20" count="1" type="stmt"/>
        <line num="21" count="1" type="cond" truecount="1" falsecount="1"/>
        <line num="22" count="0" type="stmt"/>
        <line num="24" count="1" type="stmt"/>
        <line num="25" count="1" type="stmt"/>
        <line num="33" count="1" type="cond" truecount="1" falsecount="1"/>
        <line num="34" count="0" type="stmt"/>
        <line num="36" count="1" type="stmt"/>
        <line num="41" count="0" type="stmt"/>
        <line num="42" count="0" type="stmt"/>
        <line num="49" count="13" type="stmt"/>
      </file>
      <file name="deleteGroup.js" path="D:\FSD Projects\chat-application\src\api\routes\groups\services\deleteGroup.js">
        <metrics statements="25" coveredstatements="16" conditionals="16" coveredconditionals="7" methods="1" coveredmethods="1"/>
        <line num="1" count="13" type="stmt"/>
        <line num="4" count="13" type="stmt"/>
        <line num="5" count="13" type="stmt"/>
        <line num="8" count="13" type="stmt"/>
        <line num="10" count="13" type="stmt"/>
        <line num="11" count="4" type="stmt"/>
        <line num="12" count="4" type="stmt"/>
        <line num="13" count="4" type="cond" truecount="2" falsecount="0"/>
        <line num="14" count="1" type="stmt"/>
        <line num="19" count="3" type="stmt"/>
        <line num="20" count="3" type="stmt"/>
        <line num="22" count="3" type="cond" truecount="2" falsecount="0"/>
        <line num="23" count="2" type="stmt"/>
        <line num="29" count="1" type="cond" truecount="3" falsecount="1"/>
        <line num="30" count="1" type="stmt"/>
        <line num="36" count="0" type="stmt"/>
        <line num="37" count="0" type="cond" truecount="0" falsecount="4"/>
        <line num="38" count="0" type="stmt"/>
        <line num="41" count="0" type="stmt"/>
        <line num="42" count="0" type="cond" truecount="0" falsecount="4"/>
        <line num="43" count="0" type="stmt"/>
        <line num="45" count="0" type="stmt"/>
        <line num="50" count="0" type="stmt"/>
        <line num="51" count="0" type="stmt"/>
        <line num="58" count="13" type="stmt"/>
      </file>
      <file name="index.js" path="D:\FSD Projects\chat-application\src\api\routes\groups\services\index.js">
        <metrics statements="1" coveredstatements="1" conditionals="0" coveredconditionals="0" methods="0" coveredmethods="0"/>
        <line num="1" count="13" type="stmt"/>
      </file>
      <file name="listAllGroups.js" path="D:\FSD Projects\chat-application\src\api\routes\groups\services\listAllGroups.js">
        <metrics statements="19" coveredstatements="16" conditionals="5" coveredconditionals="4" methods="2" coveredmethods="2"/>
        <line num="1" count="13" type="stmt"/>
        <line num="4" count="13" type="stmt"/>
        <line num="6" count="13" type="stmt"/>
        <line num="7" count="1" type="stmt"/>
        <line num="8" count="1" type="stmt"/>
        <line num="9" count="1" type="cond" truecount="4" falsecount="1"/>
        <line num="10" count="0" type="stmt"/>
        <line num="15" count="1" type="stmt"/>
        <line num="16" count="1" type="stmt"/>
        <line num="17" count="7" type="stmt"/>
        <line num="18" count="7" type="stmt"/>
        <line num="19" count="7" type="stmt"/>
        <line num="20" count="7" type="stmt"/>
        <line num="21" count="7" type="stmt"/>
        <line num="22" count="7" type="stmt"/>
        <line num="24" count="1" type="stmt"/>
        <line num="29" count="0" type="stmt"/>
        <line num="30" count="0" type="stmt"/>
        <line num="37" count="13" type="stmt"/>
      </file>
      <file name="removeMemberFromGroup.js" path="D:\FSD Projects\chat-application\src\api\routes\groups\services\removeMemberFromGroup.js">
        <metrics statements="28" coveredstatements="21" conditionals="16" coveredconditionals="10" methods="1" coveredmethods="1"/>
        <line num="1" count="13" type="stmt"/>
        <line num="2" count="13" type="stmt"/>
        <line num="5" count="13" type="stmt"/>
        <line num="6" count="13" type="stmt"/>
        <line num="8" count="13" type="stmt"/>
        <line num="9" count="5" type="stmt"/>
        <line num="10" count="5" type="stmt"/>
        <line num="11" count="5" type="stmt"/>
        <line num="12" count="5" type="cond" truecount="1" falsecount="1"/>
        <line num="13" count="0" type="stmt"/>
        <line num="18" count="5" type="cond" truecount="2" falsecount="0"/>
        <line num="19" count="1" type="stmt"/>
        <line num="24" count="4" type="stmt"/>
        <line num="25" count="4" type="stmt"/>
        <line num="27" count="4" type="cond" truecount="2" falsecount="0"/>
        <line num="28" count="1" type="stmt"/>
        <line num="34" count="3" type="cond" truecount="4" falsecount="0"/>
        <line num="35" count="1" type="stmt"/>
        <line num="41" count="2" type="stmt"/>
        <line num="42" count="2" type="cond" truecount="1" falsecount="1"/>
        <line num="43" count="2" type="stmt"/>
        <line num="49" count="0" type="stmt"/>
        <line num="50" count="0" type="cond" truecount="0" falsecount="4"/>
        <line num="51" count="0" type="stmt"/>
        <line num="53" count="0" type="stmt"/>
        <line num="58" count="0" type="stmt"/>
        <line num="59" count="0" type="stmt"/>
        <line num="66" count="13" type="stmt"/>
      </file>
      <file name="searchGroupByName.js" path="D:\FSD Projects\chat-application\src\api\routes\groups\services\searchGroupByName.js">
        <metrics statements="22" coveredstatements="20" conditionals="7" coveredconditionals="7" methods="2" coveredmethods="2"/>
        <line num="1" count="13" type="stmt"/>
        <line num="4" count="13" type="stmt"/>
        <line num="6" count="13" type="stmt"/>
        <line num="7" count="4" type="stmt"/>
        <line num="8" count="4" type="stmt"/>
        <line num="9" count="4" type="cond" truecount="2" falsecount="0"/>
        <line num="10" count="1" type="stmt"/>
        <line num="15" count="3" type="stmt"/>
        <line num="16" count="3" type="cond" truecount="5" falsecount="0"/>
        <line num="17" count="2" type="stmt"/>
        <line num="22" count="1" type="stmt"/>
        <line num="23" count="1" type="stmt"/>
        <line num="24" count="1" type="stmt"/>
        <line num="25" count="1" type="stmt"/>
        <line num="26" count="1" type="stmt"/>
        <line num="27" count="1" type="stmt"/>
        <line num="28" count="1" type="stmt"/>
        <line num="29" count="1" type="stmt"/>
        <line num="31" count="1" type="stmt"/>
        <line num="36" count="0" type="stmt"/>
        <line num="37" count="0" type="stmt"/>
        <line num="44" count="13" type="stmt"/>
      </file>
    </package>
    <package name="src.api.routes.groups.tests">
      <metrics statements="6" coveredstatements="6" conditionals="0" coveredconditionals="0" methods="0" coveredmethods="0"/>
      <file name="addMembersToGroup.test.constants.js" path="D:\FSD Projects\chat-application\src\api\routes\groups\tests\addMembersToGroup.test.constants.js">
        <metrics statements="1" coveredstatements="1" conditionals="0" coveredconditionals="0" methods="0" coveredmethods="0"/>
        <line num="1" count="1" type="stmt"/>
      </file>
      <file name="createGroup.test.constants.js" path="D:\FSD Projects\chat-application\src\api\routes\groups\tests\createGroup.test.constants.js">
        <metrics statements="1" coveredstatements="1" conditionals="0" coveredconditionals="0" methods="0" coveredmethods="0"/>
        <line num="1" count="1" type="stmt"/>
      </file>
      <file name="deleteGroup.test.constants.js" path="D:\FSD Projects\chat-application\src\api\routes\groups\tests\deleteGroup.test.constants.js">
        <metrics statements="1" coveredstatements="1" conditionals="0" coveredconditionals="0" methods="0" coveredmethods="0"/>
        <line num="1" count="1" type="stmt"/>
      </file>
      <file name="listAllGroups.test.constants.js" path="D:\FSD Projects\chat-application\src\api\routes\groups\tests\listAllGroups.test.constants.js">
        <metrics statements="1" coveredstatements="1" conditionals="0" coveredconditionals="0" methods="0" coveredmethods="0"/>
        <line num="1" count="1" type="stmt"/>
      </file>
      <file name="removeMemberFromGroup.test.constants.js" path="D:\FSD Projects\chat-application\src\api\routes\groups\tests\removeMemberFromGroup.test.constants.js">
        <metrics statements="1" coveredstatements="1" conditionals="0" coveredconditionals="0" methods="0" coveredmethods="0"/>
        <line num="1" count="1" type="stmt"/>
      </file>
      <file name="searchGroupByName.test.constants.js" path="D:\FSD Projects\chat-application\src\api\routes\groups\tests\searchGroupByName.test.constants.js">
        <metrics statements="1" coveredstatements="1" conditionals="0" coveredconditionals="0" methods="0" coveredmethods="0"/>
        <line num="1" count="1" type="stmt"/>
      </file>
    </package>
    <package name="src.api.routes.messages">
      <metrics statements="9" coveredstatements="9" conditionals="0" coveredconditionals="0" methods="0" coveredmethods="0"/>
      <file name="index.js" path="D:\FSD Projects\chat-application\src\api\routes\messages\index.js">
        <metrics statements="9" coveredstatements="9" conditionals="0" coveredconditionals="0" methods="0" coveredmethods="0"/>
        <line num="1" count="13" type="stmt"/>
        <line num="8" count="13" type="stmt"/>
        <line num="10" count="13" type="stmt"/>
        <line num="12" count="13" type="stmt"/>
        <line num="14" count="13" type="stmt"/>
        <line num="16" count="13" type="stmt"/>
        <line num="18" count="13" type="stmt"/>
        <line num="20" count="13" type="stmt"/>
        <line num="26" count="13" type="stmt"/>
      </file>
    </package>
    <package name="src.api.routes.messages.controllers">
      <metrics statements="33" coveredstatements="23" conditionals="0" coveredconditionals="0" methods="4" coveredmethods="3"/>
      <file name="deleteMessage.js" path="D:\FSD Projects\chat-application\src\api\routes\messages\controllers\deleteMessage.js">
        <metrics statements="8" coveredstatements="4" conditionals="0" coveredconditionals="0" methods="1" coveredmethods="0"/>
        <line num="1" count="13" type="stmt"/>
        <line num="2" count="13" type="stmt"/>
        <line num="4" count="13" type="stmt"/>
        <line num="5" count="0" type="stmt"/>
        <line num="6" count="0" type="stmt"/>
        <line num="8" count="0" type="stmt"/>
        <line num="9" count="0" type="stmt"/>
        <line num="16" count="13" type="stmt"/>
      </file>
      <file name="getAllMessagesOfGroup.js" path="D:\FSD Projects\chat-application\src\api\routes\messages\controllers\getAllMessagesOfGroup.js">
        <metrics statements="8" coveredstatements="6" conditionals="0" coveredconditionals="0" methods="1" coveredmethods="1"/>
        <line num="1" count="13" type="stmt"/>
        <line num="2" count="13" type="stmt"/>
        <line num="4" count="13" type="stmt"/>
        <line num="5" count="4" type="stmt"/>
        <line num="6" count="4" type="stmt"/>
        <line num="8" count="0" type="stmt"/>
        <line num="9" count="0" type="stmt"/>
        <line num="16" count="13" type="stmt"/>
      </file>
      <file name="index.js" path="D:\FSD Projects\chat-application\src\api\routes\messages\controllers\index.js">
        <metrics statements="1" coveredstatements="1" conditionals="0" coveredconditionals="0" methods="0" coveredmethods="0"/>
        <line num="1" count="13" type="stmt"/>
      </file>
      <file name="likeMessage.js" path="D:\FSD Projects\chat-application\src\api\routes\messages\controllers\likeMessage.js">
        <metrics statements="8" coveredstatements="6" conditionals="0" coveredconditionals="0" methods="1" coveredmethods="1"/>
        <line num="1" count="13" type="stmt"/>
        <line num="2" count="13" type="stmt"/>
        <line num="4" count="13" type="stmt"/>
        <line num="5" count="2" type="stmt"/>
        <line num="6" count="2" type="stmt"/>
        <line num="8" count="0" type="stmt"/>
        <line num="9" count="0" type="stmt"/>
        <line num="16" count="13" type="stmt"/>
      </file>
      <file name="sendMessage.js" path="D:\FSD Projects\chat-application\src\api\routes\messages\controllers\sendMessage.js">
        <metrics statements="8" coveredstatements="6" conditionals="0" coveredconditionals="0" methods="1" coveredmethods="1"/>
        <line num="1" count="13" type="stmt"/>
        <line num="2" count="13" type="stmt"/>
        <line num="4" count="13" type="stmt"/>
        <line num="5" count="4" type="stmt"/>
        <line num="6" count="4" type="stmt"/>
        <line num="8" count="0" type="stmt"/>
        <line num="9" count="0" type="stmt"/>
        <line num="16" count="13" type="stmt"/>
      </file>
    </package>
    <package name="src.api.routes.messages.services">
      <metrics statements="132" coveredstatements="89" conditionals="79" coveredconditionals="40" methods="6" coveredmethods="4"/>
      <file name="deleteMessage.js" path="D:\FSD Projects\chat-application\src\api\routes\messages\services\deleteMessage.js">
        <metrics statements="38" coveredstatements="9" conditionals="31" coveredconditionals="0" methods="2" coveredmethods="0"/>
        <line num="1" count="13" type="stmt"/>
        <line num="2" count="13" type="stmt"/>
        <line num="5" count="13" type="stmt"/>
        <line num="6" count="13" type="stmt"/>
        <line num="9" count="13" type="stmt"/>
        <line num="10" count="13" type="stmt"/>
        <line num="12" count="13" type="stmt"/>
        <line num="13" count="0" type="stmt"/>
        <line num="14" count="0" type="cond" truecount="0" falsecount="5"/>
        <line num="15" count="0" type="cond" truecount="0" falsecount="2"/>
        <line num="18" count="13" type="stmt"/>
        <line num="19" count="0" type="stmt"/>
        <line num="20" count="0" type="stmt"/>
        <line num="21" count="0" type="cond" truecount="0" falsecount="4"/>
        <line num="22" count="0" type="stmt"/>
        <line num="27" count="0" type="stmt"/>
        <line num="28" count="0" type="stmt"/>
        <line num="30" count="0" type="cond" truecount="0" falsecount="2"/>
        <line num="31" count="0" type="stmt"/>
        <line num="37" count="0" type="stmt"/>
        <line num="38" count="0" type="cond" truecount="0" falsecount="4"/>
        <line num="39" count="0" type="stmt"/>
        <line num="45" count="0" type="stmt"/>
        <line num="46" count="0" type="cond" truecount="0" falsecount="5"/>
        <line num="47" count="0" type="stmt"/>
        <line num="53" count="0" type="stmt"/>
        <line num="54" count="0" type="cond" truecount="0" falsecount="5"/>
        <line num="55" count="0" type="stmt"/>
        <line num="61" count="0" type="stmt"/>
        <line num="62" count="0" type="cond" truecount="0" falsecount="2"/>
        <line num="63" count="0" type="stmt"/>
        <line num="66" count="0" type="stmt"/>
        <line num="67" count="0" type="cond" truecount="0" falsecount="2"/>
        <line num="68" count="0" type="stmt"/>
        <line num="70" count="0" type="stmt"/>
        <line num="75" count="0" type="stmt"/>
        <line num="76" count="0" type="stmt"/>
        <line num="83" count="13" type="stmt"/>
      </file>
      <file name="getAllMessagesOfGroup.js" path="D:\FSD Projects\chat-application\src\api\routes\messages\services\getAllMessagesOfGroup.js">
        <metrics statements="34" coveredstatements="31" conditionals="13" coveredconditionals="12" methods="2" coveredmethods="2"/>
        <line num="1" count="13" type="stmt"/>
        <line num="2" count="13" type="stmt"/>
        <line num="5" count="13" type="stmt"/>
        <line num="6" count="13" type="stmt"/>
        <line num="8" count="13" type="stmt"/>
        <line num="9" count="4" type="stmt"/>
        <line num="10" count="4" type="stmt"/>
        <line num="11" count="4" type="cond" truecount="1" falsecount="1"/>
        <line num="12" count="0" type="stmt"/>
        <line num="17" count="4" type="stmt"/>
        <line num="18" count="4" type="stmt"/>
        <line num="20" count="4" type="cond" truecount="2" falsecount="0"/>
        <line num="21" count="1" type="stmt"/>
        <line num="27" count="3" type="stmt"/>
        <line num="28" count="3" type="cond" truecount="4" falsecount="0"/>
        <line num="29" count="1" type="stmt"/>
        <line num="36" count="2" type="stmt"/>
        <line num="39" count="2" type="stmt"/>
        <line num="40" count="2" type="cond" truecount="5" falsecount="0"/>
        <line num="41" count="1" type="stmt"/>
        <line num="46" count="1" type="stmt"/>
        <line num="47" count="1" type="stmt"/>
        <line num="48" count="3" type="stmt"/>
        <line num="49" count="3" type="stmt"/>
        <line num="50" count="3" type="stmt"/>
        <line num="51" count="3" type="stmt"/>
        <line num="52" count="3" type="stmt"/>
        <line num="53" count="3" type="stmt"/>
        <line num="54" count="3" type="stmt"/>
        <line num="55" count="3" type="stmt"/>
        <line num="57" count="1" type="stmt"/>
        <line num="62" count="0" type="stmt"/>
        <line num="63" count="0" type="stmt"/>
        <line num="70" count="13" type="stmt"/>
      </file>
      <file name="index.js" path="D:\FSD Projects\chat-application\src\api\routes\messages\services\index.js">
        <metrics statements="1" coveredstatements="1" conditionals="0" coveredconditionals="0" methods="0" coveredmethods="0"/>
        <line num="1" count="13" type="stmt"/>
      </file>
      <file name="likeMessage.js" path="D:\FSD Projects\chat-application\src\api\routes\messages\services\likeMessage.js">
        <metrics statements="35" coveredstatements="27" conditionals="23" coveredconditionals="17" methods="1" coveredmethods="1"/>
        <line num="1" count="13" type="stmt"/>
        <line num="4" count="13" type="stmt"/>
        <line num="5" count="13" type="stmt"/>
        <line num="6" count="13" type="stmt"/>
        <line num="9" count="13" type="stmt"/>
        <line num="12" count="13" type="stmt"/>
        <line num="13" count="13" type="stmt"/>
        <line num="15" count="13" type="stmt"/>
        <line num="16" count="2" type="stmt"/>
        <line num="17" count="2" type="stmt"/>
        <line num="18" count="2" type="cond" truecount="3" falsecount="1"/>
        <line num="19" count="0" type="stmt"/>
        <line num="24" count="2" type="stmt"/>
        <line num="25" count="2" type="stmt"/>
        <line num="27" count="2" type="cond" truecount="1" falsecount="1"/>
        <line num="28" count="0" type="stmt"/>
        <line num="34" count="2" type="stmt"/>
        <line num="35" count="2" type="cond" truecount="4" falsecount="0"/>
        <line num="36" count="1" type="stmt"/>
        <line num="42" count="1" type="stmt"/>
        <line num="43" count="1" type="cond" truecount="4" falsecount="1"/>
        <line num="44" count="0" type="stmt"/>
        <line num="50" count="1" type="stmt"/>
        <line num="51" count="1" type="cond" truecount="3" falsecount="1"/>
        <line num="52" count="0" type="stmt"/>
        <line num="58" count="1" type="stmt"/>
        <line num="62" count="1" type="cond" truecount="1" falsecount="1"/>
        <line num="63" count="0" type="stmt"/>
        <line num="66" count="1" type="stmt"/>
        <line num="67" count="1" type="cond" truecount="1" falsecount="1"/>
        <line num="68" count="0" type="stmt"/>
        <line num="70" count="1" type="stmt"/>
        <line num="75" count="0" type="stmt"/>
        <line num="76" count="0" type="stmt"/>
        <line num="83" count="13" type="stmt"/>
      </file>
      <file name="sendMessage.js" path="D:\FSD Projects\chat-application\src\api\routes\messages\services\sendMessage.js">
        <metrics statements="24" coveredstatements="21" conditionals="12" coveredconditionals="11" methods="1" coveredmethods="1"/>
        <line num="1" count="13" type="stmt"/>
        <line num="4" count="13" type="stmt"/>
        <line num="7" count="13" type="stmt"/>
        <line num="8" count="13" type="stmt"/>
        <line num="10" count="13" type="stmt"/>
        <line num="11" count="4" type="stmt"/>
        <line num="12" count="4" type="stmt"/>
        <line num="13" count="4" type="stmt"/>
        <line num="14" count="4" type="cond" truecount="4" falsecount="0"/>
        <line num="15" count="1" type="stmt"/>
        <line num="20" count="3" type="stmt"/>
        <line num="21" count="3" type="stmt"/>
        <line num="23" count="3" type="cond" truecount="2" falsecount="0"/>
        <line num="24" count="1" type="stmt"/>
        <line num="30" count="2" type="stmt"/>
        <line num="31" count="2" type="cond" truecount="4" falsecount="0"/>
        <line num="32" count="1" type="stmt"/>
        <line num="38" count="1" type="stmt"/>
        <line num="44" count="1" type="cond" truecount="1" falsecount="1"/>
        <line num="45" count="0" type="stmt"/>
        <line num="47" count="1" type="stmt"/>
        <line num="52" count="0" type="stmt"/>
        <line num="53" count="0" type="stmt"/>
        <line num="60" count="13" type="stmt"/>
      </file>
    </package>
    <package name="src.api.routes.messages.tests">
      <metrics statements="3" coveredstatements="3" conditionals="0" coveredconditionals="0" methods="0" coveredmethods="0"/>
      <file name="getAllMessagesOfGroup.test.constants.js" path="D:\FSD Projects\chat-application\src\api\routes\messages\tests\getAllMessagesOfGroup.test.constants.js">
        <metrics statements="1" coveredstatements="1" conditionals="0" coveredconditionals="0" methods="0" coveredmethods="0"/>
        <line num="1" count="1" type="stmt"/>
      </file>
      <file name="likeMessage.test.constants.js" path="D:\FSD Projects\chat-application\src\api\routes\messages\tests\likeMessage.test.constants.js">
        <metrics statements="1" coveredstatements="1" conditionals="0" coveredconditionals="0" methods="0" coveredmethods="0"/>
        <line num="1" count="1" type="stmt"/>
      </file>
      <file name="sendMessage.test.constants.js" path="D:\FSD Projects\chat-application\src\api\routes\messages\tests\sendMessage.test.constants.js">
        <metrics statements="1" coveredstatements="1" conditionals="0" coveredconditionals="0" methods="0" coveredmethods="0"/>
        <line num="1" count="1" type="stmt"/>
      </file>
    </package>
    <package name="src.config">
      <metrics statements="1" coveredstatements="1" conditionals="0" coveredconditionals="0" methods="0" coveredmethods="0"/>
      <file name="index.js" path="D:\FSD Projects\chat-application\src\config\index.js">
        <metrics statements="1" coveredstatements="1" conditionals="0" coveredconditionals="0" methods="0" coveredmethods="0"/>
        <line num="1" count="13" type="stmt"/>
      </file>
    </package>
    <package name="src.lib">
      <metrics statements="19" coveredstatements="11" conditionals="21" coveredconditionals="8" methods="5" coveredmethods="3"/>
      <file name="Logger.js" path="D:\FSD Projects\chat-application\src\lib\Logger.js">
        <metrics statements="19" coveredstatements="11" conditionals="21" coveredconditionals="8" methods="5" coveredmethods="3"/>
        <line num="1" count="13" type="stmt"/>
        <line num="2" count="13" type="stmt"/>
        <line num="3" count="13" type="stmt"/>
        <line num="4" count="13" type="stmt"/>
        <line num="10" count="13" type="cond" truecount="1" falsecount="1"/>
        <line num="11" count="0" type="stmt"/>
        <line num="24" count="13" type="stmt"/>
        <line num="36" count="81" type="cond" truecount="2" falsecount="2"/>
        <line num="37" count="0" type="cond" truecount="0" falsecount="2"/>
        <line num="38" count="0" type="cond" truecount="0" falsecount="2"/>
        <line num="40" count="0" type="stmt"/>
        <line num="46" count="81" type="stmt"/>
        <line num="50" count="81" type="cond" truecount="2" falsecount="0"/>
        <line num="51" count="81" type="stmt"/>
        <line num="55" count="0" type="cond" truecount="0" falsecount="2"/>
        <line num="56" count="0" type="stmt"/>
        <line num="60" count="0" type="cond" truecount="0" falsecount="2"/>
        <line num="61" count="0" type="stmt"/>
        <line num="65" count="13" type="stmt"/>
      </file>
    </package>
    <package name="src.models">
      <metrics statements="43" coveredstatements="41" conditionals="9" coveredconditionals="7" methods="10" coveredmethods="9"/>
      <file name="GroupMembers.js" path="D:\FSD Projects\chat-application\src\models\GroupMembers.js">
        <metrics statements="3" coveredstatements="3" conditionals="0" coveredconditionals="0" methods="1" coveredmethods="1"/>
        <line num="1" count="13" type="stmt"/>
        <line num="2" count="13" type="stmt"/>
        <line num="33" count="13" type="stmt"/>
      </file>
      <file name="Groups.js" path="D:\FSD Projects\chat-application\src\models\Groups.js">
        <metrics statements="4" coveredstatements="4" conditionals="0" coveredconditionals="0" methods="1" coveredmethods="1"/>
        <line num="1" count="13" type="stmt"/>
        <line num="3" count="13" type="stmt"/>
        <line num="4" count="13" type="stmt"/>
        <line num="36" count="13" type="stmt"/>
      </file>
      <file name="MessageLikes.js" path="D:\FSD Projects\chat-application\src\models\MessageLikes.js">
        <metrics statements="5" coveredstatements="5" conditionals="0" coveredconditionals="0" methods="1" coveredmethods="1"/>
        <line num="1" count="13" type="stmt"/>
        <line num="3" count="13" type="stmt"/>
        <line num="4" count="13" type="stmt"/>
        <line num="31" count="13" type="stmt"/>
        <line num="32" count="13" type="stmt"/>
      </file>
      <file name="Messages.js" path="D:\FSD Projects\chat-application\src\models\Messages.js">
        <metrics statements="4" coveredstatements="4" conditionals="0" coveredconditionals="0" methods="1" coveredmethods="1"/>
        <line num="1" count="13" type="stmt"/>
        <line num="3" count="13" type="stmt"/>
        <line num="4" count="13" type="stmt"/>
        <line num="44" count="13" type="stmt"/>
      </file>
      <file name="Users.js" path="D:\FSD Projects\chat-application\src\models\Users.js">
        <metrics statements="4" coveredstatements="4" conditionals="0" coveredconditionals="0" methods="1" coveredmethods="1"/>
        <line num="1" count="13" type="stmt"/>
        <line num="3" count="13" type="stmt"/>
        <line num="4" count="13" type="stmt"/>
        <line num="57" count="13" type="stmt"/>
      </file>
      <file name="index.js" path="D:\FSD Projects\chat-application\src\models\index.js">
        <metrics statements="23" coveredstatements="21" conditionals="9" coveredconditionals="7" methods="5" coveredmethods="4"/>
        <line num="1" count="13" type="stmt"/>
        <line num="2" count="13" type="stmt"/>
        <line num="3" count="13" type="stmt"/>
        <line num="4" count="13" type="stmt"/>
        <line num="6" count="13" type="stmt"/>
        <line num="9" count="13" type="stmt"/>
        <line num="11" count="13" type="stmt"/>
        <line num="13" count="13" type="stmt"/>
        <line num="23" count="13" type="stmt"/>
        <line num="30" count="13" type="stmt"/>
        <line num="32" count="13" type="stmt"/>
        <line num="34" count="0" type="stmt"/>
        <line num="37" count="13" type="stmt"/>
        <line num="40" count="78" type="cond" truecount="3" falsecount="0"/>
        <line num="43" count="65" type="stmt"/>
        <line num="47" count="65" type="stmt"/>
        <line num="48" count="65" type="cond" truecount="3" falsecount="1"/>
        <line num="49" count="65" type="stmt"/>
        <line num="53" count="13" type="stmt"/>
        <line num="54" count="65" type="cond" truecount="1" falsecount="1"/>
        <line num="55" count="0" type="stmt"/>
        <line num="59" count="13" type="stmt"/>
        <line num="61" count="13" type="stmt"/>
      </file>
    </package>
    <package name="src.repositories">
      <metrics statements="107" coveredstatements="101" conditionals="10" coveredconditionals="10" methods="24" coveredmethods="18"/>
      <file name="deleteAllGroupMembers.js" path="D:\FSD Projects\chat-application\src\repositories\deleteAllGroupMembers.js">
        <metrics statements="4" coveredstatements="3" conditionals="0" coveredconditionals="0" methods="1" coveredmethods="0"/>
        <line num="1" count="13" type="stmt"/>
        <line num="3" count="13" type="stmt"/>
        <line num="4" count="0" type="stmt"/>
        <line num="15" count="13" type="stmt"/>
      </file>
      <file name="deleteGroup.js" path="D:\FSD Projects\chat-application\src\repositories\deleteGroup.js">
        <metrics statements="4" coveredstatements="3" conditionals="0" coveredconditionals="0" methods="1" coveredmethods="0"/>
        <line num="1" count="13" type="stmt"/>
        <line num="3" count="13" type="stmt"/>
        <line num="4" count="0" type="stmt"/>
        <line num="15" count="13" type="stmt"/>
      </file>
      <file name="deleteMessage.js" path="D:\FSD Projects\chat-application\src\repositories\deleteMessage.js">
        <metrics statements="4" coveredstatements="3" conditionals="0" coveredconditionals="0" methods="1" coveredmethods="0"/>
        <line num="1" count="13" type="stmt"/>
        <line num="3" count="13" type="stmt"/>
        <line num="4" count="0" type="stmt"/>
        <line num="15" count="13" type="stmt"/>
      </file>
      <file name="deleteOneMember.js" path="D:\FSD Projects\chat-application\src\repositories\deleteOneMember.js">
        <metrics statements="4" coveredstatements="3" conditionals="0" coveredconditionals="0" methods="1" coveredmethods="0"/>
        <line num="1" count="13" type="stmt"/>
        <line num="3" count="13" type="stmt"/>
        <line num="4" count="0" type="stmt"/>
        <line num="16" count="13" type="stmt"/>
      </file>
      <file name="fetchAllGroupsFromDb.js" path="D:\FSD Projects\chat-application\src\repositories\fetchAllGroupsFromDb.js">
        <metrics statements="4" coveredstatements="4" conditionals="0" coveredconditionals="0" methods="1" coveredmethods="1"/>
        <line num="1" count="13" type="stmt"/>
        <line num="3" count="13" type="stmt"/>
        <line num="4" count="1" type="stmt"/>
        <line num="7" count="13" type="stmt"/>
      </file>
      <file name="fetchGroupDetails.js" path="D:\FSD Projects\chat-application\src\repositories\fetchGroupDetails.js">
        <metrics statements="5" coveredstatements="5" conditionals="0" coveredconditionals="0" methods="1" coveredmethods="1"/>
        <line num="1" count="13" type="stmt"/>
        <line num="3" count="13" type="stmt"/>
        <line num="4" count="20" type="stmt"/>
        <line num="12" count="20" type="stmt"/>
        <line num="15" count="13" type="stmt"/>
      </file>
      <file name="getAllValidUsers.js" path="D:\FSD Projects\chat-application\src\repositories\getAllValidUsers.js">
        <metrics statements="4" coveredstatements="4" conditionals="0" coveredconditionals="0" methods="1" coveredmethods="1"/>
        <line num="1" count="13" type="stmt"/>
        <line num="3" count="13" type="stmt"/>
        <line num="4" count="2" type="stmt"/>
        <line num="12" count="13" type="stmt"/>
      </file>
      <file name="getGroupIdFromNameAndCreator.js" path="D:\FSD Projects\chat-application\src\repositories\getGroupIdFromNameAndCreator.js">
        <metrics statements="4" coveredstatements="4" conditionals="0" coveredconditionals="0" methods="1" coveredmethods="1"/>
        <line num="1" count="13" type="stmt"/>
        <line num="3" count="13" type="stmt"/>
        <line num="4" count="1" type="stmt"/>
        <line num="15" count="13" type="stmt"/>
      </file>
      <file name="getGroupMemberDetails.js" path="D:\FSD Projects\chat-application\src\repositories\getGroupMemberDetails.js">
        <metrics statements="4" coveredstatements="4" conditionals="0" coveredconditionals="0" methods="1" coveredmethods="1"/>
        <line num="1" count="13" type="stmt"/>
        <line num="3" count="13" type="stmt"/>
        <line num="4" count="16" type="stmt"/>
        <line num="15" count="13" type="stmt"/>
      </file>
      <file name="getMessageData.js" path="D:\FSD Projects\chat-application\src\repositories\getMessageData.js">
        <metrics statements="4" coveredstatements="4" conditionals="0" coveredconditionals="0" methods="1" coveredmethods="1"/>
        <line num="1" count="13" type="stmt"/>
        <line num="3" count="13" type="stmt"/>
        <line num="4" count="1" type="stmt"/>
        <line num="13" count="13" type="stmt"/>
      </file>
      <file name="getMessageSenderId.js" path="D:\FSD Projects\chat-application\src\repositories\getMessageSenderId.js">
        <metrics statements="4" coveredstatements="3" conditionals="0" coveredconditionals="0" methods="1" coveredmethods="0"/>
        <line num="1" count="13" type="stmt"/>
        <line num="3" count="13" type="stmt"/>
        <line num="4" count="0" type="stmt"/>
        <line num="14" count="13" type="stmt"/>
      </file>
      <file name="getMsgLikeData.js" path="D:\FSD Projects\chat-application\src\repositories\getMsgLikeData.js">
        <metrics statements="4" coveredstatements="4" conditionals="0" coveredconditionals="0" methods="1" coveredmethods="1"/>
        <line num="1" count="13" type="stmt"/>
        <line num="3" count="13" type="stmt"/>
        <line num="4" count="1" type="stmt"/>
        <line num="14" count="13" type="stmt"/>
      </file>
      <file name="getUserIdFromEmail.js" path="D:\FSD Projects\chat-application\src\repositories\getUserIdFromEmail.js">
        <metrics statements="5" coveredstatements="5" conditionals="0" coveredconditionals="0" methods="1" coveredmethods="1"/>
        <line num="1" count="13" type="stmt"/>
        <line num="3" count="13" type="stmt"/>
        <line num="4" count="3" type="stmt"/>
        <line num="11" count="3" type="stmt"/>
        <line num="14" count="13" type="stmt"/>
      </file>
      <file name="getUserLoginData.js" path="D:\FSD Projects\chat-application\src\repositories\getUserLoginData.js">
        <metrics statements="15" coveredstatements="15" conditionals="10" coveredconditionals="10" methods="2" coveredmethods="2"/>
        <line num="1" count="13" type="stmt"/>
        <line num="3" count="13" type="stmt"/>
        <line num="4" count="24" type="stmt"/>
        <line num="12" count="24" type="cond" truecount="5" falsecount="0"/>
        <line num="13" count="1" type="stmt"/>
        <line num="15" count="23" type="stmt"/>
        <line num="16" count="23" type="stmt"/>
        <line num="17" count="23" type="stmt"/>
        <line num="18" count="23" type="stmt"/>
        <line num="21" count="13" type="stmt"/>
        <line num="22" count="27" type="stmt"/>
        <line num="30" count="27" type="cond" truecount="5" falsecount="0"/>
        <line num="31" count="3" type="stmt"/>
        <line num="33" count="24" type="stmt"/>
        <line num="36" count="13" type="stmt"/>
      </file>
      <file name="insertInLikesTable.js" path="D:\FSD Projects\chat-application\src\repositories\insertInLikesTable.js">
        <metrics statements="4" coveredstatements="4" conditionals="0" coveredconditionals="0" methods="1" coveredmethods="1"/>
        <line num="1" count="13" type="stmt"/>
        <line num="3" count="13" type="stmt"/>
        <line num="4" count="1" type="stmt"/>
        <line num="7" count="13" type="stmt"/>
      </file>
      <file name="insertMembersToGroup.js" path="D:\FSD Projects\chat-application\src\repositories\insertMembersToGroup.js">
        <metrics statements="4" coveredstatements="4" conditionals="0" coveredconditionals="0" methods="1" coveredmethods="1"/>
        <line num="1" count="13" type="stmt"/>
        <line num="3" count="13" type="stmt"/>
        <line num="4" count="2" type="stmt"/>
        <line num="7" count="13" type="stmt"/>
      </file>
      <file name="insertNewGroup.js" path="D:\FSD Projects\chat-application\src\repositories\insertNewGroup.js">
        <metrics statements="4" coveredstatements="4" conditionals="0" coveredconditionals="0" methods="1" coveredmethods="1"/>
        <line num="1" count="13" type="stmt"/>
        <line num="3" count="13" type="stmt"/>
        <line num="7" count="1" type="stmt"/>
        <line num="13" count="13" type="stmt"/>
      </file>
      <file name="insertNewMessage.js" path="D:\FSD Projects\chat-application\src\repositories\insertNewMessage.js">
        <metrics statements="4" coveredstatements="4" conditionals="0" coveredconditionals="0" methods="1" coveredmethods="1"/>
        <line num="1" count="13" type="stmt"/>
        <line num="3" count="13" type="stmt"/>
        <line num="4" count="1" type="stmt"/>
        <line num="7" count="13" type="stmt"/>
      </file>
      <file name="insertNewUser.js" path="D:\FSD Projects\chat-application\src\repositories\insertNewUser.js">
        <metrics statements="4" coveredstatements="4" conditionals="0" coveredconditionals="0" methods="1" coveredmethods="1"/>
        <line num="1" count="13" type="stmt"/>
        <line num="3" count="13" type="stmt"/>
        <line num="10" count="1" type="stmt"/>
        <line num="20" count="13" type="stmt"/>
      </file>
      <file name="removeLikes.js" path="D:\FSD Projects\chat-application\src\repositories\removeLikes.js">
        <metrics statements="4" coveredstatements="3" conditionals="0" coveredconditionals="0" methods="1" coveredmethods="0"/>
        <line num="1" count="13" type="stmt"/>
        <line num="3" count="13" type="stmt"/>
        <line num="4" count="0" type="stmt"/>
        <line num="15" count="13" type="stmt"/>
      </file>
      <file name="searchByGroupName.js" path="D:\FSD Projects\chat-application\src\repositories\searchByGroupName.js">
        <metrics statements="5" coveredstatements="5" conditionals="0" coveredconditionals="0" methods="1" coveredmethods="1"/>
        <line num="1" count="13" type="stmt"/>
        <line num="2" count="13" type="stmt"/>
        <line num="4" count="13" type="stmt"/>
        <line num="5" count="3" type="stmt"/>
        <line num="17" count="13" type="stmt"/>
      </file>
      <file name="updateMessageLikes.js" path="D:\FSD Projects\chat-application\src\repositories\updateMessageLikes.js">
        <metrics statements="4" coveredstatements="4" conditionals="0" coveredconditionals="0" methods="1" coveredmethods="1"/>
        <line num="1" count="13" type="stmt"/>
        <line num="3" count="13" type="stmt"/>
        <line num="4" count="1" type="stmt"/>
        <line num="13" count="13" type="stmt"/>
      </file>
      <file name="updateUserData.js" path="D:\FSD Projects\chat-application\src\repositories\updateUserData.js">
        <metrics statements="5" coveredstatements="5" conditionals="0" coveredconditionals="0" methods="1" coveredmethods="1"/>
        <line num="1" count="13" type="stmt"/>
        <line num="2" count="13" type="stmt"/>
        <line num="4" count="13" type="stmt"/>
        <line num="5" count="1" type="stmt"/>
        <line num="12" count="13" type="stmt"/>
      </file>
    </package>
  </project>
</coverage>
