{"D:\\FSD Projects\\chat-application\\src\\app.js": {"path":"D:\\FSD Projects\\chat-application\\src\\app.js","statementMap":{"0":{"start":{"line":1,"column":16},"end":{"line":1,"column":34}},"1":{"start":{"line":2,"column":13},"end":{"line":2,"column":28}},"2":{"start":{"line":3,"column":17},"end":{"line":3,"column":43}},"3":{"start":{"line":4,"column":17},"end":{"line":4,"column":40}},"4":{"start":{"line":5,"column":15},"end":{"line":5,"column":31}},"5":{"start":{"line":7,"column":12},"end":{"line":7,"column":21}},"6":{"start":{"line":9,"column":0},"end":{"line":9,"column":39}},"7":{"start":{"line":11,"column":0},"end":{"line":11,"column":46}},"8":{"start":{"line":13,"column":0},"end":{"line":13,"column":49}},"9":{"start":{"line":15,"column":31},"end":{"line":28,"column":1}},"10":{"start":{"line":16,"column":18},"end":{"line":16,"column":28}},"11":{"start":{"line":17,"column":4},"end":{"line":26,"column":6}},"12":{"start":{"line":18,"column":25},"end":{"line":18,"column":43}},"13":{"start":{"line":19,"column":8},"end":{"line":25,"column":10}},"14":{"start":{"line":27,"column":4},"end":{"line":27,"column":11}},"15":{"start":{"line":30,"column":0},"end":{"line":30,"column":32}},"16":{"start":{"line":32,"column":0},"end":{"line":32,"column":33}},"17":{"start":{"line":34,"column":0},"end":{"line":34,"column":21}}},"fnMap":{"0":{"name":"(anonymous_0)","decl":{"start":{"line":15,"column":31},"end":{"line":15,"column":32}},"loc":{"start":{"line":15,"column":51},"end":{"line":28,"column":1}},"line":15},"1":{"name":"(anonymous_1)","decl":{"start":{"line":17,"column":23},"end":{"line":17,"column":24}},"loc":{"start":{"line":17,"column":35},"end":{"line":26,"column":5}},"line":17}},"branchMap":{},"s":{"0":13,"1":13,"2":13,"3":13,"4":13,"5":13,"6":13,"7":13,"8":13,"9":13,"10":80,"11":80,"12":80,"13":80,"14":80,"15":13,"16":13,"17":13},"f":{"0":80,"1":80},"b":{},"_coverageSchema":"1a1c01bbd47fc00a2c39e90264f33305004495a9","hash":"d41b89ee84ca6782449b2749174b9bc8702831db"}
,"D:\\FSD Projects\\chat-application\\src\\api\\index.js": {"path":"D:\\FSD Projects\\chat-application\\src\\api\\index.js","statementMap":{"0":{"start":{"line":1,"column":16},"end":{"line":1,"column":34}},"1":{"start":{"line":3,"column":12},"end":{"line":3,"column":21}},"2":{"start":{"line":5,"column":13},"end":{"line":5,"column":37}},"3":{"start":{"line":6,"column":14},"end":{"line":6,"column":39}},"4":{"start":{"line":7,"column":15},"end":{"line":7,"column":41}},"5":{"start":{"line":8,"column":17},"end":{"line":8,"column":45}},"6":{"start":{"line":10,"column":0},"end":{"line":10,"column":23}},"7":{"start":{"line":11,"column":0},"end":{"line":11,"column":25}},"8":{"start":{"line":12,"column":0},"end":{"line":12,"column":26}},"9":{"start":{"line":13,"column":0},"end":{"line":13,"column":31}},"10":{"start":{"line":15,"column":0},"end":{"line":15,"column":21}}},"fnMap":{},"branchMap":{},"s":{"0":13,"1":13,"2":13,"3":13,"4":13,"5":13,"6":13,"7":13,"8":13,"9":13,"10":13},"f":{},"b":{},"_coverageSchema":"1a1c01bbd47fc00a2c39e90264f33305004495a9","hash":"80a2ab7db601dc5c1348d6bcec4ad69179312151"}
,"D:\\FSD Projects\\chat-application\\src\\api\\middlewares\\index.js": {"path":"D:\\FSD Projects\\chat-application\\src\\api\\middlewares\\index.js","statementMap":{"0":{"start":{"line":1,"column":0},"end":{"line":3,"column":2}}},"fnMap":{},"branchMap":{},"s":{"0":13},"f":{},"b":{},"_coverageSchema":"1a1c01bbd47fc00a2c39e90264f33305004495a9","hash":"9f74914fd8ef1806ec07b778ba8c30b819c86692"}
,"D:\\FSD Projects\\chat-application\\src\\api\\middlewares\\auth\\index.js": {"path":"D:\\FSD Projects\\chat-application\\src\\api\\middlewares\\auth\\index.js","statementMap":{"0":{"start":{"line":1,"column":18},"end":{"line":1,"column":36}},"1":{"start":{"line":2,"column":19},"end":{"line":2,"column":49}},"2":{"start":{"line":3,"column":22},"end":{"line":3,"column":43}},"3":{"start":{"line":6,"column":24},"end":{"line":37,"column":1}},"4":{"start":{"line":9,"column":4},"end":{"line":9,"column":72}},"5":{"start":{"line":10,"column":2},"end":{"line":14,"column":3}},"6":{"start":{"line":11,"column":4},"end":{"line":13,"column":73}},"7":{"start":{"line":16,"column":4},"end":{"line":16,"column":72}},"8":{"start":{"line":17,"column":2},"end":{"line":21,"column":3}},"9":{"start":{"line":18,"column":4},"end":{"line":20,"column":75}},"10":{"start":{"line":22,"column":2},"end":{"line":36,"column":3}},"11":{"start":{"line":23,"column":4},"end":{"line":23,"column":34}},"12":{"start":{"line":24,"column":4},"end":{"line":28,"column":5}},"13":{"start":{"line":25,"column":6},"end":{"line":27,"column":66}},"14":{"start":{"line":29,"column":4},"end":{"line":29,"column":31}},"15":{"start":{"line":30,"column":4},"end":{"line":30,"column":18}},"16":{"start":{"line":32,"column":4},"end":{"line":32,"column":70}},"17":{"start":{"line":33,"column":4},"end":{"line":35,"column":69}},"18":{"start":{"line":40,"column":26},"end":{"line":50,"column":1}},"19":{"start":{"line":41,"column":2},"end":{"line":49,"column":5}},"20":{"start":{"line":42,"column":4},"end":{"line":47,"column":5}},"21":{"start":{"line":43,"column":6},"end":{"line":46,"column":9}},"22":{"start":{"line":48,"column":4},"end":{"line":48,"column":18}},"23":{"start":{"line":52,"column":0},"end":{"line":52,"column":56}}},"fnMap":{"0":{"name":"(anonymous_0)","decl":{"start":{"line":6,"column":24},"end":{"line":6,"column":25}},"loc":{"start":{"line":6,"column":44},"end":{"line":37,"column":1}},"line":6},"1":{"name":"(anonymous_1)","decl":{"start":{"line":40,"column":26},"end":{"line":40,"column":27}},"loc":{"start":{"line":40,"column":46},"end":{"line":50,"column":1}},"line":40},"2":{"name":"(anonymous_2)","decl":{"start":{"line":41,"column":28},"end":{"line":41,"column":29}},"loc":{"start":{"line":41,"column":34},"end":{"line":49,"column":3}},"line":41}},"branchMap":{"0":{"loc":{"start":{"line":9,"column":4},"end":{"line":9,"column":72}},"type":"binary-expr","locations":[{"start":{"line":9,"column":4},"end":{"line":9,"column":29}},{"start":{"line":9,"column":33},"end":{"line":9,"column":72}}],"line":9},"1":{"loc":{"start":{"line":10,"column":2},"end":{"line":14,"column":3}},"type":"if","locations":[{"start":{"line":10,"column":2},"end":{"line":14,"column":3}},{"start":{},"end":{}}],"line":10},"2":{"loc":{"start":{"line":10,"column":6},"end":{"line":10,"column":53}},"type":"binary-expr","locations":[{"start":{"line":10,"column":6},"end":{"line":10,"column":18}},{"start":{"line":10,"column":22},"end":{"line":10,"column":53}}],"line":10},"3":{"loc":{"start":{"line":16,"column":4},"end":{"line":16,"column":72}},"type":"binary-expr","locations":[{"start":{"line":16,"column":4},"end":{"line":16,"column":29}},{"start":{"line":16,"column":33},"end":{"line":16,"column":72}}],"line":16},"4":{"loc":{"start":{"line":17,"column":2},"end":{"line":21,"column":3}},"type":"if","locations":[{"start":{"line":17,"column":2},"end":{"line":21,"column":3}},{"start":{},"end":{}}],"line":17},"5":{"loc":{"start":{"line":24,"column":4},"end":{"line":28,"column":5}},"type":"if","locations":[{"start":{"line":24,"column":4},"end":{"line":28,"column":5}},{"start":{},"end":{}}],"line":24},"6":{"loc":{"start":{"line":24,"column":8},"end":{"line":24,"column":57}},"type":"binary-expr","locations":[{"start":{"line":24,"column":9},"end":{"line":24,"column":19}},{"start":{"line":24,"column":23},"end":{"line":24,"column":41}},{"start":{"line":24,"column":46},"end":{"line":24,"column":57}}],"line":24},"7":{"loc":{"start":{"line":42,"column":4},"end":{"line":47,"column":5}},"type":"if","locations":[{"start":{"line":42,"column":4},"end":{"line":47,"column":5}},{"start":{},"end":{}}],"line":42}},"s":{"0":13,"1":13,"2":13,"3":13,"4":69,"5":69,"6":12,"7":57,"8":57,"9":0,"10":57,"11":57,"12":57,"13":0,"14":57,"15":57,"16":0,"17":0,"18":13,"19":13,"20":13,"21":3,"22":10,"23":13},"f":{"0":69,"1":13,"2":13},"b":{"0":[69,57],"1":[12,57],"2":[69,57],"3":[57,57],"4":[0,57],"5":[0,57],"6":[57,57,57],"7":[3,10]},"_coverageSchema":"1a1c01bbd47fc00a2c39e90264f33305004495a9","hash":"1354ade7eb8889cd506b96894b19f238132973e5"}
,"D:\\FSD Projects\\chat-application\\src\\api\\middlewares\\auth\\services.js": {"path":"D:\\FSD Projects\\chat-application\\src\\api\\middlewares\\auth\\services.js","statementMap":{"0":{"start":{"line":1,"column":12},"end":{"line":1,"column":35}},"1":{"start":{"line":3,"column":21},"end":{"line":3,"column":47}},"2":{"start":{"line":6,"column":16},"end":{"line":13,"column":1}},"3":{"start":{"line":7,"column":2},"end":{"line":12,"column":5}},"4":{"start":{"line":16,"column":18},"end":{"line":27,"column":1}},"5":{"start":{"line":17,"column":2},"end":{"line":26,"column":3}},"6":{"start":{"line":18,"column":19},"end":{"line":22,"column":6}},"7":{"start":{"line":23,"column":4},"end":{"line":23,"column":42}},"8":{"start":{"line":25,"column":4},"end":{"line":25,"column":51}},"9":{"start":{"line":29,"column":0},"end":{"line":32,"column":1}}},"fnMap":{"0":{"name":"(anonymous_0)","decl":{"start":{"line":6,"column":16},"end":{"line":6,"column":17}},"loc":{"start":{"line":6,"column":36},"end":{"line":13,"column":1}},"line":6},"1":{"name":"(anonymous_1)","decl":{"start":{"line":16,"column":18},"end":{"line":16,"column":19}},"loc":{"start":{"line":16,"column":29},"end":{"line":27,"column":1}},"line":16}},"branchMap":{"0":{"loc":{"start":{"line":8,"column":12},"end":{"line":8,"column":47}},"type":"binary-expr","locations":[{"start":{"line":8,"column":12},"end":{"line":8,"column":34}},{"start":{"line":8,"column":38},"end":{"line":8,"column":47}}],"line":8},"1":{"loc":{"start":{"line":9,"column":13},"end":{"line":9,"column":58}},"type":"binary-expr","locations":[{"start":{"line":9,"column":13},"end":{"line":9,"column":36}},{"start":{"line":9,"column":40},"end":{"line":9,"column":58}}],"line":9},"2":{"loc":{"start":{"line":19,"column":14},"end":{"line":19,"column":49}},"type":"binary-expr","locations":[{"start":{"line":19,"column":14},"end":{"line":19,"column":36}},{"start":{"line":19,"column":40},"end":{"line":19,"column":49}}],"line":19},"3":{"loc":{"start":{"line":20,"column":15},"end":{"line":20,"column":60}},"type":"binary-expr","locations":[{"start":{"line":20,"column":15},"end":{"line":20,"column":38}},{"start":{"line":20,"column":42},"end":{"line":20,"column":60}}],"line":20}},"s":{"0":13,"1":13,"2":13,"3":22,"4":13,"5":57,"6":57,"7":57,"8":0,"9":13},"f":{"0":22,"1":57},"b":{"0":[22,0],"1":[22,0],"2":[57,0],"3":[57,0]},"_coverageSchema":"1a1c01bbd47fc00a2c39e90264f33305004495a9","hash":"16f2c5ce4072faa2484dc6e6c0719d89bafc8618"}
,"D:\\FSD Projects\\chat-application\\src\\api\\routes\\admin\\index.js": {"path":"D:\\FSD Projects\\chat-application\\src\\api\\routes\\admin\\index.js","statementMap":{"0":{"start":{"line":1,"column":16},"end":{"line":1,"column":34}},"1":{"start":{"line":3,"column":57},"end":{"line":3,"column":81}},"2":{"start":{"line":5,"column":47},"end":{"line":5,"column":75}},"3":{"start":{"line":7,"column":15},"end":{"line":7,"column":31}},"4":{"start":{"line":9,"column":0},"end":{"line":14,"column":2}},"5":{"start":{"line":16,"column":0},"end":{"line":21,"column":1}},"6":{"start":{"line":23,"column":0},"end":{"line":28,"column":1}},"7":{"start":{"line":30,"column":0},"end":{"line":30,"column":24}}},"fnMap":{},"branchMap":{},"s":{"0":13,"1":13,"2":13,"3":13,"4":13,"5":13,"6":13,"7":13},"f":{},"b":{},"_coverageSchema":"1a1c01bbd47fc00a2c39e90264f33305004495a9","hash":"df05a6f688befc674d809c74af00107118698c97"}
,"D:\\FSD Projects\\chat-application\\src\\api\\routes\\admin\\controllers\\editUserDetails.js": {"path":"D:\\FSD Projects\\chat-application\\src\\api\\routes\\admin\\controllers\\editUserDetails.js","statementMap":{"0":{"start":{"line":1,"column":19},"end":{"line":1,"column":52}},"1":{"start":{"line":2,"column":25},"end":{"line":2,"column":47}},"2":{"start":{"line":4,"column":23},"end":{"line":14,"column":1}},"3":{"start":{"line":5,"column":2},"end":{"line":13,"column":3}},"4":{"start":{"line":6,"column":4},"end":{"line":6,"column":33}},"5":{"start":{"line":8,"column":4},"end":{"line":8,"column":64}},"6":{"start":{"line":9,"column":4},"end":{"line":12,"column":7}},"7":{"start":{"line":16,"column":0},"end":{"line":16,"column":36}}},"fnMap":{"0":{"name":"(anonymous_0)","decl":{"start":{"line":4,"column":23},"end":{"line":4,"column":24}},"loc":{"start":{"line":4,"column":43},"end":{"line":14,"column":1}},"line":4}},"branchMap":{},"s":{"0":13,"1":13,"2":13,"3":4,"4":4,"5":0,"6":0,"7":13},"f":{"0":4},"b":{},"_coverageSchema":"1a1c01bbd47fc00a2c39e90264f33305004495a9","hash":"f89f24cd0a136edc601250d3bc7fd42a1846b41f"}
,"D:\\FSD Projects\\chat-application\\src\\api\\routes\\admin\\controllers\\index.js": {"path":"D:\\FSD Projects\\chat-application\\src\\api\\routes\\admin\\controllers\\index.js","statementMap":{"0":{"start":{"line":1,"column":0},"end":{"line":5,"column":2}}},"fnMap":{},"branchMap":{},"s":{"0":13},"f":{},"b":{},"_coverageSchema":"1a1c01bbd47fc00a2c39e90264f33305004495a9","hash":"b84a3d5c11db6ed1cf8183af2474ef064de554bc"}
,"D:\\FSD Projects\\chat-application\\src\\api\\routes\\admin\\controllers\\registerUser.js": {"path":"D:\\FSD Projects\\chat-application\\src\\api\\routes\\admin\\controllers\\registerUser.js","statementMap":{"0":{"start":{"line":1,"column":19},"end":{"line":1,"column":52}},"1":{"start":{"line":2,"column":25},"end":{"line":2,"column":47}},"2":{"start":{"line":4,"column":25},"end":{"line":14,"column":1}},"3":{"start":{"line":5,"column":2},"end":{"line":13,"column":3}},"4":{"start":{"line":6,"column":4},"end":{"line":6,"column":33}},"5":{"start":{"line":8,"column":4},"end":{"line":8,"column":61}},"6":{"start":{"line":9,"column":4},"end":{"line":12,"column":7}},"7":{"start":{"line":16,"column":0},"end":{"line":16,"column":38}}},"fnMap":{"0":{"name":"(anonymous_0)","decl":{"start":{"line":4,"column":25},"end":{"line":4,"column":26}},"loc":{"start":{"line":4,"column":45},"end":{"line":14,"column":1}},"line":4}},"branchMap":{},"s":{"0":13,"1":13,"2":13,"3":3,"4":3,"5":0,"6":0,"7":13},"f":{"0":3},"b":{},"_coverageSchema":"1a1c01bbd47fc00a2c39e90264f33305004495a9","hash":"333ca18618c58aee0efc77279f0117219d753076"}
,"D:\\FSD Projects\\chat-application\\src\\api\\routes\\admin\\controllers\\revokeUserAccess.js": {"path":"D:\\FSD Projects\\chat-application\\src\\api\\routes\\admin\\controllers\\revokeUserAccess.js","statementMap":{"0":{"start":{"line":1,"column":19},"end":{"line":1,"column":52}},"1":{"start":{"line":2,"column":29},"end":{"line":2,"column":51}},"2":{"start":{"line":4,"column":19},"end":{"line":14,"column":1}},"3":{"start":{"line":5,"column":2},"end":{"line":13,"column":3}},"4":{"start":{"line":6,"column":4},"end":{"line":6,"column":37}},"5":{"start":{"line":8,"column":4},"end":{"line":8,"column":67}},"6":{"start":{"line":9,"column":4},"end":{"line":12,"column":7}},"7":{"start":{"line":16,"column":0},"end":{"line":16,"column":32}}},"fnMap":{"0":{"name":"(anonymous_0)","decl":{"start":{"line":4,"column":19},"end":{"line":4,"column":20}},"loc":{"start":{"line":4,"column":39},"end":{"line":14,"column":1}},"line":4}},"branchMap":{},"s":{"0":13,"1":13,"2":13,"3":3,"4":3,"5":0,"6":0,"7":13},"f":{"0":3},"b":{},"_coverageSchema":"1a1c01bbd47fc00a2c39e90264f33305004495a9","hash":"819b3ea7181de7338016ca98890f04390290611d"}
,"D:\\FSD Projects\\chat-application\\src\\api\\routes\\admin\\services\\editUserDetails.js": {"path":"D:\\FSD Projects\\chat-application\\src\\api\\routes\\admin\\services\\editUserDetails.js","statementMap":{"0":{"start":{"line":1,"column":15},"end":{"line":1,"column":32}},"1":{"start":{"line":2,"column":15},"end":{"line":2,"column":32}},"2":{"start":{"line":3,"column":19},"end":{"line":3,"column":52}},"3":{"start":{"line":4,"column":27},"end":{"line":4,"column":79}},"4":{"start":{"line":5,"column":32},"end":{"line":5,"column":61}},"5":{"start":{"line":8,"column":4},"end":{"line":8,"column":54}},"6":{"start":{"line":11,"column":4},"end":{"line":11,"column":58}},"7":{"start":{"line":13,"column":21},"end":{"line":72,"column":1}},"8":{"start":{"line":14,"column":41},"end":{"line":14,"column":49}},"9":{"start":{"line":15,"column":21},"end":{"line":15,"column":36}},"10":{"start":{"line":16,"column":2},"end":{"line":21,"column":3}},"11":{"start":{"line":17,"column":4},"end":{"line":20,"column":7}},"12":{"start":{"line":22,"column":2},"end":{"line":71,"column":3}},"13":{"start":{"line":23,"column":22},"end":{"line":23,"column":50}},"14":{"start":{"line":24,"column":4},"end":{"line":29,"column":5}},"15":{"start":{"line":25,"column":6},"end":{"line":28,"column":9}},"16":{"start":{"line":30,"column":24},"end":{"line":30,"column":26}},"17":{"start":{"line":31,"column":4},"end":{"line":54,"column":5}},"18":{"start":{"line":32,"column":6},"end":{"line":37,"column":7}},"19":{"start":{"line":33,"column":8},"end":{"line":36,"column":11}},"20":{"start":{"line":38,"column":6},"end":{"line":47,"column":7}},"21":{"start":{"line":39,"column":24},"end":{"line":39,"column":35}},"22":{"start":{"line":40,"column":25},"end":{"line":40,"column":58}},"23":{"start":{"line":41,"column":8},"end":{"line":46,"column":9}},"24":{"start":{"line":42,"column":10},"end":{"line":45,"column":13}},"25":{"start":{"line":48,"column":6},"end":{"line":53,"column":7}},"26":{"start":{"line":49,"column":31},"end":{"line":49,"column":65}},"27":{"start":{"line":50,"column":8},"end":{"line":50,"column":48}},"28":{"start":{"line":52,"column":8},"end":{"line":52,"column":47}},"29":{"start":{"line":55,"column":4},"end":{"line":55,"column":80}},"30":{"start":{"line":56,"column":4},"end":{"line":56,"column":42}},"31":{"start":{"line":57,"column":27},"end":{"line":57,"column":73}},"32":{"start":{"line":58,"column":4},"end":{"line":60,"column":5}},"33":{"start":{"line":59,"column":6},"end":{"line":59,"column":59}},"34":{"start":{"line":61,"column":4},"end":{"line":64,"column":7}},"35":{"start":{"line":66,"column":4},"end":{"line":66,"column":68}},"36":{"start":{"line":67,"column":4},"end":{"line":70,"column":7}},"37":{"start":{"line":74,"column":0},"end":{"line":74,"column":34}}},"fnMap":{"0":{"name":"(anonymous_0)","decl":{"start":{"line":13,"column":21},"end":{"line":13,"column":22}},"loc":{"start":{"line":13,"column":41},"end":{"line":72,"column":1}},"line":13}},"branchMap":{"0":{"loc":{"start":{"line":16,"column":2},"end":{"line":21,"column":3}},"type":"if","locations":[{"start":{"line":16,"column":2},"end":{"line":21,"column":3}},{"start":{},"end":{}}],"line":16},"1":{"loc":{"start":{"line":16,"column":5},"end":{"line":16,"column":35}},"type":"binary-expr","locations":[{"start":{"line":16,"column":5},"end":{"line":16,"column":12}},{"start":{"line":16,"column":16},"end":{"line":16,"column":35}}],"line":16},"2":{"loc":{"start":{"line":24,"column":4},"end":{"line":29,"column":5}},"type":"if","locations":[{"start":{"line":24,"column":4},"end":{"line":29,"column":5}},{"start":{},"end":{}}],"line":24},"3":{"loc":{"start":{"line":32,"column":6},"end":{"line":37,"column":7}},"type":"if","locations":[{"start":{"line":32,"column":6},"end":{"line":37,"column":7}},{"start":{},"end":{}}],"line":32},"4":{"loc":{"start":{"line":38,"column":6},"end":{"line":47,"column":7}},"type":"if","locations":[{"start":{"line":38,"column":6},"end":{"line":47,"column":7}},{"start":{},"end":{}}],"line":38},"5":{"loc":{"start":{"line":41,"column":8},"end":{"line":46,"column":9}},"type":"if","locations":[{"start":{"line":41,"column":8},"end":{"line":46,"column":9}},{"start":{},"end":{}}],"line":41},"6":{"loc":{"start":{"line":41,"column":12},"end":{"line":41,"column":43}},"type":"binary-expr","locations":[{"start":{"line":41,"column":12},"end":{"line":41,"column":20}},{"start":{"line":41,"column":24},"end":{"line":41,"column":43}}],"line":41},"7":{"loc":{"start":{"line":48,"column":6},"end":{"line":53,"column":7}},"type":"if","locations":[{"start":{"line":48,"column":6},"end":{"line":53,"column":7}},{"start":{"line":51,"column":13},"end":{"line":53,"column":7}}],"line":48},"8":{"loc":{"start":{"line":58,"column":4},"end":{"line":60,"column":5}},"type":"if","locations":[{"start":{"line":58,"column":4},"end":{"line":60,"column":5}},{"start":{},"end":{}}],"line":58},"9":{"loc":{"start":{"line":58,"column":8},"end":{"line":58,"column":53}},"type":"binary-expr","locations":[{"start":{"line":58,"column":8},"end":{"line":58,"column":22}},{"start":{"line":58,"column":26},"end":{"line":58,"column":53}}],"line":58}},"s":{"0":13,"1":13,"2":13,"3":13,"4":13,"5":13,"6":13,"7":13,"8":4,"9":4,"10":4,"11":1,"12":3,"13":3,"14":3,"15":1,"16":2,"17":2,"18":4,"19":0,"20":4,"21":1,"22":1,"23":1,"24":1,"25":3,"26":1,"27":1,"28":2,"29":1,"30":1,"31":1,"32":1,"33":0,"34":1,"35":0,"36":0,"37":13},"f":{"0":4},"b":{"0":[1,3],"1":[4,3],"2":[1,2],"3":[0,4],"4":[1,3],"5":[1,0],"6":[1,1],"7":[1,2],"8":[0,1],"9":[1,1]},"_coverageSchema":"1a1c01bbd47fc00a2c39e90264f33305004495a9","hash":"7ddc5b762bf1e7bf7004e369ac095c68b383b226"}
,"D:\\FSD Projects\\chat-application\\src\\api\\routes\\admin\\services\\index.js": {"path":"D:\\FSD Projects\\chat-application\\src\\api\\routes\\admin\\services\\index.js","statementMap":{"0":{"start":{"line":1,"column":0},"end":{"line":5,"column":2}}},"fnMap":{},"branchMap":{},"s":{"0":13},"f":{},"b":{},"_coverageSchema":"1a1c01bbd47fc00a2c39e90264f33305004495a9","hash":"4354dbe2dd933be65e5080b5f0b66a8c2676d93c"}
,"D:\\FSD Projects\\chat-application\\src\\api\\routes\\admin\\services\\registerUser.js": {"path":"D:\\FSD Projects\\chat-application\\src\\api\\routes\\admin\\services\\registerUser.js","statementMap":{"0":{"start":{"line":1,"column":15},"end":{"line":1,"column":32}},"1":{"start":{"line":2,"column":11},"end":{"line":2,"column":40}},"2":{"start":{"line":3,"column":15},"end":{"line":3,"column":32}},"3":{"start":{"line":4,"column":19},"end":{"line":4,"column":52}},"4":{"start":{"line":5,"column":26},"end":{"line":5,"column":75}},"5":{"start":{"line":8,"column":4},"end":{"line":8,"column":58}},"6":{"start":{"line":11,"column":4},"end":{"line":11,"column":54}},"7":{"start":{"line":13,"column":21},"end":{"line":81,"column":1}},"8":{"start":{"line":14,"column":54},"end":{"line":14,"column":62}},"9":{"start":{"line":15,"column":21},"end":{"line":15,"column":36}},"10":{"start":{"line":16,"column":2},"end":{"line":21,"column":3}},"11":{"start":{"line":17,"column":4},"end":{"line":20,"column":7}},"12":{"start":{"line":22,"column":2},"end":{"line":80,"column":3}},"13":{"start":{"line":24,"column":21},"end":{"line":24,"column":56}},"14":{"start":{"line":26,"column":4},"end":{"line":56,"column":5}},"15":{"start":{"line":27,"column":26},"end":{"line":31,"column":13}},"16":{"start":{"line":33,"column":6},"end":{"line":55,"column":7}},"17":{"start":{"line":34,"column":8},"end":{"line":37,"column":11}},"18":{"start":{"line":39,"column":26},"end":{"line":39,"column":28}},"19":{"start":{"line":40,"column":31},"end":{"line":40,"column":62}},"20":{"start":{"line":41,"column":8},"end":{"line":41,"column":38}},"21":{"start":{"line":42,"column":8},"end":{"line":42,"column":44}},"22":{"start":{"line":43,"column":8},"end":{"line":43,"column":34}},"23":{"start":{"line":44,"column":8},"end":{"line":44,"column":30}},"24":{"start":{"line":45,"column":8},"end":{"line":45,"column":80}},"25":{"start":{"line":46,"column":8},"end":{"line":46,"column":42}},"26":{"start":{"line":47,"column":31},"end":{"line":47,"column":81}},"27":{"start":{"line":48,"column":8},"end":{"line":50,"column":9}},"28":{"start":{"line":49,"column":10},"end":{"line":49,"column":55}},"29":{"start":{"line":51,"column":8},"end":{"line":54,"column":11}},"30":{"start":{"line":59,"column":27},"end":{"line":59,"column":58}},"31":{"start":{"line":60,"column":25},"end":{"line":66,"column":5}},"32":{"start":{"line":67,"column":4},"end":{"line":69,"column":5}},"33":{"start":{"line":68,"column":6},"end":{"line":68,"column":56}},"34":{"start":{"line":70,"column":4},"end":{"line":73,"column":7}},"35":{"start":{"line":75,"column":4},"end":{"line":75,"column":30}},"36":{"start":{"line":76,"column":4},"end":{"line":79,"column":7}},"37":{"start":{"line":83,"column":0},"end":{"line":83,"column":34}}},"fnMap":{"0":{"name":"(anonymous_0)","decl":{"start":{"line":13,"column":21},"end":{"line":13,"column":22}},"loc":{"start":{"line":13,"column":41},"end":{"line":81,"column":1}},"line":13}},"branchMap":{"0":{"loc":{"start":{"line":16,"column":2},"end":{"line":21,"column":3}},"type":"if","locations":[{"start":{"line":16,"column":2},"end":{"line":21,"column":3}},{"start":{},"end":{}}],"line":16},"1":{"loc":{"start":{"line":16,"column":5},"end":{"line":16,"column":54}},"type":"binary-expr","locations":[{"start":{"line":16,"column":5},"end":{"line":16,"column":14}},{"start":{"line":16,"column":18},"end":{"line":16,"column":28}},{"start":{"line":16,"column":32},"end":{"line":16,"column":41}},{"start":{"line":16,"column":45},"end":{"line":16,"column":54}}],"line":16},"2":{"loc":{"start":{"line":26,"column":4},"end":{"line":56,"column":5}},"type":"if","locations":[{"start":{"line":26,"column":4},"end":{"line":56,"column":5}},{"start":{},"end":{}}],"line":26},"3":{"loc":{"start":{"line":26,"column":8},"end":{"line":26,"column":39}},"type":"binary-expr","locations":[{"start":{"line":26,"column":8},"end":{"line":26,"column":16}},{"start":{"line":26,"column":20},"end":{"line":26,"column":39}}],"line":26},"4":{"loc":{"start":{"line":33,"column":6},"end":{"line":55,"column":7}},"type":"if","locations":[{"start":{"line":33,"column":6},"end":{"line":55,"column":7}},{"start":{"line":38,"column":13},"end":{"line":55,"column":7}}],"line":33},"5":{"loc":{"start":{"line":48,"column":8},"end":{"line":50,"column":9}},"type":"if","locations":[{"start":{"line":48,"column":8},"end":{"line":50,"column":9}},{"start":{},"end":{}}],"line":48},"6":{"loc":{"start":{"line":48,"column":12},"end":{"line":48,"column":57}},"type":"binary-expr","locations":[{"start":{"line":48,"column":12},"end":{"line":48,"column":26}},{"start":{"line":48,"column":30},"end":{"line":48,"column":57}}],"line":48},"7":{"loc":{"start":{"line":67,"column":4},"end":{"line":69,"column":5}},"type":"if","locations":[{"start":{"line":67,"column":4},"end":{"line":69,"column":5}},{"start":{},"end":{}}],"line":67}},"s":{"0":13,"1":13,"2":13,"3":13,"4":13,"5":13,"6":13,"7":13,"8":3,"9":3,"10":3,"11":1,"12":2,"13":2,"14":2,"15":1,"16":1,"17":1,"18":0,"19":0,"20":0,"21":0,"22":0,"23":0,"24":0,"25":0,"26":0,"27":0,"28":0,"29":0,"30":1,"31":1,"32":1,"33":0,"34":1,"35":0,"36":0,"37":13},"f":{"0":3},"b":{"0":[1,2],"1":[3,3,2,2],"2":[1,1],"3":[2,2],"4":[1,0],"5":[0,0],"6":[0,0],"7":[0,1]},"_coverageSchema":"1a1c01bbd47fc00a2c39e90264f33305004495a9","hash":"bf3dd711bff93422b0ad858e153507f7866848cc"}
,"D:\\FSD Projects\\chat-application\\src\\api\\routes\\admin\\services\\revokeUserAccess.js": {"path":"D:\\FSD Projects\\chat-application\\src\\api\\routes\\admin\\services\\revokeUserAccess.js","statementMap":{"0":{"start":{"line":1,"column":15},"end":{"line":1,"column":32}},"1":{"start":{"line":2,"column":19},"end":{"line":2,"column":52}},"2":{"start":{"line":3,"column":27},"end":{"line":3,"column":79}},"3":{"start":{"line":4,"column":28},"end":{"line":4,"column":78}},"4":{"start":{"line":6,"column":25},"end":{"line":42,"column":1}},"5":{"start":{"line":7,"column":21},"end":{"line":7,"column":29}},"6":{"start":{"line":8,"column":21},"end":{"line":8,"column":36}},"7":{"start":{"line":9,"column":2},"end":{"line":14,"column":3}},"8":{"start":{"line":10,"column":4},"end":{"line":13,"column":7}},"9":{"start":{"line":15,"column":2},"end":{"line":41,"column":3}},"10":{"start":{"line":16,"column":22},"end":{"line":16,"column":50}},"11":{"start":{"line":17,"column":4},"end":{"line":22,"column":5}},"12":{"start":{"line":18,"column":6},"end":{"line":21,"column":9}},"13":{"start":{"line":23,"column":25},"end":{"line":23,"column":27}},"14":{"start":{"line":24,"column":4},"end":{"line":24,"column":29}},"15":{"start":{"line":25,"column":4},"end":{"line":25,"column":79}},"16":{"start":{"line":26,"column":4},"end":{"line":26,"column":41}},"17":{"start":{"line":27,"column":27},"end":{"line":27,"column":72}},"18":{"start":{"line":28,"column":4},"end":{"line":30,"column":5}},"19":{"start":{"line":29,"column":6},"end":{"line":29,"column":59}},"20":{"start":{"line":31,"column":4},"end":{"line":34,"column":7}},"21":{"start":{"line":36,"column":4},"end":{"line":36,"column":67}},"22":{"start":{"line":37,"column":4},"end":{"line":40,"column":7}},"23":{"start":{"line":44,"column":0},"end":{"line":44,"column":38}}},"fnMap":{"0":{"name":"(anonymous_0)","decl":{"start":{"line":6,"column":25},"end":{"line":6,"column":26}},"loc":{"start":{"line":6,"column":45},"end":{"line":42,"column":1}},"line":6}},"branchMap":{"0":{"loc":{"start":{"line":9,"column":2},"end":{"line":14,"column":3}},"type":"if","locations":[{"start":{"line":9,"column":2},"end":{"line":14,"column":3}},{"start":{},"end":{}}],"line":9},"1":{"loc":{"start":{"line":17,"column":4},"end":{"line":22,"column":5}},"type":"if","locations":[{"start":{"line":17,"column":4},"end":{"line":22,"column":5}},{"start":{},"end":{}}],"line":17},"2":{"loc":{"start":{"line":28,"column":4},"end":{"line":30,"column":5}},"type":"if","locations":[{"start":{"line":28,"column":4},"end":{"line":30,"column":5}},{"start":{},"end":{}}],"line":28},"3":{"loc":{"start":{"line":28,"column":8},"end":{"line":28,"column":53}},"type":"binary-expr","locations":[{"start":{"line":28,"column":8},"end":{"line":28,"column":22}},{"start":{"line":28,"column":26},"end":{"line":28,"column":53}}],"line":28}},"s":{"0":13,"1":13,"2":13,"3":13,"4":13,"5":3,"6":3,"7":3,"8":1,"9":2,"10":2,"11":2,"12":2,"13":0,"14":0,"15":0,"16":0,"17":0,"18":0,"19":0,"20":0,"21":0,"22":0,"23":13},"f":{"0":3},"b":{"0":[1,2],"1":[2,0],"2":[0,0],"3":[0,0]},"_coverageSchema":"1a1c01bbd47fc00a2c39e90264f33305004495a9","hash":"418e2436c65567140ac4a41f2cb785aef2afac44"}
,"D:\\FSD Projects\\chat-application\\src\\api\\routes\\admin\\tests\\editUserDetails.test.constants.js": {"path":"D:\\FSD Projects\\chat-application\\src\\api\\routes\\admin\\tests\\editUserDetails.test.constants.js","statementMap":{"0":{"start":{"line":1,"column":0},"end":{"line":141,"column":2}}},"fnMap":{},"branchMap":{},"s":{"0":1},"f":{},"b":{},"_coverageSchema":"1a1c01bbd47fc00a2c39e90264f33305004495a9","hash":"f30a5cbfc900a7388b4fb71adf8f27be76c148ff"}
,"D:\\FSD Projects\\chat-application\\src\\api\\routes\\admin\\tests\\registerUser.test.constants.js": {"path":"D:\\FSD Projects\\chat-application\\src\\api\\routes\\admin\\tests\\registerUser.test.constants.js","statementMap":{"0":{"start":{"line":1,"column":0},"end":{"line":77,"column":2}}},"fnMap":{},"branchMap":{},"s":{"0":1},"f":{},"b":{},"_coverageSchema":"1a1c01bbd47fc00a2c39e90264f33305004495a9","hash":"912cc6a9ebf34fd425a6b61cda74bc6c84cf322a"}
,"D:\\FSD Projects\\chat-application\\src\\api\\routes\\admin\\tests\\revokeUserAccess.test.constants.js": {"path":"D:\\FSD Projects\\chat-application\\src\\api\\routes\\admin\\tests\\revokeUserAccess.test.constants.js","statementMap":{"0":{"start":{"line":1,"column":0},"end":{"line":62,"column":2}}},"fnMap":{},"branchMap":{},"s":{"0":1},"f":{},"b":{},"_coverageSchema":"1a1c01bbd47fc00a2c39e90264f33305004495a9","hash":"f78b6c56b4d986d75aa8391ebba6ecef1e03b048"}
,"D:\\FSD Projects\\chat-application\\src\\api\\routes\\auth\\index.js": {"path":"D:\\FSD Projects\\chat-application\\src\\api\\routes\\auth\\index.js","statementMap":{"0":{"start":{"line":1,"column":16},"end":{"line":1,"column":34}},"1":{"start":{"line":3,"column":22},"end":{"line":3,"column":46}},"2":{"start":{"line":5,"column":15},"end":{"line":5,"column":31}},"3":{"start":{"line":7,"column":0},"end":{"line":7,"column":33}},"4":{"start":{"line":9,"column":0},"end":{"line":9,"column":24}}},"fnMap":{},"branchMap":{},"s":{"0":13,"1":13,"2":13,"3":13,"4":13},"f":{},"b":{},"_coverageSchema":"1a1c01bbd47fc00a2c39e90264f33305004495a9","hash":"3a422e83da8a889304aced4c99391d619a831e67"}
,"D:\\FSD Projects\\chat-application\\src\\api\\routes\\auth\\controllers\\index.js": {"path":"D:\\FSD Projects\\chat-application\\src\\api\\routes\\auth\\controllers\\index.js","statementMap":{"0":{"start":{"line":1,"column":0},"end":{"line":3,"column":2}}},"fnMap":{},"branchMap":{},"s":{"0":13},"f":{},"b":{},"_coverageSchema":"1a1c01bbd47fc00a2c39e90264f33305004495a9","hash":"90fda18a181c3b376df26e3415a438c72fd5f920"}
,"D:\\FSD Projects\\chat-application\\src\\api\\routes\\auth\\controllers\\loginUser.js": {"path":"D:\\FSD Projects\\chat-application\\src\\api\\routes\\auth\\controllers\\loginUser.js","statementMap":{"0":{"start":{"line":1,"column":19},"end":{"line":1,"column":52}},"1":{"start":{"line":2,"column":29},"end":{"line":2,"column":51}},"2":{"start":{"line":4,"column":18},"end":{"line":14,"column":1}},"3":{"start":{"line":5,"column":2},"end":{"line":13,"column":3}},"4":{"start":{"line":6,"column":4},"end":{"line":6,"column":37}},"5":{"start":{"line":8,"column":4},"end":{"line":8,"column":54}},"6":{"start":{"line":9,"column":4},"end":{"line":12,"column":7}},"7":{"start":{"line":16,"column":0},"end":{"line":16,"column":31}}},"fnMap":{"0":{"name":"(anonymous_0)","decl":{"start":{"line":4,"column":18},"end":{"line":4,"column":19}},"loc":{"start":{"line":4,"column":38},"end":{"line":14,"column":1}},"line":4}},"branchMap":{},"s":{"0":13,"1":13,"2":13,"3":24,"4":24,"5":0,"6":0,"7":13},"f":{"0":24},"b":{},"_coverageSchema":"1a1c01bbd47fc00a2c39e90264f33305004495a9","hash":"3edc7cce7c237abe9b01b259a18f1de6aa3e61d6"}
,"D:\\FSD Projects\\chat-application\\src\\api\\routes\\auth\\services\\index.js": {"path":"D:\\FSD Projects\\chat-application\\src\\api\\routes\\auth\\services\\index.js","statementMap":{"0":{"start":{"line":1,"column":0},"end":{"line":3,"column":2}}},"fnMap":{},"branchMap":{},"s":{"0":13},"f":{},"b":{},"_coverageSchema":"1a1c01bbd47fc00a2c39e90264f33305004495a9","hash":"bf1a3d0ad520d96349d32d645c877e3365601d01"}
,"D:\\FSD Projects\\chat-application\\src\\api\\routes\\auth\\services\\loginUser.js": {"path":"D:\\FSD Projects\\chat-application\\src\\api\\routes\\auth\\services\\loginUser.js","statementMap":{"0":{"start":{"line":1,"column":15},"end":{"line":1,"column":32}},"1":{"start":{"line":5,"column":4},"end":{"line":5,"column":56}},"2":{"start":{"line":6,"column":20},"end":{"line":6,"column":65}},"3":{"start":{"line":7,"column":19},"end":{"line":7,"column":52}},"4":{"start":{"line":9,"column":25},"end":{"line":53,"column":1}},"5":{"start":{"line":10,"column":2},"end":{"line":52,"column":3}},"6":{"start":{"line":11,"column":32},"end":{"line":11,"column":40}},"7":{"start":{"line":12,"column":25},"end":{"line":12,"column":57}},"8":{"start":{"line":13,"column":4},"end":{"line":19,"column":5}},"9":{"start":{"line":14,"column":6},"end":{"line":14,"column":43}},"10":{"start":{"line":15,"column":6},"end":{"line":18,"column":9}},"11":{"start":{"line":21,"column":4},"end":{"line":24,"column":6}},"12":{"start":{"line":25,"column":4},"end":{"line":30,"column":5}},"13":{"start":{"line":26,"column":6},"end":{"line":29,"column":9}},"14":{"start":{"line":33,"column":18},"end":{"line":36,"column":5}},"15":{"start":{"line":37,"column":24},"end":{"line":37,"column":65}},"16":{"start":{"line":38,"column":4},"end":{"line":40,"column":5}},"17":{"start":{"line":39,"column":6},"end":{"line":39,"column":43}},"18":{"start":{"line":41,"column":4},"end":{"line":45,"column":7}},"19":{"start":{"line":47,"column":4},"end":{"line":47,"column":66}},"20":{"start":{"line":48,"column":4},"end":{"line":51,"column":7}},"21":{"start":{"line":55,"column":0},"end":{"line":55,"column":38}}},"fnMap":{"0":{"name":"(anonymous_0)","decl":{"start":{"line":9,"column":25},"end":{"line":9,"column":26}},"loc":{"start":{"line":9,"column":45},"end":{"line":53,"column":1}},"line":9}},"branchMap":{"0":{"loc":{"start":{"line":13,"column":4},"end":{"line":19,"column":5}},"type":"if","locations":[{"start":{"line":13,"column":4},"end":{"line":19,"column":5}},{"start":{},"end":{}}],"line":13},"1":{"loc":{"start":{"line":23,"column":6},"end":{"line":23,"column":39}},"type":"binary-expr","locations":[{"start":{"line":23,"column":6},"end":{"line":23,"column":33}},{"start":{"line":23,"column":37},"end":{"line":23,"column":39}}],"line":23},"2":{"loc":{"start":{"line":25,"column":4},"end":{"line":30,"column":5}},"type":"if","locations":[{"start":{"line":25,"column":4},"end":{"line":30,"column":5}},{"start":{},"end":{}}],"line":25},"3":{"loc":{"start":{"line":38,"column":4},"end":{"line":40,"column":5}},"type":"if","locations":[{"start":{"line":38,"column":4},"end":{"line":40,"column":5}},{"start":{},"end":{}}],"line":38}},"s":{"0":13,"1":13,"2":13,"3":13,"4":13,"5":24,"6":24,"7":24,"8":24,"9":1,"10":1,"11":23,"12":23,"13":1,"14":22,"15":22,"16":22,"17":0,"18":22,"19":0,"20":0,"21":13},"f":{"0":24},"b":{"0":[1,23],"1":[23,0],"2":[1,22],"3":[0,22]},"_coverageSchema":"1a1c01bbd47fc00a2c39e90264f33305004495a9","hash":"cf7b49fc7acdcc41e70d672393c2b10c1b81b4e4"}
,"D:\\FSD Projects\\chat-application\\src\\api\\routes\\auth\\tests\\login.test.constants.js": {"path":"D:\\FSD Projects\\chat-application\\src\\api\\routes\\auth\\tests\\login.test.constants.js","statementMap":{"0":{"start":{"line":1,"column":0},"end":{"line":43,"column":2}}},"fnMap":{},"branchMap":{},"s":{"0":1},"f":{},"b":{},"_coverageSchema":"1a1c01bbd47fc00a2c39e90264f33305004495a9","hash":"e22312bfeea1ba848958b93354dc57186cd289da"}
,"D:\\FSD Projects\\chat-application\\src\\api\\routes\\groups\\index.js": {"path":"D:\\FSD Projects\\chat-application\\src\\api\\routes\\groups\\index.js","statementMap":{"0":{"start":{"line":1,"column":16},"end":{"line":1,"column":34}},"1":{"start":{"line":10,"column":4},"end":{"line":10,"column":28}},"2":{"start":{"line":12,"column":28},"end":{"line":12,"column":56}},"3":{"start":{"line":14,"column":15},"end":{"line":14,"column":31}},"4":{"start":{"line":16,"column":0},"end":{"line":16,"column":66}},"5":{"start":{"line":18,"column":0},"end":{"line":18,"column":60}},"6":{"start":{"line":20,"column":0},"end":{"line":20,"column":77}},"7":{"start":{"line":22,"column":0},"end":{"line":22,"column":75}},"8":{"start":{"line":24,"column":0},"end":{"line":24,"column":58}},"9":{"start":{"line":26,"column":0},"end":{"line":26,"column":67}},"10":{"start":{"line":28,"column":0},"end":{"line":28,"column":24}}},"fnMap":{},"branchMap":{},"s":{"0":13,"1":13,"2":13,"3":13,"4":13,"5":13,"6":13,"7":13,"8":13,"9":13,"10":13},"f":{},"b":{},"_coverageSchema":"1a1c01bbd47fc00a2c39e90264f33305004495a9","hash":"b7129df94f31d1679174d470842ba9d67a2ca580"}
,"D:\\FSD Projects\\chat-application\\src\\api\\routes\\groups\\controllers\\addMembersToGroup.js": {"path":"D:\\FSD Projects\\chat-application\\src\\api\\routes\\groups\\controllers\\addMembersToGroup.js","statementMap":{"0":{"start":{"line":1,"column":19},"end":{"line":1,"column":52}},"1":{"start":{"line":2,"column":30},"end":{"line":2,"column":52}},"2":{"start":{"line":4,"column":24},"end":{"line":14,"column":1}},"3":{"start":{"line":5,"column":2},"end":{"line":13,"column":3}},"4":{"start":{"line":6,"column":4},"end":{"line":6,"column":38}},"5":{"start":{"line":8,"column":4},"end":{"line":8,"column":65}},"6":{"start":{"line":9,"column":4},"end":{"line":12,"column":7}},"7":{"start":{"line":16,"column":0},"end":{"line":16,"column":37}}},"fnMap":{"0":{"name":"(anonymous_0)","decl":{"start":{"line":4,"column":24},"end":{"line":4,"column":25}},"loc":{"start":{"line":4,"column":44},"end":{"line":14,"column":1}},"line":4}},"branchMap":{},"s":{"0":13,"1":13,"2":13,"3":5,"4":5,"5":0,"6":0,"7":13},"f":{"0":5},"b":{},"_coverageSchema":"1a1c01bbd47fc00a2c39e90264f33305004495a9","hash":"dd40ff2f0065399f4e0fdc60a9d93b8f636f2315"}
,"D:\\FSD Projects\\chat-application\\src\\api\\routes\\groups\\controllers\\createGroup.js": {"path":"D:\\FSD Projects\\chat-application\\src\\api\\routes\\groups\\controllers\\createGroup.js","statementMap":{"0":{"start":{"line":1,"column":19},"end":{"line":1,"column":52}},"1":{"start":{"line":2,"column":24},"end":{"line":2,"column":46}},"2":{"start":{"line":4,"column":23},"end":{"line":14,"column":1}},"3":{"start":{"line":5,"column":2},"end":{"line":13,"column":3}},"4":{"start":{"line":6,"column":4},"end":{"line":6,"column":32}},"5":{"start":{"line":8,"column":4},"end":{"line":8,"column":65}},"6":{"start":{"line":9,"column":4},"end":{"line":12,"column":7}},"7":{"start":{"line":16,"column":0},"end":{"line":16,"column":36}}},"fnMap":{"0":{"name":"(anonymous_0)","decl":{"start":{"line":4,"column":23},"end":{"line":4,"column":24}},"loc":{"start":{"line":4,"column":43},"end":{"line":14,"column":1}},"line":4}},"branchMap":{},"s":{"0":13,"1":13,"2":13,"3":2,"4":2,"5":0,"6":0,"7":13},"f":{"0":2},"b":{},"_coverageSchema":"1a1c01bbd47fc00a2c39e90264f33305004495a9","hash":"2cefbdfbf4bf96daa4619acef69ef6ed82e1bf1a"}
,"D:\\FSD Projects\\chat-application\\src\\api\\routes\\groups\\controllers\\deleteGroup.js": {"path":"D:\\FSD Projects\\chat-application\\src\\api\\routes\\groups\\controllers\\deleteGroup.js","statementMap":{"0":{"start":{"line":1,"column":19},"end":{"line":1,"column":52}},"1":{"start":{"line":2,"column":27},"end":{"line":2,"column":49}},"2":{"start":{"line":4,"column":20},"end":{"line":14,"column":1}},"3":{"start":{"line":5,"column":2},"end":{"line":13,"column":3}},"4":{"start":{"line":6,"column":4},"end":{"line":6,"column":35}},"5":{"start":{"line":8,"column":4},"end":{"line":8,"column":61}},"6":{"start":{"line":9,"column":4},"end":{"line":12,"column":7}},"7":{"start":{"line":16,"column":0},"end":{"line":16,"column":33}}},"fnMap":{"0":{"name":"(anonymous_0)","decl":{"start":{"line":4,"column":20},"end":{"line":4,"column":21}},"loc":{"start":{"line":4,"column":40},"end":{"line":14,"column":1}},"line":4}},"branchMap":{},"s":{"0":13,"1":13,"2":13,"3":4,"4":4,"5":0,"6":0,"7":13},"f":{"0":4},"b":{},"_coverageSchema":"1a1c01bbd47fc00a2c39e90264f33305004495a9","hash":"6a462d32884ee8e48ad90af801d4a6d452c83b7b"}
,"D:\\FSD Projects\\chat-application\\src\\api\\routes\\groups\\controllers\\index.js": {"path":"D:\\FSD Projects\\chat-application\\src\\api\\routes\\groups\\controllers\\index.js","statementMap":{"0":{"start":{"line":1,"column":0},"end":{"line":8,"column":2}}},"fnMap":{},"branchMap":{},"s":{"0":13},"f":{},"b":{},"_coverageSchema":"1a1c01bbd47fc00a2c39e90264f33305004495a9","hash":"139dd7c1a07cc4c87ec5c8918e6db48fcb9a4251"}
,"D:\\FSD Projects\\chat-application\\src\\api\\routes\\groups\\controllers\\listAllGroups.js": {"path":"D:\\FSD Projects\\chat-application\\src\\api\\routes\\groups\\controllers\\listAllGroups.js","statementMap":{"0":{"start":{"line":1,"column":19},"end":{"line":1,"column":52}},"1":{"start":{"line":2,"column":26},"end":{"line":2,"column":48}},"2":{"start":{"line":4,"column":27},"end":{"line":14,"column":1}},"3":{"start":{"line":5,"column":2},"end":{"line":13,"column":3}},"4":{"start":{"line":6,"column":4},"end":{"line":6,"column":34}},"5":{"start":{"line":8,"column":4},"end":{"line":8,"column":66}},"6":{"start":{"line":9,"column":4},"end":{"line":12,"column":7}},"7":{"start":{"line":16,"column":0},"end":{"line":16,"column":40}}},"fnMap":{"0":{"name":"(anonymous_0)","decl":{"start":{"line":4,"column":27},"end":{"line":4,"column":28}},"loc":{"start":{"line":4,"column":47},"end":{"line":14,"column":1}},"line":4}},"branchMap":{},"s":{"0":13,"1":13,"2":13,"3":1,"4":1,"5":0,"6":0,"7":13},"f":{"0":1},"b":{},"_coverageSchema":"1a1c01bbd47fc00a2c39e90264f33305004495a9","hash":"806b1a4b3f8b809e02a3ce2d08e448b54dfa652f"}
,"D:\\FSD Projects\\chat-application\\src\\api\\routes\\groups\\controllers\\removeMemberFromGroup.js": {"path":"D:\\FSD Projects\\chat-application\\src\\api\\routes\\groups\\controllers\\removeMemberFromGroup.js","statementMap":{"0":{"start":{"line":1,"column":19},"end":{"line":1,"column":52}},"1":{"start":{"line":2,"column":34},"end":{"line":2,"column":56}},"2":{"start":{"line":4,"column":19},"end":{"line":14,"column":1}},"3":{"start":{"line":5,"column":2},"end":{"line":13,"column":3}},"4":{"start":{"line":6,"column":4},"end":{"line":6,"column":42}},"5":{"start":{"line":8,"column":4},"end":{"line":8,"column":68}},"6":{"start":{"line":9,"column":4},"end":{"line":12,"column":7}},"7":{"start":{"line":16,"column":0},"end":{"line":16,"column":32}}},"fnMap":{"0":{"name":"(anonymous_0)","decl":{"start":{"line":4,"column":19},"end":{"line":4,"column":20}},"loc":{"start":{"line":4,"column":39},"end":{"line":14,"column":1}},"line":4}},"branchMap":{},"s":{"0":13,"1":13,"2":13,"3":5,"4":5,"5":0,"6":0,"7":13},"f":{"0":5},"b":{},"_coverageSchema":"1a1c01bbd47fc00a2c39e90264f33305004495a9","hash":"689045c794bf9b139a575b5c08e63ddd5d4fca82"}
,"D:\\FSD Projects\\chat-application\\src\\api\\routes\\groups\\controllers\\searchGroupByName.js": {"path":"D:\\FSD Projects\\chat-application\\src\\api\\routes\\groups\\controllers\\searchGroupByName.js","statementMap":{"0":{"start":{"line":1,"column":19},"end":{"line":1,"column":52}},"1":{"start":{"line":2,"column":30},"end":{"line":2,"column":52}},"2":{"start":{"line":4,"column":20},"end":{"line":14,"column":1}},"3":{"start":{"line":5,"column":2},"end":{"line":13,"column":3}},"4":{"start":{"line":6,"column":4},"end":{"line":6,"column":38}},"5":{"start":{"line":8,"column":4},"end":{"line":8,"column":62}},"6":{"start":{"line":9,"column":4},"end":{"line":12,"column":7}},"7":{"start":{"line":16,"column":0},"end":{"line":16,"column":33}}},"fnMap":{"0":{"name":"(anonymous_0)","decl":{"start":{"line":4,"column":20},"end":{"line":4,"column":21}},"loc":{"start":{"line":4,"column":40},"end":{"line":14,"column":1}},"line":4}},"branchMap":{},"s":{"0":13,"1":13,"2":13,"3":4,"4":4,"5":0,"6":0,"7":13},"f":{"0":4},"b":{},"_coverageSchema":"1a1c01bbd47fc00a2c39e90264f33305004495a9","hash":"2eae8933375fceffa6e236b2cad6c3782280ae14"}
,"D:\\FSD Projects\\chat-application\\src\\api\\routes\\groups\\services\\addMembersToGroup.js": {"path":"D:\\FSD Projects\\chat-application\\src\\api\\routes\\groups\\services\\addMembersToGroup.js","statementMap":{"0":{"start":{"line":1,"column":19},"end":{"line":1,"column":52}},"1":{"start":{"line":4,"column":4},"end":{"line":4,"column":57}},"2":{"start":{"line":7,"column":4},"end":{"line":7,"column":56}},"3":{"start":{"line":10,"column":4},"end":{"line":10,"column":61}},"4":{"start":{"line":13,"column":4},"end":{"line":13,"column":60}},"5":{"start":{"line":15,"column":28},"end":{"line":19,"column":1}},"6":{"start":{"line":16,"column":17},"end":{"line":16,"column":63}},"7":{"start":{"line":17,"column":2},"end":{"line":18,"column":19}},"8":{"start":{"line":17,"column":37},"end":{"line":17,"column":50}},"9":{"start":{"line":18,"column":7},"end":{"line":18,"column":19}},"10":{"start":{"line":21,"column":26},"end":{"line":100,"column":1}},"11":{"start":{"line":22,"column":22},"end":{"line":22,"column":32}},"12":{"start":{"line":23,"column":27},"end":{"line":23,"column":35}},"13":{"start":{"line":24,"column":27},"end":{"line":24,"column":35}},"14":{"start":{"line":25,"column":2},"end":{"line":30,"column":3}},"15":{"start":{"line":26,"column":4},"end":{"line":29,"column":7}},"16":{"start":{"line":31,"column":2},"end":{"line":36,"column":3}},"17":{"start":{"line":32,"column":4},"end":{"line":35,"column":7}},"18":{"start":{"line":37,"column":2},"end":{"line":99,"column":3}},"19":{"start":{"line":38,"column":25},"end":{"line":38,"column":57}},"20":{"start":{"line":40,"column":4},"end":{"line":45,"column":5}},"21":{"start":{"line":41,"column":6},"end":{"line":44,"column":9}},"22":{"start":{"line":48,"column":30},"end":{"line":48,"column":72}},"23":{"start":{"line":49,"column":4},"end":{"line":58,"column":5}},"24":{"start":{"line":54,"column":6},"end":{"line":57,"column":9}},"25":{"start":{"line":60,"column":23},"end":{"line":60,"column":47}},"26":{"start":{"line":61,"column":25},"end":{"line":61,"column":27}},"27":{"start":{"line":62,"column":4},"end":{"line":64,"column":7}},"28":{"start":{"line":63,"column":6},"end":{"line":63,"column":33}},"29":{"start":{"line":65,"column":21},"end":{"line":65,"column":23}},"30":{"start":{"line":66,"column":4},"end":{"line":84,"column":5}},"31":{"start":{"line":67,"column":6},"end":{"line":72,"column":7}},"32":{"start":{"line":68,"column":8},"end":{"line":71,"column":11}},"33":{"start":{"line":74,"column":32},"end":{"line":74,"column":74}},"34":{"start":{"line":75,"column":6},"end":{"line":77,"column":7}},"35":{"start":{"line":76,"column":8},"end":{"line":76,"column":17}},"36":{"start":{"line":78,"column":22},"end":{"line":78,"column":24}},"37":{"start":{"line":79,"column":6},"end":{"line":79,"column":32}},"38":{"start":{"line":80,"column":6},"end":{"line":80,"column":30}},"39":{"start":{"line":81,"column":6},"end":{"line":81,"column":26}},"40":{"start":{"line":82,"column":6},"end":{"line":82,"column":31}},"41":{"start":{"line":83,"column":6},"end":{"line":83,"column":29}},"42":{"start":{"line":85,"column":25},"end":{"line":85,"column":61}},"43":{"start":{"line":86,"column":4},"end":{"line":88,"column":5}},"44":{"start":{"line":87,"column":6},"end":{"line":87,"column":58}},"45":{"start":{"line":89,"column":4},"end":{"line":92,"column":7}},"46":{"start":{"line":94,"column":4},"end":{"line":94,"column":65}},"47":{"start":{"line":95,"column":4},"end":{"line":98,"column":7}},"48":{"start":{"line":102,"column":0},"end":{"line":102,"column":60}}},"fnMap":{"0":{"name":"(anonymous_0)","decl":{"start":{"line":15,"column":28},"end":{"line":15,"column":29}},"loc":{"start":{"line":15,"column":57},"end":{"line":19,"column":1}},"line":15},"1":{"name":"(anonymous_1)","decl":{"start":{"line":21,"column":26},"end":{"line":21,"column":27}},"loc":{"start":{"line":21,"column":46},"end":{"line":100,"column":1}},"line":21},"2":{"name":"(anonymous_2)","decl":{"start":{"line":62,"column":23},"end":{"line":62,"column":24}},"loc":{"start":{"line":62,"column":33},"end":{"line":64,"column":5}},"line":62}},"branchMap":{"0":{"loc":{"start":{"line":17,"column":2},"end":{"line":18,"column":19}},"type":"if","locations":[{"start":{"line":17,"column":2},"end":{"line":18,"column":19}},{"start":{"line":18,"column":7},"end":{"line":18,"column":19}}],"line":17},"1":{"loc":{"start":{"line":17,"column":6},"end":{"line":17,"column":35}},"type":"binary-expr","locations":[{"start":{"line":17,"column":6},"end":{"line":17,"column":12}},{"start":{"line":17,"column":16},"end":{"line":17,"column":35}}],"line":17},"2":{"loc":{"start":{"line":25,"column":2},"end":{"line":30,"column":3}},"type":"if","locations":[{"start":{"line":25,"column":2},"end":{"line":30,"column":3}},{"start":{},"end":{}}],"line":25},"3":{"loc":{"start":{"line":31,"column":2},"end":{"line":36,"column":3}},"type":"if","locations":[{"start":{"line":31,"column":2},"end":{"line":36,"column":3}},{"start":{},"end":{}}],"line":31},"4":{"loc":{"start":{"line":31,"column":6},"end":{"line":31,"column":48}},"type":"binary-expr","locations":[{"start":{"line":31,"column":6},"end":{"line":31,"column":19}},{"start":{"line":31,"column":23},"end":{"line":31,"column":48}}],"line":31},"5":{"loc":{"start":{"line":40,"column":4},"end":{"line":45,"column":5}},"type":"if","locations":[{"start":{"line":40,"column":4},"end":{"line":45,"column":5}},{"start":{},"end":{}}],"line":40},"6":{"loc":{"start":{"line":49,"column":4},"end":{"line":58,"column":5}},"type":"if","locations":[{"start":{"line":49,"column":4},"end":{"line":58,"column":5}},{"start":{},"end":{}}],"line":49},"7":{"loc":{"start":{"line":50,"column":6},"end":{"line":52,"column":24}},"type":"binary-expr","locations":[{"start":{"line":50,"column":6},"end":{"line":50,"column":39}},{"start":{"line":51,"column":6},"end":{"line":51,"column":22}},{"start":{"line":52,"column":6},"end":{"line":52,"column":24}}],"line":50},"8":{"loc":{"start":{"line":67,"column":6},"end":{"line":72,"column":7}},"type":"if","locations":[{"start":{"line":67,"column":6},"end":{"line":72,"column":7}},{"start":{},"end":{}}],"line":67},"9":{"loc":{"start":{"line":75,"column":6},"end":{"line":77,"column":7}},"type":"if","locations":[{"start":{"line":75,"column":6},"end":{"line":77,"column":7}},{"start":{},"end":{}}],"line":75},"10":{"loc":{"start":{"line":86,"column":4},"end":{"line":88,"column":5}},"type":"if","locations":[{"start":{"line":86,"column":4},"end":{"line":88,"column":5}},{"start":{},"end":{}}],"line":86}},"s":{"0":13,"1":13,"2":13,"3":13,"4":13,"5":13,"6":16,"7":16,"8":6,"9":10,"10":13,"11":5,"12":5,"13":5,"14":5,"15":0,"16":5,"17":1,"18":4,"19":4,"20":4,"21":1,"22":3,"23":3,"24":1,"25":2,"26":2,"27":2,"28":18,"29":2,"30":2,"31":5,"32":1,"33":4,"34":4,"35":4,"36":0,"37":0,"38":0,"39":0,"40":0,"41":0,"42":1,"43":1,"44":0,"45":1,"46":0,"47":0,"48":13},"f":{"0":16,"1":5,"2":18},"b":{"0":[6,10],"1":[16,16],"2":[0,5],"3":[1,4],"4":[5,4],"5":[1,3],"6":[1,2],"7":[3,3,3],"8":[1,4],"9":[4,0],"10":[0,1]},"_coverageSchema":"1a1c01bbd47fc00a2c39e90264f33305004495a9","hash":"87c4fdc8ea6e7828e8ed2e410799e18eeb695fb5"}
,"D:\\FSD Projects\\chat-application\\src\\api\\routes\\groups\\services\\createGroup.js": {"path":"D:\\FSD Projects\\chat-application\\src\\api\\routes\\groups\\services\\createGroup.js","statementMap":{"0":{"start":{"line":1,"column":19},"end":{"line":1,"column":52}},"1":{"start":{"line":4,"column":4},"end":{"line":4,"column":68}},"2":{"start":{"line":7,"column":4},"end":{"line":7,"column":60}},"3":{"start":{"line":8,"column":27},"end":{"line":8,"column":77}},"4":{"start":{"line":10,"column":20},"end":{"line":47,"column":1}},"5":{"start":{"line":11,"column":24},"end":{"line":11,"column":32}},"6":{"start":{"line":12,"column":21},"end":{"line":12,"column":36}},"7":{"start":{"line":13,"column":2},"end":{"line":18,"column":3}},"8":{"start":{"line":14,"column":4},"end":{"line":17,"column":7}},"9":{"start":{"line":19,"column":2},"end":{"line":46,"column":3}},"10":{"start":{"line":20,"column":25},"end":{"line":20,"column":68}},"11":{"start":{"line":21,"column":4},"end":{"line":23,"column":5}},"12":{"start":{"line":22,"column":6},"end":{"line":22,"column":56}},"13":{"start":{"line":24,"column":20},"end":{"line":24,"column":77}},"14":{"start":{"line":25,"column":36},"end":{"line":32,"column":6}},"15":{"start":{"line":33,"column":4},"end":{"line":35,"column":5}},"16":{"start":{"line":34,"column":6},"end":{"line":34,"column":74}},"17":{"start":{"line":36,"column":4},"end":{"line":39,"column":7}},"18":{"start":{"line":41,"column":4},"end":{"line":41,"column":65}},"19":{"start":{"line":42,"column":4},"end":{"line":45,"column":7}},"20":{"start":{"line":49,"column":0},"end":{"line":49,"column":33}}},"fnMap":{"0":{"name":"(anonymous_0)","decl":{"start":{"line":10,"column":20},"end":{"line":10,"column":21}},"loc":{"start":{"line":10,"column":40},"end":{"line":47,"column":1}},"line":10}},"branchMap":{"0":{"loc":{"start":{"line":13,"column":2},"end":{"line":18,"column":3}},"type":"if","locations":[{"start":{"line":13,"column":2},"end":{"line":18,"column":3}},{"start":{},"end":{}}],"line":13},"1":{"loc":{"start":{"line":21,"column":4},"end":{"line":23,"column":5}},"type":"if","locations":[{"start":{"line":21,"column":4},"end":{"line":23,"column":5}},{"start":{},"end":{}}],"line":21},"2":{"loc":{"start":{"line":33,"column":4},"end":{"line":35,"column":5}},"type":"if","locations":[{"start":{"line":33,"column":4},"end":{"line":35,"column":5}},{"start":{},"end":{}}],"line":33}},"s":{"0":13,"1":13,"2":13,"3":13,"4":13,"5":2,"6":2,"7":2,"8":1,"9":1,"10":1,"11":1,"12":0,"13":1,"14":1,"15":1,"16":0,"17":1,"18":0,"19":0,"20":13},"f":{"0":2},"b":{"0":[1,1],"1":[0,1],"2":[0,1]},"_coverageSchema":"1a1c01bbd47fc00a2c39e90264f33305004495a9","hash":"09e4549dde13136dd57bf32db70345e6b3aa8c54"}
,"D:\\FSD Projects\\chat-application\\src\\api\\routes\\groups\\services\\deleteGroup.js": {"path":"D:\\FSD Projects\\chat-application\\src\\api\\routes\\groups\\services\\deleteGroup.js","statementMap":{"0":{"start":{"line":1,"column":19},"end":{"line":1,"column":52}},"1":{"start":{"line":4,"column":4},"end":{"line":4,"column":57}},"2":{"start":{"line":5,"column":24},"end":{"line":5,"column":71}},"3":{"start":{"line":8,"column":4},"end":{"line":8,"column":61}},"4":{"start":{"line":10,"column":23},"end":{"line":56,"column":1}},"5":{"start":{"line":11,"column":22},"end":{"line":11,"column":30}},"6":{"start":{"line":12,"column":27},"end":{"line":12,"column":35}},"7":{"start":{"line":13,"column":2},"end":{"line":18,"column":3}},"8":{"start":{"line":14,"column":4},"end":{"line":17,"column":7}},"9":{"start":{"line":19,"column":2},"end":{"line":55,"column":3}},"10":{"start":{"line":20,"column":25},"end":{"line":20,"column":57}},"11":{"start":{"line":22,"column":4},"end":{"line":27,"column":5}},"12":{"start":{"line":23,"column":6},"end":{"line":26,"column":9}},"13":{"start":{"line":29,"column":4},"end":{"line":34,"column":5}},"14":{"start":{"line":30,"column":6},"end":{"line":33,"column":9}},"15":{"start":{"line":36,"column":27},"end":{"line":36,"column":53}},"16":{"start":{"line":37,"column":4},"end":{"line":39,"column":5}},"17":{"start":{"line":38,"column":6},"end":{"line":38,"column":61}},"18":{"start":{"line":41,"column":29},"end":{"line":41,"column":65}},"19":{"start":{"line":42,"column":4},"end":{"line":44,"column":5}},"20":{"start":{"line":43,"column":6},"end":{"line":43,"column":69}},"21":{"start":{"line":45,"column":4},"end":{"line":48,"column":7}},"22":{"start":{"line":50,"column":4},"end":{"line":50,"column":61}},"23":{"start":{"line":51,"column":4},"end":{"line":54,"column":7}},"24":{"start":{"line":58,"column":0},"end":{"line":58,"column":36}}},"fnMap":{"0":{"name":"(anonymous_0)","decl":{"start":{"line":10,"column":23},"end":{"line":10,"column":24}},"loc":{"start":{"line":10,"column":43},"end":{"line":56,"column":1}},"line":10}},"branchMap":{"0":{"loc":{"start":{"line":13,"column":2},"end":{"line":18,"column":3}},"type":"if","locations":[{"start":{"line":13,"column":2},"end":{"line":18,"column":3}},{"start":{},"end":{}}],"line":13},"1":{"loc":{"start":{"line":22,"column":4},"end":{"line":27,"column":5}},"type":"if","locations":[{"start":{"line":22,"column":4},"end":{"line":27,"column":5}},{"start":{},"end":{}}],"line":22},"2":{"loc":{"start":{"line":29,"column":4},"end":{"line":34,"column":5}},"type":"if","locations":[{"start":{"line":29,"column":4},"end":{"line":34,"column":5}},{"start":{},"end":{}}],"line":29},"3":{"loc":{"start":{"line":29,"column":8},"end":{"line":29,"column":61}},"type":"binary-expr","locations":[{"start":{"line":29,"column":8},"end":{"line":29,"column":41}},{"start":{"line":29,"column":45},"end":{"line":29,"column":61}}],"line":29},"4":{"loc":{"start":{"line":37,"column":4},"end":{"line":39,"column":5}},"type":"if","locations":[{"start":{"line":37,"column":4},"end":{"line":39,"column":5}},{"start":{},"end":{}}],"line":37},"5":{"loc":{"start":{"line":37,"column":8},"end":{"line":37,"column":53}},"type":"binary-expr","locations":[{"start":{"line":37,"column":8},"end":{"line":37,"column":22}},{"start":{"line":37,"column":26},"end":{"line":37,"column":53}}],"line":37},"6":{"loc":{"start":{"line":42,"column":4},"end":{"line":44,"column":5}},"type":"if","locations":[{"start":{"line":42,"column":4},"end":{"line":44,"column":5}},{"start":{},"end":{}}],"line":42},"7":{"loc":{"start":{"line":42,"column":8},"end":{"line":42,"column":57}},"type":"binary-expr","locations":[{"start":{"line":42,"column":8},"end":{"line":42,"column":24}},{"start":{"line":42,"column":28},"end":{"line":42,"column":57}}],"line":42}},"s":{"0":13,"1":13,"2":13,"3":13,"4":13,"5":4,"6":4,"7":4,"8":1,"9":3,"10":3,"11":3,"12":2,"13":1,"14":1,"15":0,"16":0,"17":0,"18":0,"19":0,"20":0,"21":0,"22":0,"23":0,"24":13},"f":{"0":4},"b":{"0":[1,3],"1":[2,1],"2":[1,0],"3":[1,1],"4":[0,0],"5":[0,0],"6":[0,0],"7":[0,0]},"_coverageSchema":"1a1c01bbd47fc00a2c39e90264f33305004495a9","hash":"cf9a0bf6c119fec5f534bb6c7b0e8e5ff66e2b01"}
,"D:\\FSD Projects\\chat-application\\src\\api\\routes\\groups\\services\\index.js": {"path":"D:\\FSD Projects\\chat-application\\src\\api\\routes\\groups\\services\\index.js","statementMap":{"0":{"start":{"line":1,"column":0},"end":{"line":8,"column":2}}},"fnMap":{},"branchMap":{},"s":{"0":13},"f":{},"b":{},"_coverageSchema":"1a1c01bbd47fc00a2c39e90264f33305004495a9","hash":"b77e8f79ce240c2a1c7db0588246539230ace83f"}
,"D:\\FSD Projects\\chat-application\\src\\api\\routes\\groups\\services\\listAllGroups.js": {"path":"D:\\FSD Projects\\chat-application\\src\\api\\routes\\groups\\services\\listAllGroups.js","statementMap":{"0":{"start":{"line":1,"column":19},"end":{"line":1,"column":52}},"1":{"start":{"line":4,"column":4},"end":{"line":4,"column":60}},"2":{"start":{"line":6,"column":22},"end":{"line":35,"column":1}},"3":{"start":{"line":7,"column":2},"end":{"line":34,"column":3}},"4":{"start":{"line":8,"column":23},"end":{"line":8,"column":51}},"5":{"start":{"line":9,"column":4},"end":{"line":14,"column":5}},"6":{"start":{"line":10,"column":6},"end":{"line":13,"column":9}},"7":{"start":{"line":15,"column":19},"end":{"line":15,"column":21}},"8":{"start":{"line":16,"column":4},"end":{"line":23,"column":7}},"9":{"start":{"line":17,"column":23},"end":{"line":17,"column":25}},"10":{"start":{"line":18,"column":6},"end":{"line":18,"column":28}},"11":{"start":{"line":19,"column":6},"end":{"line":19,"column":42}},"12":{"start":{"line":20,"column":6},"end":{"line":20,"column":42}},"13":{"start":{"line":21,"column":6},"end":{"line":21,"column":42}},"14":{"start":{"line":22,"column":6},"end":{"line":22,"column":28}},"15":{"start":{"line":24,"column":4},"end":{"line":27,"column":7}},"16":{"start":{"line":29,"column":4},"end":{"line":29,"column":61}},"17":{"start":{"line":30,"column":4},"end":{"line":33,"column":7}},"18":{"start":{"line":37,"column":0},"end":{"line":37,"column":35}}},"fnMap":{"0":{"name":"(anonymous_0)","decl":{"start":{"line":6,"column":22},"end":{"line":6,"column":23}},"loc":{"start":{"line":6,"column":42},"end":{"line":35,"column":1}},"line":6},"1":{"name":"(anonymous_1)","decl":{"start":{"line":16,"column":23},"end":{"line":16,"column":24}},"loc":{"start":{"line":16,"column":33},"end":{"line":23,"column":5}},"line":16}},"branchMap":{"0":{"loc":{"start":{"line":9,"column":4},"end":{"line":14,"column":5}},"type":"if","locations":[{"start":{"line":9,"column":4},"end":{"line":14,"column":5}},{"start":{},"end":{}}],"line":9},"1":{"loc":{"start":{"line":9,"column":8},"end":{"line":9,"column":62}},"type":"binary-expr","locations":[{"start":{"line":9,"column":8},"end":{"line":9,"column":19}},{"start":{"line":9,"column":24},"end":{"line":9,"column":34}},{"start":{"line":9,"column":38},"end":{"line":9,"column":61}}],"line":9}},"s":{"0":13,"1":13,"2":13,"3":1,"4":1,"5":1,"6":0,"7":1,"8":1,"9":7,"10":7,"11":7,"12":7,"13":7,"14":7,"15":1,"16":0,"17":0,"18":13},"f":{"0":1,"1":7},"b":{"0":[0,1],"1":[1,1,1]},"_coverageSchema":"1a1c01bbd47fc00a2c39e90264f33305004495a9","hash":"31c46d0ebe91805dd279a46e15542210d1fb49b1"}
,"D:\\FSD Projects\\chat-application\\src\\api\\routes\\groups\\services\\removeMemberFromGroup.js": {"path":"D:\\FSD Projects\\chat-application\\src\\api\\routes\\groups\\services\\removeMemberFromGroup.js","statementMap":{"0":{"start":{"line":1,"column":19},"end":{"line":1,"column":52}},"1":{"start":{"line":2,"column":28},"end":{"line":2,"column":79}},"2":{"start":{"line":5,"column":4},"end":{"line":5,"column":57}},"3":{"start":{"line":6,"column":32},"end":{"line":6,"column":62}},"4":{"start":{"line":8,"column":30},"end":{"line":64,"column":1}},"5":{"start":{"line":9,"column":22},"end":{"line":9,"column":32}},"6":{"start":{"line":10,"column":23},"end":{"line":10,"column":31}},"7":{"start":{"line":11,"column":27},"end":{"line":11,"column":35}},"8":{"start":{"line":12,"column":2},"end":{"line":17,"column":3}},"9":{"start":{"line":13,"column":4},"end":{"line":16,"column":7}},"10":{"start":{"line":18,"column":2},"end":{"line":23,"column":3}},"11":{"start":{"line":19,"column":4},"end":{"line":22,"column":7}},"12":{"start":{"line":24,"column":2},"end":{"line":63,"column":3}},"13":{"start":{"line":25,"column":25},"end":{"line":25,"column":57}},"14":{"start":{"line":27,"column":4},"end":{"line":32,"column":5}},"15":{"start":{"line":28,"column":6},"end":{"line":31,"column":9}},"16":{"start":{"line":34,"column":4},"end":{"line":39,"column":5}},"17":{"start":{"line":35,"column":6},"end":{"line":38,"column":9}},"18":{"start":{"line":41,"column":30},"end":{"line":41,"column":74}},"19":{"start":{"line":42,"column":4},"end":{"line":47,"column":5}},"20":{"start":{"line":43,"column":6},"end":{"line":46,"column":9}},"21":{"start":{"line":49,"column":25},"end":{"line":49,"column":65}},"22":{"start":{"line":50,"column":4},"end":{"line":52,"column":5}},"23":{"start":{"line":51,"column":6},"end":{"line":51,"column":75}},"24":{"start":{"line":53,"column":4},"end":{"line":56,"column":7}},"25":{"start":{"line":58,"column":4},"end":{"line":58,"column":68}},"26":{"start":{"line":59,"column":4},"end":{"line":62,"column":7}},"27":{"start":{"line":66,"column":0},"end":{"line":66,"column":43}}},"fnMap":{"0":{"name":"(anonymous_0)","decl":{"start":{"line":8,"column":30},"end":{"line":8,"column":31}},"loc":{"start":{"line":8,"column":50},"end":{"line":64,"column":1}},"line":8}},"branchMap":{"0":{"loc":{"start":{"line":12,"column":2},"end":{"line":17,"column":3}},"type":"if","locations":[{"start":{"line":12,"column":2},"end":{"line":17,"column":3}},{"start":{},"end":{}}],"line":12},"1":{"loc":{"start":{"line":18,"column":2},"end":{"line":23,"column":3}},"type":"if","locations":[{"start":{"line":18,"column":2},"end":{"line":23,"column":3}},{"start":{},"end":{}}],"line":18},"2":{"loc":{"start":{"line":27,"column":4},"end":{"line":32,"column":5}},"type":"if","locations":[{"start":{"line":27,"column":4},"end":{"line":32,"column":5}},{"start":{},"end":{}}],"line":27},"3":{"loc":{"start":{"line":34,"column":4},"end":{"line":39,"column":5}},"type":"if","locations":[{"start":{"line":34,"column":4},"end":{"line":39,"column":5}},{"start":{},"end":{}}],"line":34},"4":{"loc":{"start":{"line":34,"column":8},"end":{"line":34,"column":61}},"type":"binary-expr","locations":[{"start":{"line":34,"column":8},"end":{"line":34,"column":41}},{"start":{"line":34,"column":45},"end":{"line":34,"column":61}}],"line":34},"5":{"loc":{"start":{"line":42,"column":4},"end":{"line":47,"column":5}},"type":"if","locations":[{"start":{"line":42,"column":4},"end":{"line":47,"column":5}},{"start":{},"end":{}}],"line":42},"6":{"loc":{"start":{"line":50,"column":4},"end":{"line":52,"column":5}},"type":"if","locations":[{"start":{"line":50,"column":4},"end":{"line":52,"column":5}},{"start":{},"end":{}}],"line":50},"7":{"loc":{"start":{"line":50,"column":8},"end":{"line":50,"column":49}},"type":"binary-expr","locations":[{"start":{"line":50,"column":8},"end":{"line":50,"column":20}},{"start":{"line":50,"column":24},"end":{"line":50,"column":49}}],"line":50}},"s":{"0":13,"1":13,"2":13,"3":13,"4":13,"5":5,"6":5,"7":5,"8":5,"9":0,"10":5,"11":1,"12":4,"13":4,"14":4,"15":1,"16":3,"17":1,"18":2,"19":2,"20":2,"21":0,"22":0,"23":0,"24":0,"25":0,"26":0,"27":13},"f":{"0":5},"b":{"0":[0,5],"1":[1,4],"2":[1,3],"3":[1,2],"4":[3,1],"5":[2,0],"6":[0,0],"7":[0,0]},"_coverageSchema":"1a1c01bbd47fc00a2c39e90264f33305004495a9","hash":"0faacdce8cba859349ee2faf41481eeff4929e60"}
,"D:\\FSD Projects\\chat-application\\src\\api\\routes\\groups\\services\\searchGroupByName.js": {"path":"D:\\FSD Projects\\chat-application\\src\\api\\routes\\groups\\services\\searchGroupByName.js","statementMap":{"0":{"start":{"line":1,"column":19},"end":{"line":1,"column":52}},"1":{"start":{"line":4,"column":4},"end":{"line":4,"column":57}},"2":{"start":{"line":6,"column":26},"end":{"line":42,"column":1}},"3":{"start":{"line":7,"column":19},"end":{"line":7,"column":28}},"4":{"start":{"line":8,"column":2},"end":{"line":41,"column":3}},"5":{"start":{"line":9,"column":4},"end":{"line":14,"column":5}},"6":{"start":{"line":10,"column":6},"end":{"line":13,"column":9}},"7":{"start":{"line":15,"column":19},"end":{"line":15,"column":48}},"8":{"start":{"line":16,"column":4},"end":{"line":21,"column":5}},"9":{"start":{"line":17,"column":6},"end":{"line":20,"column":9}},"10":{"start":{"line":22,"column":19},"end":{"line":22,"column":21}},"11":{"start":{"line":23,"column":4},"end":{"line":30,"column":6}},"12":{"start":{"line":24,"column":25},"end":{"line":24,"column":27}},"13":{"start":{"line":25,"column":8},"end":{"line":25,"column":30}},"14":{"start":{"line":26,"column":8},"end":{"line":26,"column":44}},"15":{"start":{"line":27,"column":8},"end":{"line":27,"column":44}},"16":{"start":{"line":28,"column":8},"end":{"line":28,"column":44}},"17":{"start":{"line":29,"column":8},"end":{"line":29,"column":30}},"18":{"start":{"line":31,"column":4},"end":{"line":34,"column":7}},"19":{"start":{"line":36,"column":4},"end":{"line":36,"column":62}},"20":{"start":{"line":37,"column":4},"end":{"line":40,"column":7}},"21":{"start":{"line":44,"column":0},"end":{"line":44,"column":39}}},"fnMap":{"0":{"name":"(anonymous_0)","decl":{"start":{"line":6,"column":26},"end":{"line":6,"column":27}},"loc":{"start":{"line":6,"column":46},"end":{"line":42,"column":1}},"line":6},"1":{"name":"(anonymous_1)","decl":{"start":{"line":23,"column":19},"end":{"line":23,"column":20}},"loc":{"start":{"line":23,"column":29},"end":{"line":30,"column":5}},"line":23}},"branchMap":{"0":{"loc":{"start":{"line":9,"column":4},"end":{"line":14,"column":5}},"type":"if","locations":[{"start":{"line":9,"column":4},"end":{"line":14,"column":5}},{"start":{},"end":{}}],"line":9},"1":{"loc":{"start":{"line":16,"column":4},"end":{"line":21,"column":5}},"type":"if","locations":[{"start":{"line":16,"column":4},"end":{"line":21,"column":5}},{"start":{},"end":{}}],"line":16},"2":{"loc":{"start":{"line":16,"column":8},"end":{"line":16,"column":50}},"type":"binary-expr","locations":[{"start":{"line":16,"column":8},"end":{"line":16,"column":15}},{"start":{"line":16,"column":20},"end":{"line":16,"column":26}},{"start":{"line":16,"column":30},"end":{"line":16,"column":49}}],"line":16}},"s":{"0":13,"1":13,"2":13,"3":4,"4":4,"5":4,"6":1,"7":3,"8":3,"9":2,"10":1,"11":1,"12":1,"13":1,"14":1,"15":1,"16":1,"17":1,"18":1,"19":0,"20":0,"21":13},"f":{"0":4,"1":1},"b":{"0":[1,3],"1":[2,1],"2":[3,3,3]},"_coverageSchema":"1a1c01bbd47fc00a2c39e90264f33305004495a9","hash":"03f8b49f1dc27b7af8ab86107ed074a9d076d277"}
,"D:\\FSD Projects\\chat-application\\src\\api\\routes\\groups\\tests\\addMembersToGroup.test.constants.js": {"path":"D:\\FSD Projects\\chat-application\\src\\api\\routes\\groups\\tests\\addMembersToGroup.test.constants.js","statementMap":{"0":{"start":{"line":1,"column":0},"end":{"line":74,"column":2}}},"fnMap":{},"branchMap":{},"s":{"0":1},"f":{},"b":{},"_coverageSchema":"1a1c01bbd47fc00a2c39e90264f33305004495a9","hash":"d485e0c8369de26b6b2eb524ac23e5c410a3e134"}
,"D:\\FSD Projects\\chat-application\\src\\api\\routes\\groups\\tests\\createGroup.test.constants.js": {"path":"D:\\FSD Projects\\chat-application\\src\\api\\routes\\groups\\tests\\createGroup.test.constants.js","statementMap":{"0":{"start":{"line":1,"column":0},"end":{"line":38,"column":2}}},"fnMap":{},"branchMap":{},"s":{"0":1},"f":{},"b":{},"_coverageSchema":"1a1c01bbd47fc00a2c39e90264f33305004495a9","hash":"90e1a1d322dc81b0e7fbc6a4990d9a695ae94948"}
,"D:\\FSD Projects\\chat-application\\src\\api\\routes\\groups\\tests\\deleteGroup.test.constants.js": {"path":"D:\\FSD Projects\\chat-application\\src\\api\\routes\\groups\\tests\\deleteGroup.test.constants.js","statementMap":{"0":{"start":{"line":1,"column":0},"end":{"line":62,"column":2}}},"fnMap":{},"branchMap":{},"s":{"0":1},"f":{},"b":{},"_coverageSchema":"1a1c01bbd47fc00a2c39e90264f33305004495a9","hash":"f849cd246349bb177f404bf74733d53ee94887c6"}
,"D:\\FSD Projects\\chat-application\\src\\api\\routes\\groups\\tests\\listAllGroups.test.constants.js": {"path":"D:\\FSD Projects\\chat-application\\src\\api\\routes\\groups\\tests\\listAllGroups.test.constants.js","statementMap":{"0":{"start":{"line":1,"column":0},"end":{"line":59,"column":2}}},"fnMap":{},"branchMap":{},"s":{"0":1},"f":{},"b":{},"_coverageSchema":"1a1c01bbd47fc00a2c39e90264f33305004495a9","hash":"d9bba9028ecf86a97cf3cde70c80e4de6343438b"}
,"D:\\FSD Projects\\chat-application\\src\\api\\routes\\groups\\tests\\removeMemberFromGroup.test.constants.js": {"path":"D:\\FSD Projects\\chat-application\\src\\api\\routes\\groups\\tests\\removeMemberFromGroup.test.constants.js","statementMap":{"0":{"start":{"line":1,"column":0},"end":{"line":74,"column":2}}},"fnMap":{},"branchMap":{},"s":{"0":1},"f":{},"b":{},"_coverageSchema":"1a1c01bbd47fc00a2c39e90264f33305004495a9","hash":"d1847828e9636118dc5f462c4fc4904df1318ba4"}
,"D:\\FSD Projects\\chat-application\\src\\api\\routes\\groups\\tests\\searchGroupByName.test.constants.js": {"path":"D:\\FSD Projects\\chat-application\\src\\api\\routes\\groups\\tests\\searchGroupByName.test.constants.js","statementMap":{"0":{"start":{"line":1,"column":0},"end":{"line":59,"column":2}}},"fnMap":{},"branchMap":{},"s":{"0":1},"f":{},"b":{},"_coverageSchema":"1a1c01bbd47fc00a2c39e90264f33305004495a9","hash":"de069177fc12f27f027b49afe884199332056ec4"}
,"D:\\FSD Projects\\chat-application\\src\\api\\routes\\messages\\index.js": {"path":"D:\\FSD Projects\\chat-application\\src\\api\\routes\\messages\\index.js","statementMap":{"0":{"start":{"line":1,"column":16},"end":{"line":1,"column":34}},"1":{"start":{"line":8,"column":4},"end":{"line":8,"column":28}},"2":{"start":{"line":10,"column":28},"end":{"line":10,"column":56}},"3":{"start":{"line":12,"column":15},"end":{"line":12,"column":31}},"4":{"start":{"line":14,"column":0},"end":{"line":14,"column":71}},"5":{"start":{"line":16,"column":0},"end":{"line":16,"column":72}},"6":{"start":{"line":18,"column":0},"end":{"line":18,"column":75}},"7":{"start":{"line":20,"column":0},"end":{"line":24,"column":2}},"8":{"start":{"line":26,"column":0},"end":{"line":26,"column":24}}},"fnMap":{},"branchMap":{},"s":{"0":13,"1":13,"2":13,"3":13,"4":13,"5":13,"6":13,"7":13,"8":13},"f":{},"b":{},"_coverageSchema":"1a1c01bbd47fc00a2c39e90264f33305004495a9","hash":"a3b0cb55e4b5976b36b4c1cce15409257919d8bf"}
,"D:\\FSD Projects\\chat-application\\src\\api\\routes\\messages\\controllers\\deleteMessage.js": {"path":"D:\\FSD Projects\\chat-application\\src\\api\\routes\\messages\\controllers\\deleteMessage.js","statementMap":{"0":{"start":{"line":1,"column":19},"end":{"line":1,"column":52}},"1":{"start":{"line":2,"column":26},"end":{"line":2,"column":48}},"2":{"start":{"line":4,"column":31},"end":{"line":14,"column":1}},"3":{"start":{"line":5,"column":2},"end":{"line":13,"column":3}},"4":{"start":{"line":6,"column":4},"end":{"line":6,"column":34}},"5":{"start":{"line":8,"column":4},"end":{"line":8,"column":63}},"6":{"start":{"line":9,"column":4},"end":{"line":12,"column":7}},"7":{"start":{"line":16,"column":0},"end":{"line":16,"column":44}}},"fnMap":{"0":{"name":"(anonymous_0)","decl":{"start":{"line":4,"column":31},"end":{"line":4,"column":32}},"loc":{"start":{"line":4,"column":51},"end":{"line":14,"column":1}},"line":4}},"branchMap":{},"s":{"0":13,"1":13,"2":13,"3":0,"4":0,"5":0,"6":0,"7":13},"f":{"0":0},"b":{},"_coverageSchema":"1a1c01bbd47fc00a2c39e90264f33305004495a9","hash":"0547b1c7e771b90b18bef3964c39eb8ac8d8e958"}
,"D:\\FSD Projects\\chat-application\\src\\api\\routes\\messages\\controllers\\getAllMessagesOfGroup.js": {"path":"D:\\FSD Projects\\chat-application\\src\\api\\routes\\messages\\controllers\\getAllMessagesOfGroup.js","statementMap":{"0":{"start":{"line":1,"column":19},"end":{"line":1,"column":52}},"1":{"start":{"line":2,"column":36},"end":{"line":2,"column":58}},"2":{"start":{"line":4,"column":24},"end":{"line":14,"column":1}},"3":{"start":{"line":5,"column":2},"end":{"line":13,"column":3}},"4":{"start":{"line":6,"column":4},"end":{"line":6,"column":44}},"5":{"start":{"line":8,"column":4},"end":{"line":8,"column":69}},"6":{"start":{"line":9,"column":4},"end":{"line":12,"column":7}},"7":{"start":{"line":16,"column":0},"end":{"line":16,"column":37}}},"fnMap":{"0":{"name":"(anonymous_0)","decl":{"start":{"line":4,"column":24},"end":{"line":4,"column":25}},"loc":{"start":{"line":4,"column":44},"end":{"line":14,"column":1}},"line":4}},"branchMap":{},"s":{"0":13,"1":13,"2":13,"3":4,"4":4,"5":0,"6":0,"7":13},"f":{"0":4},"b":{},"_coverageSchema":"1a1c01bbd47fc00a2c39e90264f33305004495a9","hash":"5a16cb1707974d7af098dd7663274cb4cc365b79"}
,"D:\\FSD Projects\\chat-application\\src\\api\\routes\\messages\\controllers\\index.js": {"path":"D:\\FSD Projects\\chat-application\\src\\api\\routes\\messages\\controllers\\index.js","statementMap":{"0":{"start":{"line":1,"column":0},"end":{"line":6,"column":2}}},"fnMap":{},"branchMap":{},"s":{"0":13},"f":{},"b":{},"_coverageSchema":"1a1c01bbd47fc00a2c39e90264f33305004495a9","hash":"40cfd86c7fcf46792d59349f7df98b0f5e45ec04"}
,"D:\\FSD Projects\\chat-application\\src\\api\\routes\\messages\\controllers\\likeMessage.js": {"path":"D:\\FSD Projects\\chat-application\\src\\api\\routes\\messages\\controllers\\likeMessage.js","statementMap":{"0":{"start":{"line":1,"column":19},"end":{"line":1,"column":52}},"1":{"start":{"line":2,"column":24},"end":{"line":2,"column":46}},"2":{"start":{"line":4,"column":17},"end":{"line":14,"column":1}},"3":{"start":{"line":5,"column":2},"end":{"line":13,"column":3}},"4":{"start":{"line":6,"column":4},"end":{"line":6,"column":32}},"5":{"start":{"line":8,"column":4},"end":{"line":8,"column":60}},"6":{"start":{"line":9,"column":4},"end":{"line":12,"column":7}},"7":{"start":{"line":16,"column":0},"end":{"line":16,"column":30}}},"fnMap":{"0":{"name":"(anonymous_0)","decl":{"start":{"line":4,"column":17},"end":{"line":4,"column":18}},"loc":{"start":{"line":4,"column":37},"end":{"line":14,"column":1}},"line":4}},"branchMap":{},"s":{"0":13,"1":13,"2":13,"3":2,"4":2,"5":0,"6":0,"7":13},"f":{"0":2},"b":{},"_coverageSchema":"1a1c01bbd47fc00a2c39e90264f33305004495a9","hash":"68c131bf74a26f19a824518495356115dd03f04b"}
,"D:\\FSD Projects\\chat-application\\src\\api\\routes\\messages\\controllers\\sendMessage.js": {"path":"D:\\FSD Projects\\chat-application\\src\\api\\routes\\messages\\controllers\\sendMessage.js","statementMap":{"0":{"start":{"line":1,"column":19},"end":{"line":1,"column":52}},"1":{"start":{"line":2,"column":24},"end":{"line":2,"column":46}},"2":{"start":{"line":4,"column":23},"end":{"line":14,"column":1}},"3":{"start":{"line":5,"column":2},"end":{"line":13,"column":3}},"4":{"start":{"line":6,"column":4},"end":{"line":6,"column":32}},"5":{"start":{"line":8,"column":4},"end":{"line":8,"column":66}},"6":{"start":{"line":9,"column":4},"end":{"line":12,"column":7}},"7":{"start":{"line":16,"column":0},"end":{"line":16,"column":36}}},"fnMap":{"0":{"name":"(anonymous_0)","decl":{"start":{"line":4,"column":23},"end":{"line":4,"column":24}},"loc":{"start":{"line":4,"column":43},"end":{"line":14,"column":1}},"line":4}},"branchMap":{},"s":{"0":13,"1":13,"2":13,"3":4,"4":4,"5":0,"6":0,"7":13},"f":{"0":4},"b":{},"_coverageSchema":"1a1c01bbd47fc00a2c39e90264f33305004495a9","hash":"eccc36ae65826e0e36e71e906dbd7f8d0881192f"}
[...]
,"D:\\FSD Projects\\chat-application\\src\\repositories\\deleteMessage.js": {"path":"D:\\FSD Projects\\chat-application\\src\\repositories\\deleteMessage.js","statementMap":{"0":{"start":{"line":1,"column":11},"end":{"line":1,"column":31}},"1":{"start":{"line":3,"column":24},"end":{"line":13,"column":1}},"2":{"start":{"line":4,"column":2},"end":{"line":12,"column":4}},"3":{"start":{"line":15,"column":0},"end":{"line":15,"column":37}}},"fnMap":{"0":{"name":"(anonymous_0)","decl":{"start":{"line":3,"column":24},"end":{"line":3,"column":25}},"loc":{"start":{"line":3,"column":41},"end":{"line":13,"column":1}},"line":3}},"branchMap":{},"s":{"0":13,"1":13,"2":0,"3":13},"f":{"0":0},"b":{},"_coverageSchema":"1a1c01bbd47fc00a2c39e90264f33305004495a9","hash":"5e4a84f226bf7ff4503b6301ebb0a9d79af303c2"}
,"D:\\FSD Projects\\chat-application\\src\\repositories\\deleteOneMember.js": {"path":"D:\\FSD Projects\\chat-application\\src\\repositories\\deleteOneMember.js","statementMap":{"0":{"start":{"line":1,"column":11},"end":{"line":1,"column":31}},"1":{"start":{"line":3,"column":24},"end":{"line":14,"column":1}},"2":{"start":{"line":4,"column":2},"end":{"line":13,"column":4}},"3":{"start":{"line":16,"column":0},"end":{"line":16,"column":37}}},"fnMap":{"0":{"name":"(anonymous_0)","decl":{"start":{"line":3,"column":24},"end":{"line":3,"column":25}},"loc":{"start":{"line":3,"column":53},"end":{"line":14,"column":1}},"line":3}},"branchMap":{},"s":{"0":13,"1":13,"2":0,"3":13},"f":{"0":0},"b":{},"_coverageSchema":"1a1c01bbd47fc00a2c39e90264f33305004495a9","hash":"0905467a94410523e5d658e7b92cd62575e4150a"}
,"D:\\FSD Projects\\chat-application\\src\\repositories\\fetchAllGroupsFromDb.js": {"path":"D:\\FSD Projects\\chat-application\\src\\repositories\\fetchAllGroupsFromDb.js","statementMap":{"0":{"start":{"line":1,"column":11},"end":{"line":1,"column":31}},"1":{"start":{"line":3,"column":29},"end":{"line":5,"column":1}},"2":{"start":{"line":4,"column":2},"end":{"line":4,"column":65}},"3":{"start":{"line":7,"column":0},"end":{"line":7,"column":42}}},"fnMap":{"0":{"name":"(anonymous_0)","decl":{"start":{"line":3,"column":29},"end":{"line":3,"column":30}},"loc":{"start":{"line":3,"column":41},"end":{"line":5,"column":1}},"line":3}},"branchMap":{},"s":{"0":13,"1":13,"2":1,"3":13},"f":{"0":1},"b":{},"_coverageSchema":"1a1c01bbd47fc00a2c39e90264f33305004495a9","hash":"e638b3e93b0a38979b12fcb08d29d7185966e5d7"}
,"D:\\FSD Projects\\chat-application\\src\\repositories\\fetchGroupDetails.js": {"path":"D:\\FSD Projects\\chat-application\\src\\repositories\\fetchGroupDetails.js","statementMap":{"0":{"start":{"line":1,"column":11},"end":{"line":1,"column":31}},"1":{"start":{"line":3,"column":26},"end":{"line":13,"column":1}},"2":{"start":{"line":4,"column":17},"end":{"line":11,"column":4}},"3":{"start":{"line":12,"column":2},"end":{"line":12,"column":19}},"4":{"start":{"line":15,"column":0},"end":{"line":15,"column":39}}},"fnMap":{"0":{"name":"(anonymous_0)","decl":{"start":{"line":3,"column":26},"end":{"line":3,"column":27}},"loc":{"start":{"line":3,"column":40},"end":{"line":13,"column":1}},"line":3}},"branchMap":{},"s":{"0":13,"1":13,"2":20,"3":20,"4":13},"f":{"0":20},"b":{},"_coverageSchema":"1a1c01bbd47fc00a2c39e90264f33305004495a9","hash":"7a904181547634184e988765c1414ef49eefcd4c"}
,"D:\\FSD Projects\\chat-application\\src\\repositories\\getAllValidUsers.js": {"path":"D:\\FSD Projects\\chat-application\\src\\repositories\\getAllValidUsers.js","statementMap":{"0":{"start":{"line":1,"column":11},"end":{"line":1,"column":31}},"1":{"start":{"line":3,"column":25},"end":{"line":10,"column":1}},"2":{"start":{"line":4,"column":2},"end":{"line":9,"column":5}},"3":{"start":{"line":12,"column":0},"end":{"line":12,"column":38}}},"fnMap":{"0":{"name":"(anonymous_0)","decl":{"start":{"line":3,"column":25},"end":{"line":3,"column":26}},"loc":{"start":{"line":3,"column":37},"end":{"line":10,"column":1}},"line":3}},"branchMap":{},"s":{"0":13,"1":13,"2":2,"3":13},"f":{"0":2},"b":{},"_coverageSchema":"1a1c01bbd47fc00a2c39e90264f33305004495a9","hash":"e1d64a36b623f8a27bea7d5e6dc0332f6d9fb89e"}
,"D:\\FSD Projects\\chat-application\\src\\repositories\\getGroupIdFromNameAndCreator.js": {"path":"D:\\FSD Projects\\chat-application\\src\\repositories\\getGroupIdFromNameAndCreator.js","statementMap":{"0":{"start":{"line":1,"column":11},"end":{"line":1,"column":31}},"1":{"start":{"line":3,"column":37},"end":{"line":13,"column":1}},"2":{"start":{"line":4,"column":2},"end":{"line":12,"column":5}},"3":{"start":{"line":15,"column":0},"end":{"line":15,"column":50}}},"fnMap":{"0":{"name":"(anonymous_0)","decl":{"start":{"line":3,"column":37},"end":{"line":3,"column":38}},"loc":{"start":{"line":3,"column":69},"end":{"line":13,"column":1}},"line":3}},"branchMap":{},"s":{"0":13,"1":13,"2":1,"3":13},"f":{"0":1},"b":{},"_coverageSchema":"1a1c01bbd47fc00a2c39e90264f33305004495a9","hash":"95e5f05bae308afd50ae9a631878a1a6b93c66ff"}
,"D:\\FSD Projects\\chat-application\\src\\repositories\\getGroupMemberDetails.js": {"path":"D:\\FSD Projects\\chat-application\\src\\repositories\\getGroupMemberDetails.js","statementMap":{"0":{"start":{"line":1,"column":11},"end":{"line":1,"column":31}},"1":{"start":{"line":3,"column":30},"end":{"line":13,"column":1}},"2":{"start":{"line":4,"column":2},"end":{"line":12,"column":5}},"3":{"start":{"line":15,"column":0},"end":{"line":15,"column":43}}},"fnMap":{"0":{"name":"(anonymous_0)","decl":{"start":{"line":3,"column":30},"end":{"line":3,"column":31}},"loc":{"start":{"line":3,"column":59},"end":{"line":13,"column":1}},"line":3}},"branchMap":{},"s":{"0":13,"1":13,"2":16,"3":13},"f":{"0":16},"b":{},"_coverageSchema":"1a1c01bbd47fc00a2c39e90264f33305004495a9","hash":"6675c36843b99d1ef496d5c14ec03717b36d42d0"}
,"D:\\FSD Projects\\chat-application\\src\\repositories\\getMessageData.js": {"path":"D:\\FSD Projects\\chat-application\\src\\repositories\\getMessageData.js","statementMap":{"0":{"start":{"line":1,"column":11},"end":{"line":1,"column":31}},"1":{"start":{"line":3,"column":23},"end":{"line":11,"column":1}},"2":{"start":{"line":4,"column":2},"end":{"line":10,"column":5}},"3":{"start":{"line":13,"column":0},"end":{"line":13,"column":36}}},"fnMap":{"0":{"name":"(anonymous_0)","decl":{"start":{"line":3,"column":23},"end":{"line":3,"column":24}},"loc":{"start":{"line":3,"column":44},"end":{"line":11,"column":1}},"line":3}},"branchMap":{},"s":{"0":13,"1":13,"2":1,"3":13},"f":{"0":1},"b":{},"_coverageSchema":"1a1c01bbd47fc00a2c39e90264f33305004495a9","hash":"b044eb519b75ae0bdc449e8ddd2cc555766d4cb3"}
,"D:\\FSD Projects\\chat-application\\src\\repositories\\getMessageSenderId.js": {"path":"D:\\FSD Projects\\chat-application\\src\\repositories\\getMessageSenderId.js","statementMap":{"0":{"start":{"line":1,"column":11},"end":{"line":1,"column":31}},"1":{"start":{"line":3,"column":27},"end":{"line":12,"column":1}},"2":{"start":{"line":4,"column":2},"end":{"line":11,"column":5}},"3":{"start":{"line":14,"column":0},"end":{"line":14,"column":40}}},"fnMap":{"0":{"name":"(anonymous_0)","decl":{"start":{"line":3,"column":27},"end":{"line":3,"column":28}},"loc":{"start":{"line":3,"column":48},"end":{"line":12,"column":1}},"line":3}},"branchMap":{},"s":{"0":13,"1":13,"2":0,"3":13},"f":{"0":0},"b":{},"_coverageSchema":"1a1c01bbd47fc00a2c39e90264f33305004495a9","hash":"9365aa7bc561ac524e8655738b87420a7f63667d"}
,"D:\\FSD Projects\\chat-application\\src\\repositories\\getMsgLikeData.js": {"path":"D:\\FSD Projects\\chat-application\\src\\repositories\\getMsgLikeData.js","statementMap":{"0":{"start":{"line":1,"column":11},"end":{"line":1,"column":31}},"1":{"start":{"line":3,"column":23},"end":{"line":12,"column":1}},"2":{"start":{"line":4,"column":2},"end":{"line":11,"column":5}},"3":{"start":{"line":14,"column":0},"end":{"line":14,"column":36}}},"fnMap":{"0":{"name":"(anonymous_0)","decl":{"start":{"line":3,"column":23},"end":{"line":3,"column":24}},"loc":{"start":{"line":3,"column":52},"end":{"line":12,"column":1}},"line":3}},"branchMap":{},"s":{"0":13,"1":13,"2":1,"3":13},"f":{"0":1},"b":{},"_coverageSchema":"1a1c01bbd47fc00a2c39e90264f33305004495a9","hash":"17b1a1249b4eb09ce3ede2cb7def8f53c3166bd0"}
,"D:\\FSD Projects\\chat-application\\src\\repositories\\getUserIdFromEmail.js": {"path":"D:\\FSD Projects\\chat-application\\src\\repositories\\getUserIdFromEmail.js","statementMap":{"0":{"start":{"line":1,"column":11},"end":{"line":1,"column":31}},"1":{"start":{"line":3,"column":27},"end":{"line":12,"column":1}},"2":{"start":{"line":4,"column":17},"end":{"line":10,"column":4}},"3":{"start":{"line":11,"column":2},"end":{"line":11,"column":16}},"4":{"start":{"line":14,"column":0},"end":{"line":14,"column":40}}},"fnMap":{"0":{"name":"(anonymous_0)","decl":{"start":{"line":3,"column":27},"end":{"line":3,"column":28}},"loc":{"start":{"line":3,"column":46},"end":{"line":12,"column":1}},"line":3}},"branchMap":{},"s":{"0":13,"1":13,"2":3,"3":3,"4":13},"f":{"0":3},"b":{},"_coverageSchema":"1a1c01bbd47fc00a2c39e90264f33305004495a9","hash":"3a2fad66f35267219a7adc0e9c307bce4c63eafc"}
,"D:\\FSD Projects\\chat-application\\src\\repositories\\getUserLoginData.js": {"path":"D:\\FSD Projects\\chat-application\\src\\repositories\\getUserLoginData.js","statementMap":{"0":{"start":{"line":1,"column":11},"end":{"line":1,"column":31}},"1":{"start":{"line":3,"column":28},"end":{"line":19,"column":1}},"2":{"start":{"line":4,"column":17},"end":{"line":11,"column":4}},"3":{"start":{"line":12,"column":2},"end":{"line":14,"column":3}},"4":{"start":{"line":13,"column":4},"end":{"line":13,"column":65}},"5":{"start":{"line":15,"column":25},"end":{"line":15,"column":43}},"6":{"start":{"line":16,"column":17},"end":{"line":16,"column":29}},"7":{"start":{"line":17,"column":19},"end":{"line":17,"column":33}},"8":{"start":{"line":18,"column":2},"end":{"line":18,"column":60}},"9":{"start":{"line":21,"column":23},"end":{"line":34,"column":1}},"10":{"start":{"line":22,"column":17},"end":{"line":29,"column":4}},"11":{"start":{"line":30,"column":2},"end":{"line":32,"column":3}},"12":{"start":{"line":31,"column":4},"end":{"line":31,"column":63}},"13":{"start":{"line":33,"column":2},"end":{"line":33,"column":43}},"14":{"start":{"line":36,"column":0},"end":{"line":36,"column":57}}},"fnMap":{"0":{"name":"(anonymous_0)","decl":{"start":{"line":3,"column":28},"end":{"line":3,"column":29}},"loc":{"start":{"line":3,"column":47},"end":{"line":19,"column":1}},"line":3},"1":{"name":"(anonymous_1)","decl":{"start":{"line":21,"column":23},"end":{"line":21,"column":24}},"loc":{"start":{"line":21,"column":41},"end":{"line":34,"column":1}},"line":21}},"branchMap":{"0":{"loc":{"start":{"line":12,"column":2},"end":{"line":14,"column":3}},"type":"if","locations":[{"start":{"line":12,"column":2},"end":{"line":14,"column":3}},{"start":{},"end":{}}],"line":12},"1":{"loc":{"start":{"line":12,"column":6},"end":{"line":12,"column":48}},"type":"binary-expr","locations":[{"start":{"line":12,"column":6},"end":{"line":12,"column":13}},{"start":{"line":12,"column":18},"end":{"line":12,"column":24}},{"start":{"line":12,"column":28},"end":{"line":12,"column":47}}],"line":12},"2":{"loc":{"start":{"line":30,"column":2},"end":{"line":32,"column":3}},"type":"if","locations":[{"start":{"line":30,"column":2},"end":{"line":32,"column":3}},{"start":{},"end":{}}],"line":30},"3":{"loc":{"start":{"line":30,"column":6},"end":{"line":30,"column":48}},"type":"binary-expr","locations":[{"start":{"line":30,"column":6},"end":{"line":30,"column":13}},{"start":{"line":30,"column":18},"end":{"line":30,"column":24}},{"start":{"line":30,"column":28},"end":{"line":30,"column":47}}],"line":30}},"s":{"0":13,"1":13,"2":24,"3":24,"4":1,"5":23,"6":23,"7":23,"8":23,"9":13,"10":27,"11":27,"12":3,"13":24,"14":13},"f":{"0":24,"1":27},"b":{"0":[1,23],"1":[24,24,24],"2":[3,24],"3":[27,27,27]},"_coverageSchema":"1a1c01bbd47fc00a2c39e90264f33305004495a9","hash":"b3bd1665c46d426e59c68b2fe99e0456acea83d6"}
,"D:\\FSD Projects\\chat-application\\src\\repositories\\insertInLikesTable.js": {"path":"D:\\FSD Projects\\chat-application\\src\\repositories\\insertInLikesTable.js","statementMap":{"0":{"start":{"line":1,"column":11},"end":{"line":1,"column":31}},"1":{"start":{"line":3,"column":27},"end":{"line":5,"column":1}},"2":{"start":{"line":4,"column":2},"end":{"line":4,"column":38}},"3":{"start":{"line":7,"column":0},"end":{"line":7,"column":40}}},"fnMap":{"0":{"name":"(anonymous_0)","decl":{"start":{"line":3,"column":27},"end":{"line":3,"column":28}},"loc":{"start":{"line":3,"column":43},"end":{"line":5,"column":1}},"line":3}},"branchMap":{},"s":{"0":13,"1":13,"2":1,"3":13},"f":{"0":1},"b":{},"_coverageSchema":"1a1c01bbd47fc00a2c39e90264f33305004495a9","hash":"86cf1100a07351cd2d402df4a1fbfa881570b8e3"}
,"D:\\FSD Projects\\chat-application\\src\\repositories\\insertMembersToGroup.js": {"path":"D:\\FSD Projects\\chat-application\\src\\repositories\\insertMembersToGroup.js","statementMap":{"0":{"start":{"line":1,"column":11},"end":{"line":1,"column":31}},"1":{"start":{"line":3,"column":29},"end":{"line":5,"column":1}},"2":{"start":{"line":4,"column":2},"end":{"line":4,"column":48}},"3":{"start":{"line":7,"column":0},"end":{"line":7,"column":42}}},"fnMap":{"0":{"name":"(anonymous_0)","decl":{"start":{"line":3,"column":29},"end":{"line":3,"column":30}},"loc":{"start":{"line":3,"column":51},"end":{"line":5,"column":1}},"line":3}},"branchMap":{},"s":{"0":13,"1":13,"2":2,"3":13},"f":{"0":2},"b":{},"_coverageSchema":"1a1c01bbd47fc00a2c39e90264f33305004495a9","hash":"576b25c4fb5875a253c268dbc2a109752a88a041"}
,"D:\\FSD Projects\\chat-application\\src\\repositories\\insertNewGroup.js": {"path":"D:\\FSD Projects\\chat-application\\src\\repositories\\insertNewGroup.js","statementMap":{"0":{"start":{"line":1,"column":11},"end":{"line":1,"column":31}},"1":{"start":{"line":3,"column":23},"end":{"line":11,"column":1}},"2":{"start":{"line":7,"column":2},"end":{"line":10,"column":5}},"3":{"start":{"line":13,"column":0},"end":{"line":13,"column":36}}},"fnMap":{"0":{"name":"(anonymous_0)","decl":{"start":{"line":3,"column":23},"end":{"line":3,"column":24}},"loc":{"start":{"line":6,"column":5},"end":{"line":11,"column":1}},"line":6}},"branchMap":{},"s":{"0":13,"1":13,"2":1,"3":13},"f":{"0":1},"b":{},"_coverageSchema":"1a1c01bbd47fc00a2c39e90264f33305004495a9","hash":"0561aeba3f37ec4f855db59ecbe79e8e70c75c4a"}
,"D:\\FSD Projects\\chat-application\\src\\repositories\\insertNewMessage.js": {"path":"D:\\FSD Projects\\chat-application\\src\\repositories\\insertNewMessage.js","statementMap":{"0":{"start":{"line":1,"column":11},"end":{"line":1,"column":31}},"1":{"start":{"line":3,"column":26},"end":{"line":5,"column":1}},"2":{"start":{"line":4,"column":2},"end":{"line":4,"column":34}},"3":{"start":{"line":7,"column":0},"end":{"line":7,"column":39}}},"fnMap":{"0":{"name":"(anonymous_0)","decl":{"start":{"line":3,"column":26},"end":{"line":3,"column":27}},"loc":{"start":{"line":3,"column":42},"end":{"line":5,"column":1}},"line":3}},"branchMap":{},"s":{"0":13,"1":13,"2":1,"3":13},"f":{"0":1},"b":{},"_coverageSchema":"1a1c01bbd47fc00a2c39e90264f33305004495a9","hash":"74bd8b615ec4c52a7ebc3f99379e5d77641547a9"}
,"D:\\FSD Projects\\chat-application\\src\\repositories\\insertNewUser.js": {"path":"D:\\FSD Projects\\chat-application\\src\\repositories\\insertNewUser.js","statementMap":{"0":{"start":{"line":1,"column":11},"end":{"line":1,"column":31}},"1":{"start":{"line":3,"column":22},"end":{"line":18,"column":1}},"2":{"start":{"line":10,"column":2},"end":{"line":17,"column":5}},"3":{"start":{"line":20,"column":0},"end":{"line":20,"column":35}}},"fnMap":{"0":{"name":"(anonymous_0)","decl":{"start":{"line":3,"column":22},"end":{"line":3,"column":23}},"loc":{"start":{"line":9,"column":5},"end":{"line":18,"column":1}},"line":9}},"branchMap":{},"s":{"0":13,"1":13,"2":1,"3":13},"f":{"0":1},"b":{},"_coverageSchema":"1a1c01bbd47fc00a2c39e90264f33305004495a9","hash":"9926d08ea78856193ceee697c188d2f654cacd6b"}
,"D:\\FSD Projects\\chat-application\\src\\repositories\\removeLikes.js": {"path":"D:\\FSD Projects\\chat-application\\src\\repositories\\removeLikes.js","statementMap":{"0":{"start":{"line":1,"column":11},"end":{"line":1,"column":31}},"1":{"start":{"line":3,"column":26},"end":{"line":13,"column":1}},"2":{"start":{"line":4,"column":2},"end":{"line":12,"column":4}},"3":{"start":{"line":15,"column":0},"end":{"line":15,"column":39}}},"fnMap":{"0":{"name":"(anonymous_0)","decl":{"start":{"line":3,"column":26},"end":{"line":3,"column":27}},"loc":{"start":{"line":3,"column":43},"end":{"line":13,"column":1}},"line":3}},"branchMap":{},"s":{"0":13,"1":13,"2":0,"3":13},"f":{"0":0},"b":{},"_coverageSchema":"1a1c01bbd47fc00a2c39e90264f33305004495a9","hash":"2ae1a74c4f1c7bc8470dfa6cc0643f5f1d0da8ac"}
,"D:\\FSD Projects\\chat-application\\src\\repositories\\searchByGroupName.js": {"path":"D:\\FSD Projects\\chat-application\\src\\repositories\\searchByGroupName.js","statementMap":{"0":{"start":{"line":1,"column":15},"end":{"line":1,"column":35}},"1":{"start":{"line":2,"column":11},"end":{"line":2,"column":31}},"2":{"start":{"line":4,"column":26},"end":{"line":15,"column":1}},"3":{"start":{"line":5,"column":2},"end":{"line":14,"column":5}},"4":{"start":{"line":17,"column":0},"end":{"line":17,"column":39}}},"fnMap":{"0":{"name":"(anonymous_0)","decl":{"start":{"line":4,"column":26},"end":{"line":4,"column":27}},"loc":{"start":{"line":4,"column":48},"end":{"line":15,"column":1}},"line":4}},"branchMap":{},"s":{"0":13,"1":13,"2":13,"3":3,"4":13},"f":{"0":3},"b":{},"_coverageSchema":"1a1c01bbd47fc00a2c39e90264f33305004495a9","hash":"86b6b9d3a10f4c7d500bd9544028398f83ecc9af"}
,"D:\\FSD Projects\\chat-application\\src\\repositories\\updateMessageLikes.js": {"path":"D:\\FSD Projects\\chat-application\\src\\repositories\\updateMessageLikes.js","statementMap":{"0":{"start":{"line":1,"column":11},"end":{"line":1,"column":31}},"1":{"start":{"line":3,"column":25},"end":{"line":11,"column":1}},"2":{"start":{"line":4,"column":2},"end":{"line":10,"column":5}},"3":{"start":{"line":13,"column":0},"end":{"line":13,"column":38}}},"fnMap":{"0":{"name":"(anonymous_0)","decl":{"start":{"line":3,"column":25},"end":{"line":3,"column":26}},"loc":{"start":{"line":3,"column":39},"end":{"line":11,"column":1}},"line":3}},"branchMap":{},"s":{"0":13,"1":13,"2":1,"3":13},"f":{"0":1},"b":{},"_coverageSchema":"1a1c01bbd47fc00a2c39e90264f33305004495a9","hash":"764b5134f23e3f4ef2b5f5f8691e39242127abb5"}
,"D:\\FSD Projects\\chat-application\\src\\repositories\\updateUserData.js": {"path":"D:\\FSD Projects\\chat-application\\src\\repositories\\updateUserData.js","statementMap":{"0":{"start":{"line":1,"column":20},"end":{"line":1,"column":37}},"1":{"start":{"line":2,"column":11},"end":{"line":2,"column":31}},"2":{"start":{"line":4,"column":26},"end":{"line":10,"column":1}},"3":{"start":{"line":5,"column":2},"end":{"line":9,"column":5}},"4":{"start":{"line":12,"column":0},"end":{"line":12,"column":39}}},"fnMap":{"0":{"name":"(anonymous_0)","decl":{"start":{"line":4,"column":26},"end":{"line":4,"column":27}},"loc":{"start":{"line":4,"column":59},"end":{"line":10,"column":1}},"line":4}},"branchMap":{},"s":{"0":13,"1":13,"2":13,"3":1,"4":13},"f":{"0":1},"b":{},"_coverageSchema":"1a1c01bbd47fc00a2c39e90264f33305004495a9","hash":"5c106c0b8215113c56148683e4fd7b664c810f43"}
}
