TN:
SF:src\app.js
FN:15,(anonymous_0)
FN:17,(anonymous_1)
FNF:2
FNH:2
FNDA:80,(anonymous_0)
FNDA:80,(anonymous_1)
DA:1,13
DA:2,13
DA:3,13
DA:4,13
DA:5,13
DA:7,13
DA:9,13
DA:11,13
DA:13,13
DA:15,13
DA:16,80
DA:17,80
DA:18,80
DA:19,80
DA:27,80
DA:30,13
DA:32,13
DA:34,13
LF:18
LH:18
BRF:0
BRH:0
end_of_record
TN:
SF:src\api\index.js
FNF:0
FNH:0
DA:1,13
DA:3,13
DA:5,13
DA:6,13
DA:7,13
DA:8,13
DA:10,13
DA:11,13
DA:12,13
DA:13,13
DA:15,13
LF:11
LH:11
BRF:0
BRH:0
end_of_record
TN:
SF:src\api\middlewares\index.js
FNF:0
FNH:0
DA:1,13
LF:1
LH:1
BRF:0
BRH:0
end_of_record
TN:
SF:src\api\middlewares\auth\index.js
FN:6,(anonymous_0)
FN:40,(anonymous_1)
FN:41,(anonymous_2)
FNF:3
FNH:3
FNDA:69,(anonymous_0)
FNDA:13,(anonymous_1)
FNDA:13,(anonymous_2)
DA:1,13
DA:2,13
DA:3,13
DA:6,13
DA:9,69
DA:10,69
DA:11,12
DA:16,57
DA:17,57
DA:18,0
DA:22,57
DA:23,57
DA:24,57
DA:25,0
DA:29,57
DA:30,57
DA:32,0
DA:33,0
DA:40,13
DA:41,13
DA:42,13
DA:43,3
DA:48,10
DA:52,13
LF:24
LH:20
BRDA:9,0,0,69
BRDA:9,0,1,57
BRDA:10,1,0,12
BRDA:10,1,1,57
BRDA:10,2,0,69
BRDA:10,2,1,57
BRDA:16,3,0,57
BRDA:16,3,1,57
BRDA:17,4,0,0
BRDA:17,4,1,57
BRDA:24,5,0,0
BRDA:24,5,1,57
BRDA:24,6,0,57
BRDA:24,6,1,57
BRDA:24,6,2,57
BRDA:42,7,0,3
BRDA:42,7,1,10
BRF:17
BRH:15
end_of_record
TN:
SF:src\api\middlewares\auth\services.js
FN:6,(anonymous_0)
FN:16,(anonymous_1)
FNF:2
FNH:2
FNDA:22,(anonymous_0)
FNDA:57,(anonymous_1)
DA:1,13
DA:3,13
DA:6,13
DA:7,22
DA:16,13
DA:17,57
DA:18,57
DA:23,57
DA:25,0
DA:29,13
LF:10
LH:9
BRDA:8,0,0,22
BRDA:8,0,1,0
BRDA:9,1,0,22
BRDA:9,1,1,0
BRDA:19,2,0,57
BRDA:19,2,1,0
BRDA:20,3,0,57
BRDA:20,3,1,0
BRF:8
BRH:4
end_of_record
TN:
SF:src\api\routes\admin\index.js
FNF:0
FNH:0
DA:1,13
DA:3,13
DA:5,13
DA:7,13
DA:9,13
DA:16,13
DA:23,13
DA:30,13
LF:8
LH:8
BRF:0
BRH:0
end_of_record
TN:
SF:src\api\routes\admin\controllers\editUserDetails.js
FN:4,(anonymous_0)
FNF:1
FNH:1
FNDA:4,(anonymous_0)
DA:1,13
DA:2,13
DA:4,13
DA:5,4
DA:6,4
DA:8,0
DA:9,0
DA:16,13
LF:8
LH:6
BRF:0
BRH:0
end_of_record
TN:
SF:src\api\routes\admin\controllers\index.js
FNF:0
FNH:0
DA:1,13
LF:1
LH:1
BRF:0
BRH:0
end_of_record
TN:
SF:src\api\routes\admin\controllers\registerUser.js
FN:4,(anonymous_0)
FNF:1
FNH:1
FNDA:3,(anonymous_0)
DA:1,13
DA:2,13
DA:4,13
DA:5,3
DA:6,3
DA:8,0
DA:9,0
DA:16,13
LF:8
LH:6
BRF:0
BRH:0
end_of_record
TN:
SF:src\api\routes\admin\controllers\revokeUserAccess.js
FN:4,(anonymous_0)
FNF:1
FNH:1
FNDA:3,(anonymous_0)
DA:1,13
DA:2,13
DA:4,13
DA:5,3
DA:6,3
DA:8,0
DA:9,0
DA:16,13
LF:8
LH:6
BRF:0
BRH:0
end_of_record
TN:
SF:src\api\routes\admin\services\editUserDetails.js
FN:13,(anonymous_0)
FNF:1
FNH:1
FNDA:4,(anonymous_0)
DA:1,13
DA:2,13
DA:3,13
DA:4,13
DA:5,13
DA:8,13
DA:11,13
DA:13,13
DA:14,4
DA:15,4
DA:16,4
DA:17,1
DA:22,3
DA:23,3
DA:24,3
DA:25,1
DA:30,2
DA:31,2
DA:32,4
DA:33,0
DA:38,4
DA:39,1
DA:40,1
DA:41,1
DA:42,1
DA:48,3
DA:49,1
DA:50,1
DA:52,2
DA:55,1
DA:56,1
DA:57,1
DA:58,1
DA:59,0
DA:61,1
DA:66,0
DA:67,0
DA:74,13
LF:38
LH:34
BRDA:16,0,0,1
BRDA:16,0,1,3
BRDA:16,1,0,4
BRDA:16,1,1,3
BRDA:24,2,0,1
BRDA:24,2,1,2
BRDA:32,3,0,0
BRDA:32,3,1,4
BRDA:38,4,0,1
BRDA:38,4,1,3
BRDA:41,5,0,1
BRDA:41,5,1,0
BRDA:41,6,0,1
BRDA:41,6,1,1
BRDA:48,7,0,1
BRDA:48,7,1,2
BRDA:58,8,0,0
BRDA:58,8,1,1
BRDA:58,9,0,1
BRDA:58,9,1,1
BRF:20
BRH:17
end_of_record
TN:
SF:src\api\routes\admin\services\index.js
FNF:0
FNH:0
DA:1,13
LF:1
LH:1
BRF:0
BRH:0
end_of_record
TN:
SF:src\api\routes\admin\services\registerUser.js
FN:13,(anonymous_0)
FNF:1
FNH:1
FNDA:3,(anonymous_0)
DA:1,13
DA:2,13
DA:3,13
DA:4,13
DA:5,13
DA:8,13
DA:11,13
DA:13,13
DA:14,3
DA:15,3
DA:16,3
DA:17,1
DA:22,2
DA:24,2
DA:26,2
DA:27,1
DA:33,1
DA:34,1
DA:39,0
DA:40,0
DA:41,0
DA:42,0
DA:43,0
DA:44,0
DA:45,0
DA:46,0
DA:47,0
DA:48,0
DA:49,0
DA:51,0
DA:59,1
DA:60,1
DA:67,1
DA:68,0
DA:70,1
DA:75,0
DA:76,0
DA:83,13
LF:38
LH:23
BRDA:16,0,0,1
BRDA:16,0,1,2
BRDA:16,1,0,3
BRDA:16,1,1,3
BRDA:16,1,2,2
BRDA:16,1,3,2
BRDA:26,2,0,1
BRDA:26,2,1,1
BRDA:26,3,0,2
BRDA:26,3,1,2
BRDA:33,4,0,1
BRDA:33,4,1,0
BRDA:48,5,0,0
BRDA:48,5,1,0
BRDA:48,6,0,0
BRDA:48,6,1,0
BRDA:67,7,0,0
BRDA:67,7,1,1
BRF:18
BRH:12
end_of_record
TN:
SF:src\api\routes\admin\services\revokeUserAccess.js
FN:6,(anonymous_0)
FNF:1
FNH:1
FNDA:3,(anonymous_0)
DA:1,13
DA:2,13
DA:3,13
DA:4,13
DA:6,13
DA:7,3
DA:8,3
DA:9,3
DA:10,1
DA:15,2
DA:16,2
DA:17,2
DA:18,2
DA:23,0
DA:24,0
DA:25,0
DA:26,0
DA:27,0
DA:28,0
DA:29,0
DA:31,0
DA:36,0
DA:37,0
DA:44,13
LF:24
LH:14
BRDA:9,0,0,1
BRDA:9,0,1,2
BRDA:17,1,0,2
BRDA:17,1,1,0
BRDA:28,2,0,0
BRDA:28,2,1,0
BRDA:28,3,0,0
BRDA:28,3,1,0
BRF:8
BRH:3
end_of_record
TN:
SF:src\api\routes\admin\tests\editUserDetails.test.constants.js
FNF:0
FNH:0
DA:1,1
LF:1
LH:1
BRF:0
BRH:0
end_of_record
TN:
SF:src\api\routes\admin\tests\registerUser.test.constants.js
FNF:0
FNH:0
DA:1,1
LF:1
LH:1
BRF:0
BRH:0
end_of_record
TN:
SF:src\api\routes\admin\tests\revokeUserAccess.test.constants.js
FNF:0
FNH:0
DA:1,1
LF:1
LH:1
BRF:0
BRH:0
end_of_record
TN:
SF:src\api\routes\auth\index.js
FNF:0
FNH:0
DA:1,13
DA:3,13
DA:5,13
DA:7,13
DA:9,13
LF:5
LH:5
BRF:0
BRH:0
end_of_record
TN:
SF:src\api\routes\auth\controllers\index.js
FNF:0
FNH:0
DA:1,13
LF:1
LH:1
BRF:0
BRH:0
end_of_record
TN:
SF:src\api\routes\auth\controllers\loginUser.js
FN:4,(anonymous_0)
FNF:1
FNH:1
FNDA:24,(anonymous_0)
DA:1,13
DA:2,13
DA:4,13
DA:5,24
DA:6,24
DA:8,0
DA:9,0
DA:16,13
LF:8
LH:6
BRF:0
BRH:0
end_of_record
TN:
SF:src\api\routes\auth\services\index.js
FNF:0
FNH:0
DA:1,13
LF:1
LH:1
BRF:0
BRH:0
end_of_record
TN:
SF:src\api\routes\auth\services\loginUser.js
FN:9,(anonymous_0)
FNF:1
FNH:1
FNDA:24,(anonymous_0)
DA:1,13
DA:5,13
DA:6,13
DA:7,13
DA:9,13
DA:10,24
DA:11,24
DA:12,24
DA:13,24
DA:14,1
DA:15,1
DA:21,23
DA:25,23
DA:26,1
DA:33,22
DA:37,22
DA:38,22
DA:39,0
DA:41,22
DA:47,0
DA:48,0
DA:55,13
LF:22
LH:19
BRDA:13,0,0,1
BRDA:13,0,1,23
BRDA:23,1,0,23
BRDA:23,1,1,0
BRDA:25,2,0,1
BRDA:25,2,1,22
BRDA:38,3,0,0
BRDA:38,3,1,22
BRF:8
BRH:6
end_of_record
TN:
SF:src\api\routes\auth\tests\login.test.constants.js
FNF:0
FNH:0
DA:1,1
LF:1
LH:1
BRF:0
BRH:0
end_of_record
TN:
SF:src\api\routes\groups\index.js
FNF:0
FNH:0
DA:1,13
DA:10,13
DA:12,13
DA:14,13
DA:16,13
DA:18,13
DA:20,13
DA:22,13
DA:24,13
DA:26,13
DA:28,13
LF:11
LH:11
BRF:0
BRH:0
end_of_record
TN:
SF:src\api\routes\groups\controllers\addMembersToGroup.js
FN:4,(anonymous_0)
FNF:1
FNH:1
FNDA:5,(anonymous_0)
DA:1,13
DA:2,13
DA:4,13
DA:5,5
DA:6,5
DA:8,0
DA:9,0
DA:16,13
LF:8
LH:6
BRF:0
BRH:0
end_of_record
TN:
SF:src\api\routes\groups\controllers\createGroup.js
FN:4,(anonymous_0)
FNF:1
FNH:1
FNDA:2,(anonymous_0)
DA:1,13
DA:2,13
DA:4,13
DA:5,2
DA:6,2
DA:8,0
DA:9,0
DA:16,13
LF:8
LH:6
BRF:0
BRH:0
end_of_record
TN:
SF:src\api\routes\groups\controllers\deleteGroup.js
FN:4,(anonymous_0)
FNF:1
FNH:1
FNDA:4,(anonymous_0)
DA:1,13
DA:2,13
DA:4,13
DA:5,4
DA:6,4
DA:8,0
DA:9,0
DA:16,13
LF:8
LH:6
BRF:0
BRH:0
end_of_record
TN:
SF:src\api\routes\groups\controllers\index.js
FNF:0
FNH:0
DA:1,13
LF:1
LH:1
BRF:0
BRH:0
end_of_record
TN:
SF:src\api\routes\groups\controllers\listAllGroups.js
FN:4,(anonymous_0)
FNF:1
FNH:1
FNDA:1,(anonymous_0)
DA:1,13
DA:2,13
DA:4,13
DA:5,1
DA:6,1
DA:8,0
DA:9,0
DA:16,13
LF:8
LH:6
BRF:0
BRH:0
end_of_record
TN:
SF:src\api\routes\groups\controllers\removeMemberFromGroup.js
FN:4,(anonymous_0)
FNF:1
FNH:1
FNDA:5,(anonymous_0)
DA:1,13
DA:2,13
DA:4,13
DA:5,5
DA:6,5
DA:8,0
DA:9,0
DA:16,13
LF:8
LH:6
BRF:0
BRH:0
end_of_record
TN:
SF:src\api\routes\groups\controllers\searchGroupByName.js
FN:4,(anonymous_0)
FNF:1
FNH:1
FNDA:4,(anonymous_0)
DA:1,13
DA:2,13
DA:4,13
DA:5,4
DA:6,4
DA:8,0
DA:9,0
DA:16,13
LF:8
LH:6
BRF:0
BRH:0
end_of_record
TN:
SF:src\api\routes\groups\services\addMembersToGroup.js
FN:15,(anonymous_0)
FN:21,(anonymous_1)
FN:62,(anonymous_2)
FNF:3
FNH:3
FNDA:16,(anonymous_0)
FNDA:5,(anonymous_1)
FNDA:18,(anonymous_2)
DA:1,13
DA:4,13
DA:7,13
DA:10,13
DA:13,13
DA:15,13
DA:16,16
DA:17,16
DA:18,10
DA:21,13
DA:22,5
DA:23,5
DA:24,5
DA:25,5
DA:26,0
DA:31,5
DA:32,1
DA:37,4
DA:38,4
DA:40,4
DA:41,1
DA:48,3
DA:49,3
DA:54,1
DA:60,2
DA:61,2
DA:62,2
DA:63,18
DA:65,2
DA:66,2
DA:67,5
DA:68,1
DA:74,4
DA:75,4
DA:76,4
DA:78,0
DA:79,0
DA:80,0
DA:81,0
DA:82,0
DA:83,0
DA:85,1
DA:86,1
DA:87,0
DA:89,1
DA:94,0
DA:95,0
DA:102,13
LF:48
LH:38
BRDA:17,0,0,6
BRDA:17,0,1,10
BRDA:17,1,0,16
BRDA:17,1,1,16
BRDA:25,2,0,0
BRDA:25,2,1,5
BRDA:31,3,0,1
BRDA:31,3,1,4
BRDA:31,4,0,5
BRDA:31,4,1,4
BRDA:40,5,0,1
BRDA:40,5,1,3
BRDA:49,6,0,1
BRDA:49,6,1,2
BRDA:50,7,0,3
BRDA:50,7,1,3
BRDA:50,7,2,3
BRDA:67,8,0,1
BRDA:67,8,1,4
BRDA:75,9,0,4
BRDA:75,9,1,0
BRDA:86,10,0,0
BRDA:86,10,1,1
BRF:23
BRH:20
end_of_record
TN:
SF:src\api\routes\groups\services\createGroup.js
FN:10,(anonymous_0)
FNF:1
FNH:1
FNDA:2,(anonymous_0)
DA:1,13
DA:4,13
DA:7,13
DA:8,13
DA:10,13
DA:11,2
DA:12,2
DA:13,2
DA:14,1
DA:19,1
DA:20,1
DA:21,1
DA:22,0
DA:24,1
DA:25,1
DA:33,1
DA:34,0
DA:36,1
DA:41,0
DA:42,0
DA:49,13
LF:21
LH:17
BRDA:13,0,0,1
BRDA:13,0,1,1
BRDA:21,1,0,0
BRDA:21,1,1,1
BRDA:33,2,0,0
BRDA:33,2,1,1
BRF:6
BRH:4
end_of_record
TN:
SF:src\api\routes\groups\services\deleteGroup.js
FN:10,(anonymous_0)
FNF:1
FNH:1
FNDA:4,(anonymous_0)
DA:1,13
DA:4,13
DA:5,13
DA:8,13
DA:10,13
DA:11,4
DA:12,4
DA:13,4
DA:14,1
DA:19,3
DA:20,3
DA:22,3
DA:23,2
DA:29,1
DA:30,1
DA:36,0
DA:37,0
DA:38,0
DA:41,0
DA:42,0
DA:43,0
DA:45,0
DA:50,0
DA:51,0
DA:58,13
LF:25
LH:16
BRDA:13,0,0,1
BRDA:13,0,1,3
BRDA:22,1,0,2
BRDA:22,1,1,1
BRDA:29,2,0,1
BRDA:29,2,1,0
BRDA:29,3,0,1
BRDA:29,3,1,1
BRDA:37,4,0,0
BRDA:37,4,1,0
BRDA:37,5,0,0
BRDA:37,5,1,0
BRDA:42,6,0,0
BRDA:42,6,1,0
BRDA:42,7,0,0
BRDA:42,7,1,0
BRF:16
BRH:7
end_of_record
TN:
SF:src\api\routes\groups\services\index.js
FNF:0
FNH:0
DA:1,13
LF:1
LH:1
BRF:0
BRH:0
end_of_record
TN:
SF:src\api\routes\groups\services\listAllGroups.js
FN:6,(anonymous_0)
FN:16,(anonymous_1)
FNF:2
FNH:2
FNDA:1,(anonymous_0)
FNDA:7,(anonymous_1)
DA:1,13
DA:4,13
DA:6,13
DA:7,1
DA:8,1
DA:9,1
DA:10,0
DA:15,1
DA:16,1
DA:17,7
DA:18,7
DA:19,7
DA:20,7
DA:21,7
DA:22,7
DA:24,1
DA:29,0
DA:30,0
DA:37,13
LF:19
LH:16
BRDA:9,0,0,0
BRDA:9,0,1,1
BRDA:9,1,0,1
BRDA:9,1,1,1
BRDA:9,1,2,1
BRF:5
BRH:4
end_of_record
TN:
SF:src\api\routes\groups\services\removeMemberFromGroup.js
FN:8,(anonymous_0)
FNF:1
FNH:1
FNDA:5,(anonymous_0)
DA:1,13
DA:2,13
DA:5,13
DA:6,13
DA:8,13
DA:9,5
DA:10,5
DA:11,5
DA:12,5
DA:13,0
DA:18,5
DA:19,1
DA:24,4
DA:25,4
DA:27,4
DA:28,1
DA:34,3
DA:35,1
DA:41,2
DA:42,2
DA:43,2
DA:49,0
DA:50,0
DA:51,0
DA:53,0
DA:58,0
DA:59,0
DA:66,13
LF:28
LH:21
BRDA:12,0,0,0
BRDA:12,0,1,5
BRDA:18,1,0,1
BRDA:18,1,1,4
BRDA:27,2,0,1
BRDA:27,2,1,3
BRDA:34,3,0,1
BRDA:34,3,1,2
BRDA:34,4,0,3
BRDA:34,4,1,1
BRDA:42,5,0,2
BRDA:42,5,1,0
BRDA:50,6,0,0
BRDA:50,6,1,0
BRDA:50,7,0,0
BRDA:50,7,1,0
BRF:16
BRH:10
end_of_record
TN:
SF:src\api\routes\groups\services\searchGroupByName.js
FN:6,(anonymous_0)
FN:23,(anonymous_1)
FNF:2
FNH:2
FNDA:4,(anonymous_0)
FNDA:1,(anonymous_1)
DA:1,13
DA:4,13
DA:6,13
DA:7,4
DA:8,4
DA:9,4
DA:10,1
DA:15,3
DA:16,3
DA:17,2
DA:22,1
DA:23,1
DA:24,1
DA:25,1
DA:26,1
DA:27,1
DA:28,1
DA:29,1
DA:31,1
DA:36,0
DA:37,0
DA:44,13
LF:22
LH:20
BRDA:9,0,0,1
BRDA:9,0,1,3
BRDA:16,1,0,2
BRDA:16,1,1,1
BRDA:16,2,0,3
BRDA:16,2,1,3
BRDA:16,2,2,3
BRF:7
BRH:7
end_of_record
TN:
SF:src\api\routes\groups\tests\addMembersToGroup.test.constants.js
FNF:0
FNH:0
DA:1,1
LF:1
LH:1
BRF:0
BRH:0
end_of_record
TN:
SF:src\api\routes\groups\tests\createGroup.test.constants.js
FNF:0
FNH:0
DA:1,1
LF:1
LH:1
BRF:0
BRH:0
end_of_record
TN:
SF:src\api\routes\groups\tests\deleteGroup.test.constants.js
FNF:0
FNH:0
DA:1,1
LF:1
LH:1
BRF:0
BRH:0
end_of_record
TN:
SF:src\api\routes\groups\tests\listAllGroups.test.constants.js
FNF:0
FNH:0
DA:1,1
LF:1
LH:1
BRF:0
BRH:0
end_of_record
TN:
SF:src\api\routes\groups\tests\removeMemberFromGroup.test.constants.js
FNF:0
FNH:0
DA:1,1
LF:1
LH:1
BRF:0
BRH:0
end_of_record
TN:
SF:src\api\routes\groups\tests\searchGroupByName.test.constants.js
FNF:0
FNH:0
DA:1,1
LF:1
LH:1
BRF:0
BRH:0
end_of_record
TN:
SF:src\api\routes\messages\index.js
FNF:0
FNH:0
DA:1,13
DA:8,13
DA:10,13
DA:12,13
DA:14,13
DA:16,13
DA:18,13
DA:20,13
DA:26,13
LF:9
LH:9
BRF:0
BRH:0
end_of_record
TN:
SF:src\api\routes\messages\controllers\deleteMessage.js
FN:4,(anonymous_0)
FNF:1
FNH:0
FNDA:0,(anonymous_0)
DA:1,13
DA:2,13
DA:4,13
DA:5,0
DA:6,0
DA:8,0
DA:9,0
DA:16,13
LF:8
LH:4
BRF:0
BRH:0
end_of_record
TN:
SF:src\api\routes\messages\controllers\getAllMessagesOfGroup.js
FN:4,(anonymous_0)
FNF:1
FNH:1
FNDA:4,(anonymous_0)
DA:1,13
DA:2,13
DA:4,13
DA:5,4
DA:6,4
DA:8,0
DA:9,0
DA:16,13
LF:8
LH:6
BRF:0
BRH:0
end_of_record
TN:
SF:src\api\routes\messages\controllers\index.js
FNF:0
FNH:0
DA:1,13
LF:1
LH:1
BRF:0
BRH:0
end_of_record
TN:
SF:src\api\routes\messages\controllers\likeMessage.js
FN:4,(anonymous_0)
FNF:1
FNH:1
FNDA:2,(anonymous_0)
DA:1,13
DA:2,13
DA:4,13
DA:5,2
DA:6,2
DA:8,0
DA:9,0
DA:16,13
LF:8
LH:6
BRF:0
BRH:0
end_of_record
TN:
SF:src\api\routes\messages\controllers\sendMessage.js
FN:4,(anonymous_0)
FNF:1
FNH:1
FNDA:4,(anonymous_0)
DA:1,13
DA:2,13
DA:4,13
DA:5,4
DA:6,4
DA:8,0
DA:9,0
DA:16,13
LF:8
LH:6
BRF:0
BRH:0
end_of_record
TN:
SF:src\api\routes\messages\services\deleteMessage.js
FN:12,(anonymous_0)
FN:18,(anonymous_1)
FNF:2
FNH:0
FNDA:0,(anonymous_0)
FNDA:0,(anonymous_1)
DA:1,13
DA:2,13
DA:5,13
DA:6,13
DA:9,13
DA:10,13
DA:12,13
DA:13,0
DA:14,0
DA:15,0
DA:18,13
DA:19,0
DA:20,0
DA:21,0
DA:22,0
DA:27,0
DA:28,0
DA:30,0
DA:31,0
DA:37,0
DA:38,0
DA:39,0
DA:45,0
DA:46,0
DA:47,0
DA:53,0
DA:54,0
DA:55,0
DA:61,0
DA:62,0
DA:63,0
DA:66,0
DA:67,0
DA:68,0
DA:70,0
DA:75,0
DA:76,0
DA:83,13
LF:38
LH:9
BRDA:14,0,0,0
BRDA:14,0,1,0
BRDA:14,1,0,0
BRDA:14,1,1,0
BRDA:14,1,2,0
BRDA:15,2,0,0
BRDA:15,2,1,0
BRDA:21,3,0,0
BRDA:21,3,1,0
BRDA:21,4,0,0
BRDA:21,4,1,0
BRDA:30,5,0,0
BRDA:30,5,1,0
BRDA:38,6,0,0
BRDA:38,6,1,0
BRDA:38,7,0,0
BRDA:38,7,1,0
BRDA:46,8,0,0
BRDA:46,8,1,0
BRDA:46,9,0,0
BRDA:46,9,1,0
BRDA:46,9,2,0
BRDA:54,10,0,0
BRDA:54,10,1,0
BRDA:54,11,0,0
BRDA:54,11,1,0
BRDA:54,11,2,0
BRDA:62,12,0,0
BRDA:62,12,1,0
BRDA:67,13,0,0
BRDA:67,13,1,0
BRF:31
BRH:0
end_of_record
TN:
SF:src\api\routes\messages\services\getAllMessagesOfGroup.js
FN:8,(anonymous_0)
FN:47,(anonymous_1)
FNF:2
FNH:2
FNDA:4,(anonymous_0)
FNDA:3,(anonymous_1)
DA:1,13
DA:2,13
DA:5,13
DA:6,13
DA:8,13
DA:9,4
DA:10,4
DA:11,4
DA:12,0
DA:17,4
DA:18,4
DA:20,4
DA:21,1
DA:27,3
DA:28,3
DA:29,1
DA:36,2
DA:39,2
DA:40,2
DA:41,1
DA:46,1
DA:47,1
DA:48,3
DA:49,3
DA:50,3
DA:51,3
DA:52,3
DA:53,3
DA:54,3
DA:55,3
DA:57,1
DA:62,0
DA:63,0
DA:70,13
LF:34
LH:31
BRDA:11,0,0,0
BRDA:11,0,1,4
BRDA:20,1,0,1
BRDA:20,1,1,3
BRDA:28,2,0,1
BRDA:28,2,1,2
BRDA:28,3,0,3
BRDA:28,3,1,1
BRDA:40,4,0,1
BRDA:40,4,1,1
BRDA:40,5,0,2
BRDA:40,5,1,2
BRDA:40,5,2,2
BRF:13
BRH:12
end_of_record
TN:
SF:src\api\routes\messages\services\index.js
FNF:0
FNH:0
DA:1,13
LF:1
LH:1
BRF:0
BRH:0
end_of_record
TN:
SF:src\api\routes\messages\services\likeMessage.js
FN:15,(anonymous_0)
FNF:1
FNH:1
FNDA:2,(anonymous_0)
DA:1,13
DA:4,13
DA:5,13
DA:6,13
DA:9,13
DA:12,13
DA:13,13
DA:15,13
DA:16,2
DA:17,2
DA:18,2
DA:19,0
DA:24,2
DA:25,2
DA:27,2
DA:28,0
DA:34,2
DA:35,2
DA:36,1
DA:42,1
DA:43,1
DA:44,0
DA:50,1
DA:51,1
DA:52,0
DA:58,1
DA:62,1
DA:63,0
DA:66,1
DA:67,1
DA:68,0
DA:70,1
DA:75,0
DA:76,0
DA:83,13
LF:35
LH:27
BRDA:18,0,0,0
BRDA:18,0,1,2
BRDA:18,1,0,2
BRDA:18,1,1,2
BRDA:27,2,0,0
BRDA:27,2,1,2
BRDA:35,3,0,1
BRDA:35,3,1,1
BRDA:35,4,0,2
BRDA:35,4,1,1
BRDA:43,5,0,0
BRDA:43,5,1,1
BRDA:43,6,0,1
BRDA:43,6,1,1
BRDA:43,6,2,1
BRDA:51,7,0,0
BRDA:51,7,1,1
BRDA:51,8,0,1
BRDA:51,8,1,1
BRDA:62,9,0,0
BRDA:62,9,1,1
BRDA:67,10,0,0
BRDA:67,10,1,1
BRF:23
BRH:17
end_of_record
TN:
SF:src\api\routes\messages\services\sendMessage.js
FN:10,(anonymous_0)
FNF:1
FNH:1
FNDA:4,(anonymous_0)
DA:1,13
DA:4,13
DA:7,13
DA:8,13
DA:10,13
DA:11,4
DA:12,4
DA:13,4
DA:14,4
DA:15,1
DA:20,3
DA:21,3
DA:23,3
DA:24,1
DA:30,2
DA:31,2
DA:32,1
DA:38,1
DA:44,1
DA:45,0
DA:47,1
DA:52,0
DA:53,0
DA:60,13
LF:24
LH:21
BRDA:14,0,0,1
BRDA:14,0,1,3
BRDA:14,1,0,4
BRDA:14,1,1,4
BRDA:23,2,0,1
BRDA:23,2,1,2
BRDA:31,3,0,1
BRDA:31,3,1,1
BRDA:31,4,0,2
BRDA:31,4,1,1
BRDA:44,5,0,0
BRDA:44,5,1,1
BRF:12
BRH:11
end_of_record
TN:
SF:src\api\routes\messages\tests\getAllMessagesOfGroup.test.constants.js
FNF:0
FNH:0
DA:1,1
LF:1
LH:1
BRF:0
BRH:0
end_of_record
TN:
SF:src\api\routes\messages\tests\likeMessage.test.constants.js
FNF:0
FNH:0
DA:1,1
LF:1
LH:1
BRF:0
BRH:0
end_of_record
TN:
SF:src\api\routes\messages\tests\sendMessage.test.constants.js
FNF:0
FNH:0
DA:1,1
LF:1
LH:1
BRF:0
BRH:0
end_of_record
TN:
SF:src\config\index.js
FNF:0
FNH:0
DA:1,13
LF:1
LH:1
BRF:0
BRH:0
end_of_record
TN:
SF:src\lib\Logger.js
FN:9,(anonymous_0)
FN:35,(anonymous_1)
FN:49,(anonymous_2)
FN:54,(anonymous_3)
FN:59,(anonymous_4)
FNF:5
FNH:3
FNDA:13,(anonymous_0)
FNDA:81,(anonymous_1)
FNDA:81,(anonymous_2)
FNDA:0,(anonymous_3)
FNDA:0,(anonymous_4)
DA:1,13
DA:2,13
DA:3,13
DA:4,13
DA:10,13
DA:11,0
DA:24,13
DA:36,81
DA:37,0
DA:38,0
DA:40,0
DA:46,81
DA:50,81
DA:51,81
DA:55,0
DA:56,0
DA:60,0
DA:61,0
DA:65,13
LF:19
LH:11
BRDA:10,0,0,0
BRDA:10,0,1,13
BRDA:25,1,0,13
BRDA:25,1,1,13
BRDA:36,2,0,0
BRDA:36,2,1,81
BRDA:36,3,0,81
BRDA:36,3,1,0
BRDA:37,4,0,0
BRDA:37,4,1,0
BRDA:38,5,0,0
BRDA:38,5,1,0
BRDA:49,6,0,1
BRDA:50,7,0,13
BRDA:50,7,1,68
BRDA:54,8,0,0
BRDA:55,9,0,0
BRDA:55,9,1,0
BRDA:59,10,0,0
BRDA:60,11,0,0
BRDA:60,11,1,0
BRF:21
BRH:8
end_of_record
TN:
SF:src\models\GroupMembers.js
FN:1,(anonymous_0)
FNF:1
FNH:1
FNDA:13,(anonymous_0)
DA:1,13
DA:2,13
DA:33,13
LF:3
LH:3
BRF:0
BRH:0
end_of_record
TN:
SF:src\models\Groups.js
FN:3,(anonymous_0)
FNF:1
FNH:1
FNDA:13,(anonymous_0)
DA:1,13
DA:3,13
DA:4,13
DA:36,13
LF:4
LH:4
BRF:0
BRH:0
end_of_record
TN:
SF:src\models\MessageLikes.js
FN:3,(anonymous_0)
FNF:1
FNH:1
FNDA:13,(anonymous_0)
DA:1,13
DA:3,13
DA:4,13
DA:31,13
DA:32,13
LF:5
LH:5
BRF:0
BRH:0
end_of_record
TN:
SF:src\models\Messages.js
FN:3,(anonymous_0)
FNF:1
FNH:1
FNDA:13,(anonymous_0)
DA:1,13
DA:3,13
DA:4,13
DA:44,13
LF:4
LH:4
BRF:0
BRH:0
end_of_record
TN:
SF:src\models\Users.js
FN:3,(anonymous_0)
FNF:1
FNH:1
FNDA:13,(anonymous_0)
DA:1,13
DA:3,13
DA:4,13
DA:57,13
LF:4
LH:4
BRF:0
BRH:0
end_of_record
TN:
SF:src\models\index.js
FN:32,(anonymous_0)
FN:33,(anonymous_1)
FN:39,(anonymous_2)
FN:42,(anonymous_3)
FN:53,(anonymous_4)
FNF:5
FNH:4
FNDA:13,(anonymous_0)
FNDA:0,(anonymous_1)
FNDA:78,(anonymous_2)
FNDA:65,(anonymous_3)
FNDA:65,(anonymous_4)
DA:1,13
DA:2,13
DA:3,13
DA:4,13
DA:6,13
DA:9,13
DA:11,13
DA:13,13
DA:23,13
DA:30,13
DA:32,13
DA:34,0
DA:37,13
DA:40,78
DA:43,65
DA:47,65
DA:48,65
DA:49,65
DA:53,13
DA:54,65
DA:55,0
DA:59,13
DA:61,13
LF:23
LH:21
BRDA:40,0,0,78
BRDA:40,0,1,78
BRDA:40,0,2,65
BRDA:48,1,0,65
BRDA:48,1,1,0
BRDA:48,2,0,65
BRDA:48,2,1,65
BRDA:54,3,0,0
BRDA:54,3,1,65
BRF:9
BRH:7
end_of_record
TN:
SF:src\repositories\deleteAllGroupMembers.js
FN:3,(anonymous_0)
FNF:1
FNH:0
FNDA:0,(anonymous_0)
DA:1,13
DA:3,13
DA:4,0
DA:15,13
LF:4
LH:3
BRF:0
BRH:0
end_of_record
TN:
SF:src\repositories\deleteGroup.js
FN:3,(anonymous_0)
FNF:1
FNH:0
FNDA:0,(anonymous_0)
DA:1,13
DA:3,13
DA:4,0
DA:15,13
LF:4
LH:3
BRF:0
BRH:0
end_of_record
TN:
SF:src\repositories\deleteMessage.js
FN:3,(anonymous_0)
FNF:1
FNH:0
FNDA:0,(anonymous_0)
DA:1,13
DA:3,13
DA:4,0
DA:15,13
LF:4
LH:3
BRF:0
BRH:0
end_of_record
TN:
SF:src\repositories\deleteOneMember.js
FN:3,(anonymous_0)
FNF:1
FNH:0
FNDA:0,(anonymous_0)
DA:1,13
DA:3,13
DA:4,0
DA:16,13
LF:4
LH:3
BRF:0
BRH:0
end_of_record
TN:
SF:src\repositories\fetchAllGroupsFromDb.js
FN:3,(anonymous_0)
FNF:1
FNH:1
FNDA:1,(anonymous_0)
DA:1,13
DA:3,13
DA:4,1
DA:7,13
LF:4
LH:4
BRF:0
BRH:0
end_of_record
TN:
SF:src\repositories\fetchGroupDetails.js
FN:3,(anonymous_0)
FNF:1
FNH:1
FNDA:20,(anonymous_0)
DA:1,13
DA:3,13
DA:4,20
DA:12,20
DA:15,13
LF:5
LH:5
BRF:0
BRH:0
end_of_record
TN:
SF:src\repositories\getAllValidUsers.js
FN:3,(anonymous_0)
FNF:1
FNH:1
FNDA:2,(anonymous_0)
DA:1,13
DA:3,13
DA:4,2
DA:12,13
LF:4
LH:4
BRF:0
BRH:0
end_of_record
TN:
SF:src\repositories\getGroupIdFromNameAndCreator.js
FN:3,(anonymous_0)
FNF:1
FNH:1
FNDA:1,(anonymous_0)
DA:1,13
DA:3,13
DA:4,1
DA:15,13
LF:4
LH:4
BRF:0
BRH:0
end_of_record
TN:
SF:src\repositories\getGroupMemberDetails.js
FN:3,(anonymous_0)
FNF:1
FNH:1
FNDA:16,(anonymous_0)
DA:1,13
DA:3,13
DA:4,16
DA:15,13
LF:4
LH:4
BRF:0
BRH:0
end_of_record
TN:
SF:src\repositories\getMessageData.js
FN:3,(anonymous_0)
FNF:1
FNH:1
FNDA:1,(anonymous_0)
DA:1,13
DA:3,13
DA:4,1
DA:13,13
LF:4
LH:4
BRF:0
BRH:0
end_of_record
TN:
SF:src\repositories\getMessageSenderId.js
FN:3,(anonymous_0)
FNF:1
FNH:0
FNDA:0,(anonymous_0)
DA:1,13
DA:3,13
DA:4,0
DA:14,13
LF:4
LH:3
BRF:0
BRH:0
end_of_record
TN:
SF:src\repositories\getMsgLikeData.js
FN:3,(anonymous_0)
FNF:1
FNH:1
FNDA:1,(anonymous_0)
DA:1,13
DA:3,13
DA:4,1
DA:14,13
LF:4
LH:4
BRF:0
BRH:0
end_of_record
TN:
SF:src\repositories\getUserIdFromEmail.js
FN:3,(anonymous_0)
FNF:1
FNH:1
FNDA:3,(anonymous_0)
DA:1,13
DA:3,13
DA:4,3
DA:11,3
DA:14,13
LF:5
LH:5
BRF:0
BRH:0
end_of_record
TN:
SF:src\repositories\getUserLoginData.js
FN:3,(anonymous_0)
FN:21,(anonymous_1)
FNF:2
FNH:2
FNDA:24,(anonymous_0)
FNDA:27,(anonymous_1)
DA:1,13
DA:3,13
DA:4,24
DA:12,24
DA:13,1
DA:15,23
DA:16,23
DA:17,23
DA:18,23
DA:21,13
DA:22,27
DA:30,27
DA:31,3
DA:33,24
DA:36,13
LF:15
LH:15
BRDA:12,0,0,1
BRDA:12,0,1,23
BRDA:12,1,0,24
BRDA:12,1,1,24
BRDA:12,1,2,24
BRDA:30,2,0,3
BRDA:30,2,1,24
BRDA:30,3,0,27
BRDA:30,3,1,27
BRDA:30,3,2,27
BRF:10
BRH:10
end_of_record
TN:
SF:src\repositories\insertInLikesTable.js
FN:3,(anonymous_0)
FNF:1
FNH:1
FNDA:1,(anonymous_0)
DA:1,13
DA:3,13
DA:4,1
DA:7,13
LF:4
LH:4
BRF:0
BRH:0
end_of_record
TN:
SF:src\repositories\insertMembersToGroup.js
FN:3,(anonymous_0)
FNF:1
FNH:1
FNDA:2,(anonymous_0)
DA:1,13
DA:3,13
DA:4,2
DA:7,13
LF:4
LH:4
BRF:0
BRH:0
end_of_record
TN:
SF:src\repositories\insertNewGroup.js
FN:3,(anonymous_0)
FNF:1
FNH:1
FNDA:1,(anonymous_0)
DA:1,13
DA:3,13
DA:7,1
DA:13,13
LF:4
LH:4
BRF:0
BRH:0
end_of_record
TN:
SF:src\repositories\insertNewMessage.js
FN:3,(anonymous_0)
FNF:1
FNH:1
FNDA:1,(anonymous_0)
DA:1,13
DA:3,13
DA:4,1
DA:7,13
LF:4
LH:4
BRF:0
BRH:0
end_of_record
TN:
SF:src\repositories\insertNewUser.js
FN:3,(anonymous_0)
FNF:1
FNH:1
FNDA:1,(anonymous_0)
DA:1,13
DA:3,13
DA:10,1
DA:20,13
LF:4
LH:4
BRF:0
BRH:0
end_of_record
TN:
SF:src\repositories\removeLikes.js
FN:3,(anonymous_0)
FNF:1
FNH:0
FNDA:0,(anonymous_0)
DA:1,13
DA:3,13
DA:4,0
DA:15,13
LF:4
LH:3
BRF:0
BRH:0
end_of_record
TN:
SF:src\repositories\searchByGroupName.js
FN:4,(anonymous_0)
FNF:1
FNH:1
FNDA:3,(anonymous_0)
DA:1,13
DA:2,13
DA:4,13
DA:5,3
DA:17,13
LF:5
LH:5
BRF:0
BRH:0
end_of_record
TN:
SF:src\repositories\updateMessageLikes.js
FN:3,(anonymous_0)
FNF:1
FNH:1
FNDA:1,(anonymous_0)
DA:1,13
DA:3,13
DA:4,1
DA:13,13
LF:4
LH:4
BRF:0
BRH:0
end_of_record
TN:
SF:src\repositories\updateUserData.js
FN:4,(anonymous_0)
FNF:1
FNH:1
FNDA:1,(anonymous_0)
DA:1,13
DA:2,13
DA:4,13
DA:5,1
DA:12,13
LF:5
LH:5
BRF:0
BRH:0
end_of_record
